running develop
running egg_info
creating loc_and_nav.egg-info
writing loc_and_nav.egg-info/PKG-INFO
writing dependency_links to loc_and_nav.egg-info/dependency_links.txt
writing entry points to loc_and_nav.egg-info/entry_points.txt
writing requirements to loc_and_nav.egg-info/requires.txt
writing top-level names to loc_and_nav.egg-info/top_level.txt
writing manifest file 'loc_and_nav.egg-info/SOURCES.txt'
reading manifest file 'loc_and_nav.egg-info/SOURCES.txt'
writing manifest file 'loc_and_nav.egg-info/SOURCES.txt'
running build_ext
Creating /home/luca/AMR_project/task3/install/loc_and_nav/lib/python3.8/site-packages/site.py
Creating /home/luca/AMR_project/task3/install/loc_and_nav/lib/python3.8/site-packages/loc-and-nav.egg-link (link to .)
Installing loc_and_nav script to /home/luca/AMR_project/task3/install/loc_and_nav/lib/loc_and_nav
Installing localization script to /home/luca/AMR_project/task3/install/loc_and_nav/lib/loc_and_nav
Installing nav_to_pose script to /home/luca/AMR_project/task3/install/loc_and_nav/lib/loc_and_nav

Installed /home/luca/AMR_project/task3/build/loc_and_nav
running install_data
creating /home/luca/AMR_project/task3/install/loc_and_nav/share/ament_index
creating /home/luca/AMR_project/task3/install/loc_and_nav/share/ament_index/resource_index
creating /home/luca/AMR_project/task3/install/loc_and_nav/share/ament_index/resource_index/packages
copying resource/loc_and_nav -> /home/luca/AMR_project/task3/install/loc_and_nav/share/ament_index/resource_index/packages
copying package.xml -> /home/luca/AMR_project/task3/install/loc_and_nav/share/loc_and_nav
copying launch/task3.launch.py -> /home/luca/AMR_project/task3/install/loc_and_nav/share/loc_and_nav
