[1.647s] Invoking command in '/home/luca/AMR_project/task3/build/loc_and_nav': PYTHONPATH=/home/luca/AMR_project/task3/build/loc_and_nav/prefix_override:/home/luca/AMR_project/task3/install/loc_and_nav/lib/python3.8/site-packages:${PYTHONPATH} /usr/bin/python3 setup.py develop --editable --build-directory /home/luca/AMR_project/task3/build/loc_and_nav/build --no-deps install_data
[2.295s] running develop
[2.692s] running egg_info
[2.693s] creating loc_and_nav.egg-info
[2.693s] writing loc_and_nav.egg-info/PKG-INFO
[2.693s] writing dependency_links to loc_and_nav.egg-info/dependency_links.txt
[2.695s] writing entry points to loc_and_nav.egg-info/entry_points.txt
[2.695s] writing requirements to loc_and_nav.egg-info/requires.txt
[2.695s] writing top-level names to loc_and_nav.egg-info/top_level.txt
[2.698s] writing manifest file 'loc_and_nav.egg-info/SOURCES.txt'
[2.856s] reading manifest file 'loc_and_nav.egg-info/SOURCES.txt'
[2.859s] writing manifest file 'loc_and_nav.egg-info/SOURCES.txt'
[3.058s] running build_ext
[3.061s] Creating /home/luca/AMR_project/task3/install/loc_and_nav/lib/python3.8/site-packages/site.py
[3.086s] Creating /home/luca/AMR_project/task3/install/loc_and_nav/lib/python3.8/site-packages/loc-and-nav.egg-link (link to .)
[3.090s] Installing loc_and_nav script to /home/luca/AMR_project/task3/install/loc_and_nav/lib/loc_and_nav
[3.102s] Installing localization script to /home/luca/AMR_project/task3/install/loc_and_nav/lib/loc_and_nav
[3.102s] Installing nav_to_pose script to /home/luca/AMR_project/task3/install/loc_and_nav/lib/loc_and_nav
[3.103s] 
[3.104s] Installed /home/luca/AMR_project/task3/build/loc_and_nav
[3.104s] running install_data
[3.104s] creating /home/luca/AMR_project/task3/install/loc_and_nav/share/ament_index
[3.104s] creating /home/luca/AMR_project/task3/install/loc_and_nav/share/ament_index/resource_index
[3.104s] creating /home/luca/AMR_project/task3/install/loc_and_nav/share/ament_index/resource_index/packages
[3.104s] copying resource/loc_and_nav -> /home/luca/AMR_project/task3/install/loc_and_nav/share/ament_index/resource_index/packages
[3.110s] copying package.xml -> /home/luca/AMR_project/task3/install/loc_and_nav/share/loc_and_nav
[3.110s] copying launch/task3.launch.py -> /home/luca/AMR_project/task3/install/loc_and_nav/share/loc_and_nav
[3.228s] Invoked command in '/home/luca/AMR_project/task3/build/loc_and_nav' returned '0': PYTHONPATH=/home/luca/AMR_project/task3/build/loc_and_nav/prefix_override:/home/luca/AMR_project/task3/install/loc_and_nav/lib/python3.8/site-packages:${PYTHONPATH} /usr/bin/python3 setup.py develop --editable --build-directory /home/luca/AMR_project/task3/build/loc_and_nav/build --no-deps install_data
