[1.755s] Invoking command in '/home/luca/DAS_ros2_files/task2/build/task2': PYTHONPATH=/home/luca/DAS_ros2_files/task2/build/task2/prefix_override:/home/luca/DAS_ros2_files/task2/install/task2/lib/python3.8/site-packages:${PYTHONPATH} /usr/bin/python3 setup.py develop --editable --build-directory /home/luca/DAS_ros2_files/task2/build/task2/build --no-deps install_data
[2.378s] running develop
[2.738s] running egg_info
[2.739s] writing task2.egg-info/PKG-INFO
[2.741s] writing dependency_links to task2.egg-info/dependency_links.txt
[2.741s] writing entry points to task2.egg-info/entry_points.txt
[2.742s] writing requirements to task2.egg-info/requires.txt
[2.742s] writing top-level names to task2.egg-info/top_level.txt
[2.864s] reading manifest file 'task2.egg-info/SOURCES.txt'
[2.866s] writing manifest file 'task2.egg-info/SOURCES.txt'
[3.007s] running build_ext
[3.007s] Creating /home/luca/DAS_ros2_files/task2/install/task2/lib/python3.8/site-packages/task2.egg-link (link to .)
[3.007s] Installing goal_visualizer script to /home/luca/DAS_ros2_files/task2/install/task2/lib/task2
[3.009s] Installing line_visualizer script to /home/luca/DAS_ros2_files/task2/install/task2/lib/task2
[3.009s] Installing the_agent_collision script to /home/luca/DAS_ros2_files/task2/install/task2/lib/task2
[3.010s] Installing the_agent_complete script to /home/luca/DAS_ros2_files/task2/install/task2/lib/task2
[3.010s] Installing the_agent_formation script to /home/luca/DAS_ros2_files/task2/install/task2/lib/task2
[3.011s] Installing the_agent_leader_follower script to /home/luca/DAS_ros2_files/task2/install/task2/lib/task2
[3.011s] Installing visualizer script to /home/luca/DAS_ros2_files/task2/install/task2/lib/task2
[3.011s] 
[3.011s] Installed /home/luca/DAS_ros2_files/task2/build/task2
[3.012s] running install_data
[3.012s] copying launch/task2_collision.launch.py -> /home/luca/DAS_ros2_files/task2/install/task2/share/task2
[3.101s] Invoked command in '/home/luca/DAS_ros2_files/task2/build/task2' returned '0': PYTHONPATH=/home/luca/DAS_ros2_files/task2/build/task2/prefix_override:/home/luca/DAS_ros2_files/task2/install/task2/lib/python3.8/site-packages:${PYTHONPATH} /usr/bin/python3 setup.py develop --editable --build-directory /home/luca/DAS_ros2_files/task2/build/task2/build --no-deps install_data
