[1.730s] Invoking command in '/home/luca/DAS_ros2_files/task2/build/task2': PYTHONPATH=/home/luca/DAS_ros2_files/task2/build/task2/prefix_override:/home/luca/DAS_ros2_files/task2/install/task2/lib/python3.8/site-packages:${PYTHONPATH} /usr/bin/python3 setup.py develop --editable --build-directory /home/luca/DAS_ros2_files/task2/build/task2/build --no-deps install_data
[2.268s] running develop
[2.668s] running egg_info
[2.672s] writing task2.egg-info/PKG-INFO
[2.672s] writing dependency_links to task2.egg-info/dependency_links.txt
[2.672s] writing entry points to task2.egg-info/entry_points.txt
[2.673s] writing requirements to task2.egg-info/requires.txt
[2.673s] writing top-level names to task2.egg-info/top_level.txt
[2.775s] reading manifest file 'task2.egg-info/SOURCES.txt'
[2.777s] writing manifest file 'task2.egg-info/SOURCES.txt'
[2.889s] running build_ext
[2.891s] Creating /home/luca/DAS_ros2_files/task2/install/task2/lib/python3.8/site-packages/task2.egg-link (link to .)
[2.894s] Installing goal_visualizer script to /home/luca/DAS_ros2_files/task2/install/task2/lib/task2
[2.894s] Installing line_visualizer script to /home/luca/DAS_ros2_files/task2/install/task2/lib/task2
[2.894s] Installing the_agent_collision script to /home/luca/DAS_ros2_files/task2/install/task2/lib/task2
[2.895s] Installing the_agent_complete script to /home/luca/DAS_ros2_files/task2/install/task2/lib/task2
[2.896s] Installing the_agent_formation script to /home/luca/DAS_ros2_files/task2/install/task2/lib/task2
[2.896s] Installing the_agent_leader_follower script to /home/luca/DAS_ros2_files/task2/install/task2/lib/task2
[2.897s] Installing visualizer script to /home/luca/DAS_ros2_files/task2/install/task2/lib/task2
[2.930s] 
[2.931s] Installed /home/luca/DAS_ros2_files/task2/build/task2
[2.931s] running install_data
[2.931s] copying launch/task2_collision.launch.py -> /home/luca/DAS_ros2_files/task2/install/task2/share/task2
[2.963s] Invoked command in '/home/luca/DAS_ros2_files/task2/build/task2' returned '0': PYTHONPATH=/home/luca/DAS_ros2_files/task2/build/task2/prefix_override:/home/luca/DAS_ros2_files/task2/install/task2/lib/python3.8/site-packages:${PYTHONPATH} /usr/bin/python3 setup.py develop --editable --build-directory /home/luca/DAS_ros2_files/task2/build/task2/build --no-deps install_data
