[1.932s] Invoking command in '/home/luca/DAS_ros2_files/task2/build/task2': PYTHONPATH=/home/luca/DAS_ros2_files/task2/build/task2/prefix_override:/home/luca/DAS_ros2_files/task2/install/task2/lib/python3.8/site-packages:${PYTHONPATH} /usr/bin/python3 setup.py develop --editable --build-directory /home/luca/DAS_ros2_files/task2/build/task2/build --no-deps install_data
[2.610s] running develop
[3.039s] running egg_info
[3.040s] writing task2.egg-info/PKG-INFO
[3.042s] writing dependency_links to task2.egg-info/dependency_links.txt
[3.045s] writing entry points to task2.egg-info/entry_points.txt
[3.047s] writing requirements to task2.egg-info/requires.txt
[3.048s] writing top-level names to task2.egg-info/top_level.txt
[3.135s] reading manifest file 'task2.egg-info/SOURCES.txt'
[3.138s] writing manifest file 'task2.egg-info/SOURCES.txt'
[3.229s] running build_ext
[3.231s] Creating /home/luca/DAS_ros2_files/task2/install/task2/lib/python3.8/site-packages/task2.egg-link (link to .)
[3.233s] Installing goal_visualizer script to /home/luca/DAS_ros2_files/task2/install/task2/lib/task2
[3.235s] Installing line_visualizer script to /home/luca/DAS_ros2_files/task2/install/task2/lib/task2
[3.237s] Installing the_agent_collision script to /home/luca/DAS_ros2_files/task2/install/task2/lib/task2
[3.240s] Installing the_agent_formation script to /home/luca/DAS_ros2_files/task2/install/task2/lib/task2
[3.240s] Installing the_agent_leader_follower script to /home/luca/DAS_ros2_files/task2/install/task2/lib/task2
[3.241s] Installing visualizer script to /home/luca/DAS_ros2_files/task2/install/task2/lib/task2
[3.244s] 
[3.244s] Installed /home/luca/DAS_ros2_files/task2/build/task2
[3.244s] running install_data
[3.245s] copying launch/task2_leader_follower.launch.py -> /home/luca/DAS_ros2_files/task2/install/task2/share/task2
[3.294s] Invoked command in '/home/luca/DAS_ros2_files/task2/build/task2' returned '0': PYTHONPATH=/home/luca/DAS_ros2_files/task2/build/task2/prefix_override:/home/luca/DAS_ros2_files/task2/install/task2/lib/python3.8/site-packages:${PYTHONPATH} /usr/bin/python3 setup.py develop --editable --build-directory /home/luca/DAS_ros2_files/task2/build/task2/build --no-deps install_data
