[0.559s] DEBUG:colcon:Command line arguments: ['/usr/bin/colcon', 'build', '--symlink-install']
[0.559s] DEBUG:colcon:Parsed command line arguments: Namespace(allow_overriding=[], ament_cmake_args=None, base_paths=['.'], build_base='build', catkin_cmake_args=None, catkin_skip_building_tests=False, cmake_args=None, cmake_clean_cache=False, cmake_clean_first=False, cmake_force_configure=False, cmake_target=None, cmake_target_skip_unavailable=False, continue_on_error=False, event_handlers=None, executor='parallel', ignore_user_meta=False, install_base='install', log_base=None, log_level=None, main=<bound method BuildVerb.main of <colcon_core.verb.build.BuildVerb object at 0x7f26bc5d4c40>>, merge_install=False, metas=['./colcon.meta'], packages_above=None, packages_above_and_dependencies=None, packages_above_depth=None, packages_end=None, packages_ignore=None, packages_ignore_regex=None, packages_select=None, packages_select_build_failed=False, packages_select_by_dep=None, packages_select_regex=None, packages_select_test_failures=False, packages_skip=None, packages_skip_build_finished=False, packages_skip_by_dep=None, packages_skip_regex=None, packages_skip_test_passed=False, packages_skip_up_to=None, packages_start=None, packages_up_to=None, packages_up_to_regex=None, parallel_workers=2, paths=None, symlink_install=True, test_result_base=None, verb_extension=<colcon_core.verb.build.BuildVerb object at 0x7f26bc5d4c40>, verb_name='build', verb_parser=<colcon_defaults.argument_parser.defaults.DefaultArgumentsDecorator object at 0x7f26bc5dd1f0>)
[0.601s] Level 1:colcon.colcon_core.package_discovery:discover_packages(colcon_meta) check parameters
[0.601s] Level 1:colcon.colcon_core.package_discovery:discover_packages(recursive) check parameters
[0.602s] Level 1:colcon.colcon_core.package_discovery:discover_packages(ignore) check parameters
[0.602s] Level 1:colcon.colcon_core.package_discovery:discover_packages(path) check parameters
[0.602s] Level 1:colcon.colcon_core.package_discovery:discover_packages(colcon_meta) discover
[0.602s] Level 1:colcon.colcon_core.package_discovery:discover_packages(recursive) discover
[0.602s] INFO:colcon.colcon_core.package_discovery:Crawling recursively for packages in '/home/luca/AMR_project/task3'
[0.602s] Level 1:colcon.colcon_core.package_identification:_identify(.) by extensions ['ignore', 'ignore_ament_install']
[0.602s] Level 1:colcon.colcon_core.package_identification:_identify(.) by extension 'ignore'
[0.602s] Level 1:colcon.colcon_core.package_identification:_identify(.) by extension 'ignore_ament_install'
[0.602s] Level 1:colcon.colcon_core.package_identification:_identify(.) by extensions ['colcon_pkg']
[0.602s] Level 1:colcon.colcon_core.package_identification:_identify(.) by extension 'colcon_pkg'
[0.603s] Level 1:colcon.colcon_core.package_identification:_identify(.) by extensions ['colcon_meta']
[0.603s] Level 1:colcon.colcon_core.package_identification:_identify(.) by extension 'colcon_meta'
[0.603s] Level 1:colcon.colcon_core.package_identification:_identify(.) by extensions ['ros']
[0.603s] Level 1:colcon.colcon_core.package_identification:_identify(.) by extension 'ros'
[0.634s] Level 1:colcon.colcon_core.package_identification:_identify(.) by extensions ['cmake', 'python']
[0.634s] Level 1:colcon.colcon_core.package_identification:_identify(.) by extension 'cmake'
[0.634s] Level 1:colcon.colcon_core.package_identification:_identify(.) by extension 'python'
[0.634s] Level 1:colcon.colcon_core.package_identification:_identify(.) by extensions ['python_setup_py']
[0.634s] Level 1:colcon.colcon_core.package_identification:_identify(.) by extension 'python_setup_py'
[0.634s] Level 1:colcon.colcon_core.package_identification:_identify(build) by extensions ['ignore', 'ignore_ament_install']
[0.634s] Level 1:colcon.colcon_core.package_identification:_identify(build) by extension 'ignore'
[0.634s] Level 1:colcon.colcon_core.package_identification:_identify(build) ignored
[0.635s] Level 1:colcon.colcon_core.package_identification:_identify(install) by extensions ['ignore', 'ignore_ament_install']
[0.635s] Level 1:colcon.colcon_core.package_identification:_identify(install) by extension 'ignore'
[0.635s] Level 1:colcon.colcon_core.package_identification:_identify(install) ignored
[0.635s] Level 1:colcon.colcon_core.package_identification:_identify(log) by extensions ['ignore', 'ignore_ament_install']
[0.635s] Level 1:colcon.colcon_core.package_identification:_identify(log) by extension 'ignore'
[0.635s] Level 1:colcon.colcon_core.package_identification:_identify(log) ignored
[0.636s] Level 1:colcon.colcon_core.package_identification:_identify(src) by extensions ['ignore', 'ignore_ament_install']
[0.636s] Level 1:colcon.colcon_core.package_identification:_identify(src) by extension 'ignore'
[0.636s] Level 1:colcon.colcon_core.package_identification:_identify(src) by extension 'ignore_ament_install'
[0.636s] Level 1:colcon.colcon_core.package_identification:_identify(src) by extensions ['colcon_pkg']
[0.637s] Level 1:colcon.colcon_core.package_identification:_identify(src) by extension 'colcon_pkg'
[0.637s] Level 1:colcon.colcon_core.package_identification:_identify(src) by extensions ['colcon_meta']
[0.637s] Level 1:colcon.colcon_core.package_identification:_identify(src) by extension 'colcon_meta'
[0.637s] Level 1:colcon.colcon_core.package_identification:_identify(src) by extensions ['ros']
[0.637s] Level 1:colcon.colcon_core.package_identification:_identify(src) by extension 'ros'
[0.637s] Level 1:colcon.colcon_core.package_identification:_identify(src) by extensions ['cmake', 'python']
[0.637s] Level 1:colcon.colcon_core.package_identification:_identify(src) by extension 'cmake'
[0.637s] Level 1:colcon.colcon_core.package_identification:_identify(src) by extension 'python'
[0.637s] Level 1:colcon.colcon_core.package_identification:_identify(src) by extensions ['python_setup_py']
[0.638s] Level 1:colcon.colcon_core.package_identification:_identify(src) by extension 'python_setup_py'
[0.638s] Level 1:colcon.colcon_core.package_identification:_identify(src/loc_and_nav) by extensions ['ignore', 'ignore_ament_install']
[0.638s] Level 1:colcon.colcon_core.package_identification:_identify(src/loc_and_nav) by extension 'ignore'
[0.638s] Level 1:colcon.colcon_core.package_identification:_identify(src/loc_and_nav) by extension 'ignore_ament_install'
[0.639s] Level 1:colcon.colcon_core.package_identification:_identify(src/loc_and_nav) by extensions ['colcon_pkg']
[0.639s] Level 1:colcon.colcon_core.package_identification:_identify(src/loc_and_nav) by extension 'colcon_pkg'
[0.641s] Level 1:colcon.colcon_core.package_identification:_identify(src/loc_and_nav) by extensions ['colcon_meta']
[0.641s] Level 1:colcon.colcon_core.package_identification:_identify(src/loc_and_nav) by extension 'colcon_meta'
[0.641s] Level 1:colcon.colcon_core.package_identification:_identify(src/loc_and_nav) by extensions ['ros']
[0.641s] Level 1:colcon.colcon_core.package_identification:_identify(src/loc_and_nav) by extension 'ros'
[0.646s] DEBUG:colcon.colcon_core.package_identification:Package 'src/loc_and_nav' with type 'ros.ament_python' and name 'loc_and_nav'
[0.646s] Level 1:colcon.colcon_core.package_identification:_identify(src/turtlebot3_simulations) by extensions ['ignore', 'ignore_ament_install']
[0.646s] Level 1:colcon.colcon_core.package_identification:_identify(src/turtlebot3_simulations) by extension 'ignore'
[0.647s] Level 1:colcon.colcon_core.package_identification:_identify(src/turtlebot3_simulations) by extension 'ignore_ament_install'
[0.647s] Level 1:colcon.colcon_core.package_identification:_identify(src/turtlebot3_simulations) by extensions ['colcon_pkg']
[0.647s] Level 1:colcon.colcon_core.package_identification:_identify(src/turtlebot3_simulations) by extension 'colcon_pkg'
[0.647s] Level 1:colcon.colcon_core.package_identification:_identify(src/turtlebot3_simulations) by extensions ['colcon_meta']
[0.647s] Level 1:colcon.colcon_core.package_identification:_identify(src/turtlebot3_simulations) by extension 'colcon_meta'
[0.647s] Level 1:colcon.colcon_core.package_identification:_identify(src/turtlebot3_simulations) by extensions ['ros']
[0.647s] Level 1:colcon.colcon_core.package_identification:_identify(src/turtlebot3_simulations) by extension 'ros'
[0.647s] Level 1:colcon.colcon_core.package_identification:_identify(src/turtlebot3_simulations) by extensions ['cmake', 'python']
[0.647s] Level 1:colcon.colcon_core.package_identification:_identify(src/turtlebot3_simulations) by extension 'cmake'
[0.647s] Level 1:colcon.colcon_core.package_identification:_identify(src/turtlebot3_simulations) by extension 'python'
[0.647s] Level 1:colcon.colcon_core.package_identification:_identify(src/turtlebot3_simulations) by extensions ['python_setup_py']
[0.647s] Level 1:colcon.colcon_core.package_identification:_identify(src/turtlebot3_simulations) by extension 'python_setup_py'
[0.648s] Level 1:colcon.colcon_core.package_identification:_identify(src/turtlebot3_simulations/turtlebot3_gazebo) by extensions ['ignore', 'ignore_ament_install']
[0.648s] Level 1:colcon.colcon_core.package_identification:_identify(src/turtlebot3_simulations/turtlebot3_gazebo) by extension 'ignore'
[0.648s] Level 1:colcon.colcon_core.package_identification:_identify(src/turtlebot3_simulations/turtlebot3_gazebo) by extension 'ignore_ament_install'
[0.648s] Level 1:colcon.colcon_core.package_identification:_identify(src/turtlebot3_simulations/turtlebot3_gazebo) by extensions ['colcon_pkg']
[0.648s] Level 1:colcon.colcon_core.package_identification:_identify(src/turtlebot3_simulations/turtlebot3_gazebo) by extension 'colcon_pkg'
[0.648s] Level 1:colcon.colcon_core.package_identification:_identify(src/turtlebot3_simulations/turtlebot3_gazebo) by extensions ['colcon_meta']
[0.648s] Level 1:colcon.colcon_core.package_identification:_identify(src/turtlebot3_simulations/turtlebot3_gazebo) by extension 'colcon_meta'
[0.648s] Level 1:colcon.colcon_core.package_identification:_identify(src/turtlebot3_simulations/turtlebot3_gazebo) by extensions ['ros']
[0.648s] Level 1:colcon.colcon_core.package_identification:_identify(src/turtlebot3_simulations/turtlebot3_gazebo) by extension 'ros'
[0.650s] DEBUG:colcon.colcon_core.package_identification:Package 'src/turtlebot3_simulations/turtlebot3_gazebo' with type 'ros.ament_cmake' and name 'turtlebot3_gazebo'
[0.651s] Level 1:colcon.colcon_core.package_identification:_identify(src/turtlebot3_simulations/turtlebot3_simulations) by extensions ['ignore', 'ignore_ament_install']
[0.651s] Level 1:colcon.colcon_core.package_identification:_identify(src/turtlebot3_simulations/turtlebot3_simulations) by extension 'ignore'
[0.651s] Level 1:colcon.colcon_core.package_identification:_identify(src/turtlebot3_simulations/turtlebot3_simulations) by extension 'ignore_ament_install'
[0.651s] Level 1:colcon.colcon_core.package_identification:_identify(src/turtlebot3_simulations/turtlebot3_simulations) by extensions ['colcon_pkg']
[0.651s] Level 1:colcon.colcon_core.package_identification:_identify(src/turtlebot3_simulations/turtlebot3_simulations) by extension 'colcon_pkg'
[0.651s] Level 1:colcon.colcon_core.package_identification:_identify(src/turtlebot3_simulations/turtlebot3_simulations) by extensions ['colcon_meta']
[0.651s] Level 1:colcon.colcon_core.package_identification:_identify(src/turtlebot3_simulations/turtlebot3_simulations) by extension 'colcon_meta'
[0.651s] Level 1:colcon.colcon_core.package_identification:_identify(src/turtlebot3_simulations/turtlebot3_simulations) by extensions ['ros']
[0.651s] Level 1:colcon.colcon_core.package_identification:_identify(src/turtlebot3_simulations/turtlebot3_simulations) by extension 'ros'
[0.652s] DEBUG:colcon.colcon_core.package_identification:Package 'src/turtlebot3_simulations/turtlebot3_simulations' with type 'ros.ament_cmake' and name 'turtlebot3_simulations'
[0.652s] Level 1:colcon.colcon_core.package_discovery:discover_packages(recursive) using defaults
[0.652s] Level 1:colcon.colcon_core.package_discovery:discover_packages(ignore) discover
[0.652s] Level 1:colcon.colcon_core.package_discovery:discover_packages(ignore) using defaults
[0.652s] Level 1:colcon.colcon_core.package_discovery:discover_packages(path) discover
[0.652s] Level 1:colcon.colcon_core.package_discovery:discover_packages(path) using defaults
[0.686s] Level 1:colcon.colcon_core.package_discovery:discover_packages(prefix_path) check parameters
[0.686s] Level 1:colcon.colcon_core.package_discovery:discover_packages(prefix_path) discover
[0.688s] WARNING:colcon.colcon_ros.prefix_path.ament:The path '/home/luca/AMR_project/task3/install/turtlebot3_simulations' in the environment variable AMENT_PREFIX_PATH doesn't exist
[0.689s] WARNING:colcon.colcon_ros.prefix_path.ament:The path '/home/luca/AMR_project/task3/install/turtlebot3_gazebo' in the environment variable AMENT_PREFIX_PATH doesn't exist
[0.689s] WARNING:colcon.colcon_ros.prefix_path.ament:The path '/home/luca/AMR_project/task3/install/loc_and_nav' in the environment variable AMENT_PREFIX_PATH doesn't exist
[0.689s] WARNING:colcon.colcon_ros.prefix_path.catkin:The path '/home/luca/AMR_project/task3/install/turtlebot3_simulations' in the environment variable CMAKE_PREFIX_PATH doesn't exist
[0.689s] WARNING:colcon.colcon_ros.prefix_path.catkin:The path '/home/luca/AMR_project/task3/install/turtlebot3_gazebo' in the environment variable CMAKE_PREFIX_PATH doesn't exist
[0.691s] DEBUG:colcon.colcon_installed_package_information.package_discovery:Found 0 installed packages in /home/luca/AMR_project/task3/install
[0.695s] DEBUG:colcon.colcon_installed_package_information.package_discovery:Found 338 installed packages in /opt/ros/galactic
[0.703s] Level 1:colcon.colcon_core.package_discovery:discover_packages(prefix_path) using defaults
[0.865s] Level 5:colcon.colcon_core.verb:set package 'loc_and_nav' build argument 'cmake_args' from command line to 'None'
[0.865s] Level 5:colcon.colcon_core.verb:set package 'loc_and_nav' build argument 'cmake_target' from command line to 'None'
[0.865s] Level 5:colcon.colcon_core.verb:set package 'loc_and_nav' build argument 'cmake_target_skip_unavailable' from command line to 'False'
[0.865s] Level 5:colcon.colcon_core.verb:set package 'loc_and_nav' build argument 'cmake_clean_cache' from command line to 'False'
[0.865s] Level 5:colcon.colcon_core.verb:set package 'loc_and_nav' build argument 'cmake_clean_first' from command line to 'False'
[0.866s] Level 5:colcon.colcon_core.verb:set package 'loc_and_nav' build argument 'cmake_force_configure' from command line to 'False'
[0.866s] Level 5:colcon.colcon_core.verb:set package 'loc_and_nav' build argument 'ament_cmake_args' from command line to 'None'
[0.866s] Level 5:colcon.colcon_core.verb:set package 'loc_and_nav' build argument 'catkin_cmake_args' from command line to 'None'
[0.866s] Level 5:colcon.colcon_core.verb:set package 'loc_and_nav' build argument 'catkin_skip_building_tests' from command line to 'False'
[0.866s] DEBUG:colcon.colcon_core.verb:Building package 'loc_and_nav' with the following arguments: {'ament_cmake_args': None, 'build_base': '/home/luca/AMR_project/task3/build/loc_and_nav', 'catkin_cmake_args': None, 'catkin_skip_building_tests': False, 'cmake_args': None, 'cmake_clean_cache': False, 'cmake_clean_first': False, 'cmake_force_configure': False, 'cmake_target': None, 'cmake_target_skip_unavailable': False, 'install_base': '/home/luca/AMR_project/task3/install/loc_and_nav', 'merge_install': False, 'path': '/home/luca/AMR_project/task3/src/loc_and_nav', 'symlink_install': True, 'test_result_base': None}
[0.868s] Level 5:colcon.colcon_core.verb:set package 'turtlebot3_gazebo' build argument 'cmake_args' from command line to 'None'
[0.868s] Level 5:colcon.colcon_core.verb:set package 'turtlebot3_gazebo' build argument 'cmake_target' from command line to 'None'
[0.868s] Level 5:colcon.colcon_core.verb:set package 'turtlebot3_gazebo' build argument 'cmake_target_skip_unavailable' from command line to 'False'
[0.868s] Level 5:colcon.colcon_core.verb:set package 'turtlebot3_gazebo' build argument 'cmake_clean_cache' from command line to 'False'
[0.868s] Level 5:colcon.colcon_core.verb:set package 'turtlebot3_gazebo' build argument 'cmake_clean_first' from command line to 'False'
[0.868s] Level 5:colcon.colcon_core.verb:set package 'turtlebot3_gazebo' build argument 'cmake_force_configure' from command line to 'False'
[0.868s] Level 5:colcon.colcon_core.verb:set package 'turtlebot3_gazebo' build argument 'ament_cmake_args' from command line to 'None'
[0.868s] Level 5:colcon.colcon_core.verb:set package 'turtlebot3_gazebo' build argument 'catkin_cmake_args' from command line to 'None'
[0.868s] Level 5:colcon.colcon_core.verb:set package 'turtlebot3_gazebo' build argument 'catkin_skip_building_tests' from command line to 'False'
[0.868s] DEBUG:colcon.colcon_core.verb:Building package 'turtlebot3_gazebo' with the following arguments: {'ament_cmake_args': None, 'build_base': '/home/luca/AMR_project/task3/build/turtlebot3_gazebo', 'catkin_cmake_args': None, 'catkin_skip_building_tests': False, 'cmake_args': None, 'cmake_clean_cache': False, 'cmake_clean_first': False, 'cmake_force_configure': False, 'cmake_target': None, 'cmake_target_skip_unavailable': False, 'install_base': '/home/luca/AMR_project/task3/install/turtlebot3_gazebo', 'merge_install': False, 'path': '/home/luca/AMR_project/task3/src/turtlebot3_simulations/turtlebot3_gazebo', 'symlink_install': True, 'test_result_base': None}
[0.870s] Level 5:colcon.colcon_core.verb:set package 'turtlebot3_simulations' build argument 'cmake_args' from command line to 'None'
[0.870s] Level 5:colcon.colcon_core.verb:set package 'turtlebot3_simulations' build argument 'cmake_target' from command line to 'None'
[0.870s] Level 5:colcon.colcon_core.verb:set package 'turtlebot3_simulations' build argument 'cmake_target_skip_unavailable' from command line to 'False'
[0.870s] Level 5:colcon.colcon_core.verb:set package 'turtlebot3_simulations' build argument 'cmake_clean_cache' from command line to 'False'
[0.870s] Level 5:colcon.colcon_core.verb:set package 'turtlebot3_simulations' build argument 'cmake_clean_first' from command line to 'False'
[0.870s] Level 5:colcon.colcon_core.verb:set package 'turtlebot3_simulations' build argument 'cmake_force_configure' from command line to 'False'
[0.870s] Level 5:colcon.colcon_core.verb:set package 'turtlebot3_simulations' build argument 'ament_cmake_args' from command line to 'None'
[0.870s] Level 5:colcon.colcon_core.verb:set package 'turtlebot3_simulations' build argument 'catkin_cmake_args' from command line to 'None'
[0.870s] Level 5:colcon.colcon_core.verb:set package 'turtlebot3_simulations' build argument 'catkin_skip_building_tests' from command line to 'False'
[0.870s] DEBUG:colcon.colcon_core.verb:Building package 'turtlebot3_simulations' with the following arguments: {'ament_cmake_args': None, 'build_base': '/home/luca/AMR_project/task3/build/turtlebot3_simulations', 'catkin_cmake_args': None, 'catkin_skip_building_tests': False, 'cmake_args': None, 'cmake_clean_cache': False, 'cmake_clean_first': False, 'cmake_force_configure': False, 'cmake_target': None, 'cmake_target_skip_unavailable': False, 'install_base': '/home/luca/AMR_project/task3/install/turtlebot3_simulations', 'merge_install': False, 'path': '/home/luca/AMR_project/task3/src/turtlebot3_simulations/turtlebot3_simulations', 'symlink_install': True, 'test_result_base': None}
[0.872s] INFO:colcon.colcon_core.executor:Executing jobs using 'parallel' executor
[0.878s] DEBUG:colcon.colcon_parallel_executor.executor.parallel:run_until_complete
[0.878s] INFO:colcon.colcon_ros.task.ament_cmake.build:Building ROS package in '/home/luca/AMR_project/task3/src/turtlebot3_simulations/turtlebot3_gazebo' with build type 'ament_cmake'
[0.878s] INFO:colcon.colcon_cmake.task.cmake.build:Building CMake package in '/home/luca/AMR_project/task3/src/turtlebot3_simulations/turtlebot3_gazebo'
[0.885s] INFO:colcon.colcon_core.plugin_system:Skipping extension 'colcon_core.shell.bat': Not used on non-Windows systems
[0.886s] INFO:colcon.colcon_core.shell:Skip shell extension 'powershell' for command environment: Not usable outside of PowerShell
[0.886s] DEBUG:colcon.colcon_core.shell:Skip shell extension 'dsv' for command environment
[0.902s] INFO:colcon.colcon_ros.task.ament_python.build:Building ROS package in '/home/luca/AMR_project/task3/src/loc_and_nav' with build type 'ament_python'
[0.903s] Level 1:colcon.colcon_core.shell:create_environment_hook('loc_and_nav', 'ament_prefix_path')
[0.908s] INFO:colcon.colcon_core.shell:Creating environment hook '/home/luca/AMR_project/task3/install/loc_and_nav/share/loc_and_nav/hook/ament_prefix_path.ps1'
[0.913s] INFO:colcon.colcon_core.shell:Creating environment descriptor '/home/luca/AMR_project/task3/install/loc_and_nav/share/loc_and_nav/hook/ament_prefix_path.dsv'
[0.915s] INFO:colcon.colcon_core.shell:Creating environment hook '/home/luca/AMR_project/task3/install/loc_and_nav/share/loc_and_nav/hook/ament_prefix_path.sh'
[0.921s] INFO:colcon.colcon_core.shell:Skip shell extension 'powershell' for command environment: Not usable outside of PowerShell
[0.921s] DEBUG:colcon.colcon_core.shell:Skip shell extension 'dsv' for command environment
[0.952s] DEBUG:colcon.colcon_core.event_handler.log_command:Invoking command in '/home/luca/AMR_project/task3/build/turtlebot3_gazebo': CMAKE_PREFIX_PATH=${CMAKE_PREFIX_PATH}:/home/luca/AMR_project/task3/install/loc_and_nav:/opt/ros/galactic /usr/bin/cmake /home/luca/AMR_project/task3/src/turtlebot3_simulations/turtlebot3_gazebo -DAMENT_CMAKE_SYMLINK_INSTALL=1 -DCMAKE_INSTALL_PREFIX=/home/luca/AMR_project/task3/install/turtlebot3_gazebo
[1.528s] INFO:colcon.colcon_core.task.python.build:Building Python package in '/home/luca/AMR_project/task3/src/loc_and_nav'
[1.532s] INFO:colcon.colcon_core.shell:Skip shell extension 'powershell' for command environment: Not usable outside of PowerShell
[1.532s] DEBUG:colcon.colcon_core.shell:Skip shell extension 'dsv' for command environment
[2.550s] DEBUG:colcon.colcon_core.event_handler.log_command:Invoking command in '/home/luca/AMR_project/task3/build/loc_and_nav': PYTHONPATH=/home/luca/AMR_project/task3/build/loc_and_nav/prefix_override:/home/luca/AMR_project/task3/install/loc_and_nav/lib/python3.8/site-packages:${PYTHONPATH} /usr/bin/python3 setup.py develop --editable --build-directory /home/luca/AMR_project/task3/build/loc_and_nav/build --no-deps install_data
[4.126s] Level 1:colcon.colcon_core.shell:create_environment_hook('loc_and_nav', 'pythonpath_develop')
[4.130s] INFO:colcon.colcon_core.shell:Creating environment hook '/home/luca/AMR_project/task3/build/loc_and_nav/share/loc_and_nav/hook/pythonpath_develop.ps1'
[4.131s] DEBUG:colcon.colcon_core.event_handler.log_command:Invoked command in '/home/luca/AMR_project/task3/build/loc_and_nav' returned '0': PYTHONPATH=/home/luca/AMR_project/task3/build/loc_and_nav/prefix_override:/home/luca/AMR_project/task3/install/loc_and_nav/lib/python3.8/site-packages:${PYTHONPATH} /usr/bin/python3 setup.py develop --editable --build-directory /home/luca/AMR_project/task3/build/loc_and_nav/build --no-deps install_data
[4.132s] INFO:colcon.colcon_core.shell:Creating environment descriptor '/home/luca/AMR_project/task3/build/loc_and_nav/share/loc_and_nav/hook/pythonpath_develop.dsv'
[4.133s] INFO:colcon.colcon_core.shell:Creating environment hook '/home/luca/AMR_project/task3/build/loc_and_nav/share/loc_and_nav/hook/pythonpath_develop.sh'
[4.147s] Level 1:colcon.colcon_core.environment:checking '/home/luca/AMR_project/task3/install/loc_and_nav' for CMake module files
[4.155s] Level 1:colcon.colcon_core.environment:checking '/home/luca/AMR_project/task3/install/loc_and_nav' for CMake config files
[4.156s] Level 1:colcon.colcon_core.environment:checking '/home/luca/AMR_project/task3/install/loc_and_nav/lib'
[4.156s] Level 1:colcon.colcon_core.environment:checking '/home/luca/AMR_project/task3/install/loc_and_nav/bin'
[4.156s] Level 1:colcon.colcon_core.environment:checking '/home/luca/AMR_project/task3/install/loc_and_nav/lib/pkgconfig/loc_and_nav.pc'
[4.156s] Level 1:colcon.colcon_core.environment:checking '/home/luca/AMR_project/task3/install/loc_and_nav/lib/python3.8/site-packages'
[4.157s] Level 1:colcon.colcon_core.shell:create_environment_hook('loc_and_nav', 'pythonpath')
[4.159s] INFO:colcon.colcon_core.shell:Creating environment hook '/home/luca/AMR_project/task3/install/loc_and_nav/share/loc_and_nav/hook/pythonpath.ps1'
[4.160s] INFO:colcon.colcon_core.shell:Creating environment descriptor '/home/luca/AMR_project/task3/install/loc_and_nav/share/loc_and_nav/hook/pythonpath.dsv'
[4.167s] INFO:colcon.colcon_core.shell:Creating environment hook '/home/luca/AMR_project/task3/install/loc_and_nav/share/loc_and_nav/hook/pythonpath.sh'
[4.169s] Level 1:colcon.colcon_core.environment:checking '/home/luca/AMR_project/task3/install/loc_and_nav/bin'
[4.169s] Level 1:colcon.colcon_core.environment:create_environment_scripts_only(loc_and_nav)
[4.177s] INFO:colcon.colcon_core.shell:Creating package script '/home/luca/AMR_project/task3/install/loc_and_nav/share/loc_and_nav/package.ps1'
[4.179s] INFO:colcon.colcon_core.shell:Creating package descriptor '/home/luca/AMR_project/task3/install/loc_and_nav/share/loc_and_nav/package.dsv'
[4.184s] INFO:colcon.colcon_core.shell:Creating package script '/home/luca/AMR_project/task3/install/loc_and_nav/share/loc_and_nav/package.sh'
[4.187s] INFO:colcon.colcon_core.shell:Creating package script '/home/luca/AMR_project/task3/install/loc_and_nav/share/loc_and_nav/package.bash'
[4.197s] INFO:colcon.colcon_core.shell:Creating package script '/home/luca/AMR_project/task3/install/loc_and_nav/share/loc_and_nav/package.zsh'
[4.199s] Level 1:colcon.colcon_core.environment:create_file_with_runtime_dependencies(/home/luca/AMR_project/task3/install/loc_and_nav/share/colcon-core/packages/loc_and_nav)
[8.016s] DEBUG:colcon.colcon_core.event_handler.log_command:Invoked command in '/home/luca/AMR_project/task3/build/turtlebot3_gazebo' returned '0': CMAKE_PREFIX_PATH=${CMAKE_PREFIX_PATH}:/home/luca/AMR_project/task3/install/loc_and_nav:/opt/ros/galactic /usr/bin/cmake /home/luca/AMR_project/task3/src/turtlebot3_simulations/turtlebot3_gazebo -DAMENT_CMAKE_SYMLINK_INSTALL=1 -DCMAKE_INSTALL_PREFIX=/home/luca/AMR_project/task3/install/turtlebot3_gazebo
[8.023s] DEBUG:colcon.colcon_core.event_handler.log_command:Invoking command in '/home/luca/AMR_project/task3/build/turtlebot3_gazebo': CMAKE_PREFIX_PATH=${CMAKE_PREFIX_PATH}:/home/luca/AMR_project/task3/install/loc_and_nav:/opt/ros/galactic /usr/bin/cmake --build /home/luca/AMR_project/task3/build/turtlebot3_gazebo -- -j2 -l2
[52.927s] DEBUG:colcon.colcon_core.event_handler.log_command:Invoked command in '/home/luca/AMR_project/task3/build/turtlebot3_gazebo' returned '0': CMAKE_PREFIX_PATH=${CMAKE_PREFIX_PATH}:/home/luca/AMR_project/task3/install/loc_and_nav:/opt/ros/galactic /usr/bin/cmake --build /home/luca/AMR_project/task3/build/turtlebot3_gazebo -- -j2 -l2
[53.025s] DEBUG:colcon.colcon_core.event_handler.log_command:Invoking command in '/home/luca/AMR_project/task3/build/turtlebot3_gazebo': CMAKE_PREFIX_PATH=${CMAKE_PREFIX_PATH}:/home/luca/AMR_project/task3/install/loc_and_nav:/opt/ros/galactic /usr/bin/cmake --install /home/luca/AMR_project/task3/build/turtlebot3_gazebo
[55.559s] Level 1:colcon.colcon_core.environment:create_environment_scripts_only(turtlebot3_gazebo)
[55.566s] DEBUG:colcon.colcon_core.event_handler.log_command:Invoked command in '/home/luca/AMR_project/task3/build/turtlebot3_gazebo' returned '0': CMAKE_PREFIX_PATH=${CMAKE_PREFIX_PATH}:/home/luca/AMR_project/task3/install/loc_and_nav:/opt/ros/galactic /usr/bin/cmake --install /home/luca/AMR_project/task3/build/turtlebot3_gazebo
[55.566s] Level 1:colcon.colcon_core.environment:checking '/home/luca/AMR_project/task3/install/turtlebot3_gazebo' for CMake module files
[55.567s] Level 1:colcon.colcon_core.environment:checking '/home/luca/AMR_project/task3/install/turtlebot3_gazebo' for CMake config files
[55.568s] Level 1:colcon.colcon_core.shell:create_environment_hook('turtlebot3_gazebo', 'cmake_prefix_path')
[55.571s] INFO:colcon.colcon_core.shell:Creating environment hook '/home/luca/AMR_project/task3/install/turtlebot3_gazebo/share/turtlebot3_gazebo/hook/cmake_prefix_path.ps1'
[55.572s] INFO:colcon.colcon_core.shell:Creating environment descriptor '/home/luca/AMR_project/task3/install/turtlebot3_gazebo/share/turtlebot3_gazebo/hook/cmake_prefix_path.dsv'
[55.573s] INFO:colcon.colcon_core.shell:Creating environment hook '/home/luca/AMR_project/task3/install/turtlebot3_gazebo/share/turtlebot3_gazebo/hook/cmake_prefix_path.sh'
[55.573s] Level 1:colcon.colcon_core.environment:checking '/home/luca/AMR_project/task3/install/turtlebot3_gazebo/lib'
[55.573s] Level 1:colcon.colcon_core.environment:checking '/home/luca/AMR_project/task3/install/turtlebot3_gazebo/bin'
[55.574s] Level 1:colcon.colcon_core.environment:checking '/home/luca/AMR_project/task3/install/turtlebot3_gazebo/lib/pkgconfig/turtlebot3_gazebo.pc'
[55.574s] Level 1:colcon.colcon_core.environment:checking '/home/luca/AMR_project/task3/install/turtlebot3_gazebo/lib/python3.8/site-packages'
[55.574s] Level 1:colcon.colcon_core.environment:checking '/home/luca/AMR_project/task3/install/turtlebot3_gazebo/bin'
[55.577s] INFO:colcon.colcon_core.shell:Creating package script '/home/luca/AMR_project/task3/install/turtlebot3_gazebo/share/turtlebot3_gazebo/package.ps1'
[55.578s] INFO:colcon.colcon_core.shell:Creating package descriptor '/home/luca/AMR_project/task3/install/turtlebot3_gazebo/share/turtlebot3_gazebo/package.dsv'
[55.578s] INFO:colcon.colcon_core.shell:Creating package script '/home/luca/AMR_project/task3/install/turtlebot3_gazebo/share/turtlebot3_gazebo/package.sh'
[55.579s] INFO:colcon.colcon_core.shell:Creating package script '/home/luca/AMR_project/task3/install/turtlebot3_gazebo/share/turtlebot3_gazebo/package.bash'
[55.579s] INFO:colcon.colcon_core.shell:Creating package script '/home/luca/AMR_project/task3/install/turtlebot3_gazebo/share/turtlebot3_gazebo/package.zsh'
[55.580s] Level 1:colcon.colcon_core.environment:create_file_with_runtime_dependencies(/home/luca/AMR_project/task3/install/turtlebot3_gazebo/share/colcon-core/packages/turtlebot3_gazebo)
[55.638s] Level 1:colcon.colcon_core.environment:create_environment_scripts_only(turtlebot3_gazebo)
[55.642s] Level 1:colcon.colcon_core.environment:checking '/home/luca/AMR_project/task3/install/turtlebot3_gazebo' for CMake module files
[55.643s] Level 1:colcon.colcon_core.environment:checking '/home/luca/AMR_project/task3/install/turtlebot3_gazebo' for CMake config files
[55.644s] Level 1:colcon.colcon_core.shell:create_environment_hook('turtlebot3_gazebo', 'cmake_prefix_path')
[55.646s] INFO:colcon.colcon_core.shell:Creating environment hook '/home/luca/AMR_project/task3/install/turtlebot3_gazebo/share/turtlebot3_gazebo/hook/cmake_prefix_path.ps1'
[55.647s] INFO:colcon.colcon_core.shell:Creating environment descriptor '/home/luca/AMR_project/task3/install/turtlebot3_gazebo/share/turtlebot3_gazebo/hook/cmake_prefix_path.dsv'
[55.648s] INFO:colcon.colcon_core.shell:Creating environment hook '/home/luca/AMR_project/task3/install/turtlebot3_gazebo/share/turtlebot3_gazebo/hook/cmake_prefix_path.sh'
[55.649s] Level 1:colcon.colcon_core.environment:checking '/home/luca/AMR_project/task3/install/turtlebot3_gazebo/lib'
[55.649s] Level 1:colcon.colcon_core.environment:checking '/home/luca/AMR_project/task3/install/turtlebot3_gazebo/bin'
[55.649s] Level 1:colcon.colcon_core.environment:checking '/home/luca/AMR_project/task3/install/turtlebot3_gazebo/lib/pkgconfig/turtlebot3_gazebo.pc'
[55.650s] Level 1:colcon.colcon_core.environment:checking '/home/luca/AMR_project/task3/install/turtlebot3_gazebo/lib/python3.8/site-packages'
[55.650s] Level 1:colcon.colcon_core.environment:checking '/home/luca/AMR_project/task3/install/turtlebot3_gazebo/bin'
[55.653s] INFO:colcon.colcon_core.shell:Creating package script '/home/luca/AMR_project/task3/install/turtlebot3_gazebo/share/turtlebot3_gazebo/package.ps1'
[55.654s] INFO:colcon.colcon_core.shell:Creating package descriptor '/home/luca/AMR_project/task3/install/turtlebot3_gazebo/share/turtlebot3_gazebo/package.dsv'
[55.655s] INFO:colcon.colcon_core.shell:Creating package script '/home/luca/AMR_project/task3/install/turtlebot3_gazebo/share/turtlebot3_gazebo/package.sh'
[55.655s] INFO:colcon.colcon_core.shell:Creating package script '/home/luca/AMR_project/task3/install/turtlebot3_gazebo/share/turtlebot3_gazebo/package.bash'
[55.656s] INFO:colcon.colcon_core.shell:Creating package script '/home/luca/AMR_project/task3/install/turtlebot3_gazebo/share/turtlebot3_gazebo/package.zsh'
[55.656s] Level 1:colcon.colcon_core.environment:create_file_with_runtime_dependencies(/home/luca/AMR_project/task3/install/turtlebot3_gazebo/share/colcon-core/packages/turtlebot3_gazebo)
[55.657s] INFO:colcon.colcon_ros.task.ament_cmake.build:Building ROS package in '/home/luca/AMR_project/task3/src/turtlebot3_simulations/turtlebot3_simulations' with build type 'ament_cmake'
[55.657s] INFO:colcon.colcon_cmake.task.cmake.build:Building CMake package in '/home/luca/AMR_project/task3/src/turtlebot3_simulations/turtlebot3_simulations'
[55.660s] INFO:colcon.colcon_core.shell:Skip shell extension 'powershell' for command environment: Not usable outside of PowerShell
[55.660s] DEBUG:colcon.colcon_core.shell:Skip shell extension 'dsv' for command environment
[55.681s] DEBUG:colcon.colcon_core.event_handler.log_command:Invoking command in '/home/luca/AMR_project/task3/build/turtlebot3_simulations': CMAKE_PREFIX_PATH=/home/luca/AMR_project/task3/install/turtlebot3_gazebo:/home/luca/AMR_project/task3/install/turtlebot3_simulations:/home/luca/AMR_project/task3/install/loc_and_nav:/opt/ros/galactic /usr/bin/cmake /home/luca/AMR_project/task3/src/turtlebot3_simulations/turtlebot3_simulations -DAMENT_CMAKE_SYMLINK_INSTALL=1 -DCMAKE_INSTALL_PREFIX=/home/luca/AMR_project/task3/install/turtlebot3_simulations
[57.301s] DEBUG:colcon.colcon_core.event_handler.log_command:Invoked command in '/home/luca/AMR_project/task3/build/turtlebot3_simulations' returned '0': CMAKE_PREFIX_PATH=/home/luca/AMR_project/task3/install/turtlebot3_gazebo:/home/luca/AMR_project/task3/install/turtlebot3_simulations:/home/luca/AMR_project/task3/install/loc_and_nav:/opt/ros/galactic /usr/bin/cmake /home/luca/AMR_project/task3/src/turtlebot3_simulations/turtlebot3_simulations -DAMENT_CMAKE_SYMLINK_INSTALL=1 -DCMAKE_INSTALL_PREFIX=/home/luca/AMR_project/task3/install/turtlebot3_simulations
[57.303s] DEBUG:colcon.colcon_core.event_handler.log_command:Invoking command in '/home/luca/AMR_project/task3/build/turtlebot3_simulations': CMAKE_PREFIX_PATH=/home/luca/AMR_project/task3/install/turtlebot3_gazebo:/home/luca/AMR_project/task3/install/turtlebot3_simulations:/home/luca/AMR_project/task3/install/loc_and_nav:/opt/ros/galactic /usr/bin/cmake --build /home/luca/AMR_project/task3/build/turtlebot3_simulations -- -j2 -l2
[57.372s] DEBUG:colcon.colcon_core.event_handler.log_command:Invoked command in '/home/luca/AMR_project/task3/build/turtlebot3_simulations' returned '0': CMAKE_PREFIX_PATH=/home/luca/AMR_project/task3/install/turtlebot3_gazebo:/home/luca/AMR_project/task3/install/turtlebot3_simulations:/home/luca/AMR_project/task3/install/loc_and_nav:/opt/ros/galactic /usr/bin/cmake --build /home/luca/AMR_project/task3/build/turtlebot3_simulations -- -j2 -l2
[57.405s] DEBUG:colcon.colcon_core.event_handler.log_command:Invoking command in '/home/luca/AMR_project/task3/build/turtlebot3_simulations': CMAKE_PREFIX_PATH=/home/luca/AMR_project/task3/install/turtlebot3_gazebo:/home/luca/AMR_project/task3/install/turtlebot3_simulations:/home/luca/AMR_project/task3/install/loc_and_nav:/opt/ros/galactic /usr/bin/cmake --install /home/luca/AMR_project/task3/build/turtlebot3_simulations
[57.659s] Level 1:colcon.colcon_core.environment:create_environment_scripts_only(turtlebot3_simulations)
[57.664s] Level 1:colcon.colcon_core.environment:checking '/home/luca/AMR_project/task3/install/turtlebot3_simulations' for CMake module files
[57.666s] DEBUG:colcon.colcon_core.event_handler.log_command:Invoked command in '/home/luca/AMR_project/task3/build/turtlebot3_simulations' returned '0': CMAKE_PREFIX_PATH=/home/luca/AMR_project/task3/install/turtlebot3_gazebo:/home/luca/AMR_project/task3/install/turtlebot3_simulations:/home/luca/AMR_project/task3/install/loc_and_nav:/opt/ros/galactic /usr/bin/cmake --install /home/luca/AMR_project/task3/build/turtlebot3_simulations
[57.666s] Level 1:colcon.colcon_core.environment:checking '/home/luca/AMR_project/task3/install/turtlebot3_simulations' for CMake config files
[57.667s] Level 1:colcon.colcon_core.shell:create_environment_hook('turtlebot3_simulations', 'cmake_prefix_path')
[57.670s] INFO:colcon.colcon_core.shell:Creating environment hook '/home/luca/AMR_project/task3/install/turtlebot3_simulations/share/turtlebot3_simulations/hook/cmake_prefix_path.ps1'
[57.671s] INFO:colcon.colcon_core.shell:Creating environment descriptor '/home/luca/AMR_project/task3/install/turtlebot3_simulations/share/turtlebot3_simulations/hook/cmake_prefix_path.dsv'
[57.672s] INFO:colcon.colcon_core.shell:Creating environment hook '/home/luca/AMR_project/task3/install/turtlebot3_simulations/share/turtlebot3_simulations/hook/cmake_prefix_path.sh'
[57.673s] Level 1:colcon.colcon_core.environment:checking '/home/luca/AMR_project/task3/install/turtlebot3_simulations/bin'
[57.673s] Level 1:colcon.colcon_core.environment:checking '/home/luca/AMR_project/task3/install/turtlebot3_simulations/lib/pkgconfig/turtlebot3_simulations.pc'
[57.673s] Level 1:colcon.colcon_core.environment:checking '/home/luca/AMR_project/task3/install/turtlebot3_simulations/lib/python3.8/site-packages'
[57.674s] Level 1:colcon.colcon_core.environment:checking '/home/luca/AMR_project/task3/install/turtlebot3_simulations/bin'
[57.677s] INFO:colcon.colcon_core.shell:Creating package script '/home/luca/AMR_project/task3/install/turtlebot3_simulations/share/turtlebot3_simulations/package.ps1'
[57.678s] INFO:colcon.colcon_core.shell:Creating package descriptor '/home/luca/AMR_project/task3/install/turtlebot3_simulations/share/turtlebot3_simulations/package.dsv'
[57.679s] INFO:colcon.colcon_core.shell:Creating package script '/home/luca/AMR_project/task3/install/turtlebot3_simulations/share/turtlebot3_simulations/package.sh'
[57.680s] INFO:colcon.colcon_core.shell:Creating package script '/home/luca/AMR_project/task3/install/turtlebot3_simulations/share/turtlebot3_simulations/package.bash'
[57.680s] INFO:colcon.colcon_core.shell:Creating package script '/home/luca/AMR_project/task3/install/turtlebot3_simulations/share/turtlebot3_simulations/package.zsh'
[57.681s] Level 1:colcon.colcon_core.environment:create_file_with_runtime_dependencies(/home/luca/AMR_project/task3/install/turtlebot3_simulations/share/colcon-core/packages/turtlebot3_simulations)
[57.723s] Level 1:colcon.colcon_core.environment:create_environment_scripts_only(turtlebot3_simulations)
[57.727s] Level 1:colcon.colcon_core.environment:checking '/home/luca/AMR_project/task3/install/turtlebot3_simulations' for CMake module files
[57.728s] Level 1:colcon.colcon_core.environment:checking '/home/luca/AMR_project/task3/install/turtlebot3_simulations' for CMake config files
[57.728s] Level 1:colcon.colcon_core.shell:create_environment_hook('turtlebot3_simulations', 'cmake_prefix_path')
[57.732s] INFO:colcon.colcon_core.shell:Creating environment hook '/home/luca/AMR_project/task3/install/turtlebot3_simulations/share/turtlebot3_simulations/hook/cmake_prefix_path.ps1'
[57.733s] INFO:colcon.colcon_core.shell:Creating environment descriptor '/home/luca/AMR_project/task3/install/turtlebot3_simulations/share/turtlebot3_simulations/hook/cmake_prefix_path.dsv'
[57.733s] INFO:colcon.colcon_core.shell:Creating environment hook '/home/luca/AMR_project/task3/install/turtlebot3_simulations/share/turtlebot3_simulations/hook/cmake_prefix_path.sh'
[57.734s] Level 1:colcon.colcon_core.environment:checking '/home/luca/AMR_project/task3/install/turtlebot3_simulations/bin'
[57.734s] Level 1:colcon.colcon_core.environment:checking '/home/luca/AMR_project/task3/install/turtlebot3_simulations/lib/pkgconfig/turtlebot3_simulations.pc'
[57.735s] Level 1:colcon.colcon_core.environment:checking '/home/luca/AMR_project/task3/install/turtlebot3_simulations/lib/python3.8/site-packages'
[57.735s] Level 1:colcon.colcon_core.environment:checking '/home/luca/AMR_project/task3/install/turtlebot3_simulations/bin'
[57.741s] INFO:colcon.colcon_core.shell:Creating package script '/home/luca/AMR_project/task3/install/turtlebot3_simulations/share/turtlebot3_simulations/package.ps1'
[57.747s] INFO:colcon.colcon_core.shell:Creating package descriptor '/home/luca/AMR_project/task3/install/turtlebot3_simulations/share/turtlebot3_simulations/package.dsv'
[57.748s] INFO:colcon.colcon_core.shell:Creating package script '/home/luca/AMR_project/task3/install/turtlebot3_simulations/share/turtlebot3_simulations/package.sh'
[57.749s] INFO:colcon.colcon_core.shell:Creating package script '/home/luca/AMR_project/task3/install/turtlebot3_simulations/share/turtlebot3_simulations/package.bash'
[57.750s] INFO:colcon.colcon_core.shell:Creating package script '/home/luca/AMR_project/task3/install/turtlebot3_simulations/share/turtlebot3_simulations/package.zsh'
[57.751s] Level 1:colcon.colcon_core.environment:create_file_with_runtime_dependencies(/home/luca/AMR_project/task3/install/turtlebot3_simulations/share/colcon-core/packages/turtlebot3_simulations)
[57.751s] DEBUG:colcon.colcon_parallel_executor.executor.parallel:closing loop
[57.752s] DEBUG:colcon.colcon_parallel_executor.executor.parallel:loop closed
[57.752s] DEBUG:colcon.colcon_parallel_executor.executor.parallel:run_until_complete finished with '0'
[57.752s] DEBUG:colcon.colcon_core.event_reactor:joining thread
[57.761s] INFO:colcon.colcon_core.plugin_system:Skipping extension 'colcon_notification.desktop_notification.terminal_notifier': Not used on non-Darwin systems
[57.761s] INFO:colcon.colcon_core.plugin_system:Skipping extension 'colcon_notification.desktop_notification.win32': Not used on non-Windows systems
[57.761s] INFO:colcon.colcon_notification.desktop_notification:Sending desktop notification using 'notify2'
[57.772s] DEBUG:colcon.colcon_core.event_reactor:joined thread
[57.775s] INFO:colcon.colcon_core.shell:Creating prefix script '/home/luca/AMR_project/task3/install/local_setup.ps1'
[57.790s] INFO:colcon.colcon_core.shell:Creating prefix util module '/home/luca/AMR_project/task3/install/_local_setup_util_ps1.py'
[57.793s] INFO:colcon.colcon_core.shell:Creating prefix chain script '/home/luca/AMR_project/task3/install/setup.ps1'
[57.796s] INFO:colcon.colcon_core.shell:Creating prefix script '/home/luca/AMR_project/task3/install/local_setup.sh'
[57.797s] INFO:colcon.colcon_core.shell:Creating prefix util module '/home/luca/AMR_project/task3/install/_local_setup_util_sh.py'
[57.798s] INFO:colcon.colcon_core.shell:Creating prefix chain script '/home/luca/AMR_project/task3/install/setup.sh'
[57.806s] INFO:colcon.colcon_core.shell:Creating prefix script '/home/luca/AMR_project/task3/install/local_setup.bash'
[57.807s] INFO:colcon.colcon_core.shell:Creating prefix chain script '/home/luca/AMR_project/task3/install/setup.bash'
[57.812s] INFO:colcon.colcon_core.shell:Creating prefix script '/home/luca/AMR_project/task3/install/local_setup.zsh'
[57.813s] INFO:colcon.colcon_core.shell:Creating prefix chain script '/home/luca/AMR_project/task3/install/setup.zsh'
