[0.820s] DEBUG:colcon:Command line arguments: ['/usr/bin/colcon', 'build', '--symlink-install']
[0.821s] DEBUG:colcon:Parsed command line arguments: Namespace(allow_overriding=[], ament_cmake_args=None, base_paths=['.'], build_base='build', catkin_cmake_args=None, catkin_skip_building_tests=False, cmake_args=None, cmake_clean_cache=False, cmake_clean_first=False, cmake_force_configure=False, cmake_target=None, cmake_target_skip_unavailable=False, continue_on_error=False, event_handlers=None, executor='parallel', ignore_user_meta=False, install_base='install', log_base=None, log_level=None, main=<bound method BuildVerb.main of <colcon_core.verb.build.BuildVerb object at 0x7f955fc897f0>>, merge_install=False, metas=['./colcon.meta'], packages_above=None, packages_above_and_dependencies=None, packages_above_depth=None, packages_end=None, packages_ignore=None, packages_ignore_regex=None, packages_select=None, packages_select_build_failed=False, packages_select_by_dep=None, packages_select_regex=None, packages_select_test_failures=False, packages_skip=None, packages_skip_build_finished=False, packages_skip_by_dep=None, packages_skip_regex=None, packages_skip_test_passed=False, packages_skip_up_to=None, packages_start=None, packages_up_to=None, packages_up_to_regex=None, parallel_workers=2, paths=None, symlink_install=True, test_result_base=None, verb_extension=<colcon_core.verb.build.BuildVerb object at 0x7f955fc897f0>, verb_name='build', verb_parser=<colcon_defaults.argument_parser.defaults.DefaultArgumentsDecorator object at 0x7f955fc89d60>)
[0.877s] Level 1:colcon.colcon_core.package_discovery:discover_packages(colcon_meta) check parameters
[0.878s] Level 1:colcon.colcon_core.package_discovery:discover_packages(recursive) check parameters
[0.878s] Level 1:colcon.colcon_core.package_discovery:discover_packages(ignore) check parameters
[0.879s] Level 1:colcon.colcon_core.package_discovery:discover_packages(path) check parameters
[0.879s] Level 1:colcon.colcon_core.package_discovery:discover_packages(colcon_meta) discover
[0.879s] Level 1:colcon.colcon_core.package_discovery:discover_packages(recursive) discover
[0.880s] INFO:colcon.colcon_core.package_discovery:Crawling recursively for packages in '/home/luca/DAS_ros2_files/task2'
[0.880s] Level 1:colcon.colcon_core.package_identification:_identify(.) by extensions ['ignore', 'ignore_ament_install']
[0.881s] Level 1:colcon.colcon_core.package_identification:_identify(.) by extension 'ignore'
[0.881s] Level 1:colcon.colcon_core.package_identification:_identify(.) by extension 'ignore_ament_install'
[0.881s] Level 1:colcon.colcon_core.package_identification:_identify(.) by extensions ['colcon_pkg']
[0.882s] Level 1:colcon.colcon_core.package_identification:_identify(.) by extension 'colcon_pkg'
[0.882s] Level 1:colcon.colcon_core.package_identification:_identify(.) by extensions ['colcon_meta']
[0.882s] Level 1:colcon.colcon_core.package_identification:_identify(.) by extension 'colcon_meta'
[0.883s] Level 1:colcon.colcon_core.package_identification:_identify(.) by extensions ['ros']
[0.883s] Level 1:colcon.colcon_core.package_identification:_identify(.) by extension 'ros'
[0.927s] Level 1:colcon.colcon_core.package_identification:_identify(.) by extensions ['cmake', 'python']
[0.928s] Level 1:colcon.colcon_core.package_identification:_identify(.) by extension 'cmake'
[0.928s] Level 1:colcon.colcon_core.package_identification:_identify(.) by extension 'python'
[0.928s] Level 1:colcon.colcon_core.package_identification:_identify(.) by extensions ['python_setup_py']
[0.929s] Level 1:colcon.colcon_core.package_identification:_identify(.) by extension 'python_setup_py'
[0.929s] Level 1:colcon.colcon_core.package_identification:_identify(build) by extensions ['ignore', 'ignore_ament_install']
[0.930s] Level 1:colcon.colcon_core.package_identification:_identify(build) by extension 'ignore'
[0.930s] Level 1:colcon.colcon_core.package_identification:_identify(build) ignored
[0.930s] Level 1:colcon.colcon_core.package_identification:_identify(install) by extensions ['ignore', 'ignore_ament_install']
[0.931s] Level 1:colcon.colcon_core.package_identification:_identify(install) by extension 'ignore'
[0.931s] Level 1:colcon.colcon_core.package_identification:_identify(install) ignored
[0.932s] Level 1:colcon.colcon_core.package_identification:_identify(log) by extensions ['ignore', 'ignore_ament_install']
[0.932s] Level 1:colcon.colcon_core.package_identification:_identify(log) by extension 'ignore'
[0.933s] Level 1:colcon.colcon_core.package_identification:_identify(log) ignored
[0.933s] Level 1:colcon.colcon_core.package_identification:_identify(src) by extensions ['ignore', 'ignore_ament_install']
[0.934s] Level 1:colcon.colcon_core.package_identification:_identify(src) by extension 'ignore'
[0.934s] Level 1:colcon.colcon_core.package_identification:_identify(src) by extension 'ignore_ament_install'
[0.934s] Level 1:colcon.colcon_core.package_identification:_identify(src) by extensions ['colcon_pkg']
[0.935s] Level 1:colcon.colcon_core.package_identification:_identify(src) by extension 'colcon_pkg'
[0.935s] Level 1:colcon.colcon_core.package_identification:_identify(src) by extensions ['colcon_meta']
[0.935s] Level 1:colcon.colcon_core.package_identification:_identify(src) by extension 'colcon_meta'
[0.936s] Level 1:colcon.colcon_core.package_identification:_identify(src) by extensions ['ros']
[0.936s] Level 1:colcon.colcon_core.package_identification:_identify(src) by extension 'ros'
[0.937s] Level 1:colcon.colcon_core.package_identification:_identify(src) by extensions ['cmake', 'python']
[0.937s] Level 1:colcon.colcon_core.package_identification:_identify(src) by extension 'cmake'
[0.937s] Level 1:colcon.colcon_core.package_identification:_identify(src) by extension 'python'
[0.938s] Level 1:colcon.colcon_core.package_identification:_identify(src) by extensions ['python_setup_py']
[0.938s] Level 1:colcon.colcon_core.package_identification:_identify(src) by extension 'python_setup_py'
[0.938s] Level 1:colcon.colcon_core.package_identification:_identify(src/task2) by extensions ['ignore', 'ignore_ament_install']
[0.939s] Level 1:colcon.colcon_core.package_identification:_identify(src/task2) by extension 'ignore'
[0.939s] Level 1:colcon.colcon_core.package_identification:_identify(src/task2) by extension 'ignore_ament_install'
[0.939s] Level 1:colcon.colcon_core.package_identification:_identify(src/task2) by extensions ['colcon_pkg']
[0.939s] Level 1:colcon.colcon_core.package_identification:_identify(src/task2) by extension 'colcon_pkg'
[0.940s] Level 1:colcon.colcon_core.package_identification:_identify(src/task2) by extensions ['colcon_meta']
[0.940s] Level 1:colcon.colcon_core.package_identification:_identify(src/task2) by extension 'colcon_meta'
[0.940s] Level 1:colcon.colcon_core.package_identification:_identify(src/task2) by extensions ['ros']
[0.940s] Level 1:colcon.colcon_core.package_identification:_identify(src/task2) by extension 'ros'
[0.944s] DEBUG:colcon.colcon_core.package_identification:Package 'src/task2' with type 'ros.ament_python' and name 'task2'
[0.944s] Level 1:colcon.colcon_core.package_discovery:discover_packages(recursive) using defaults
[0.945s] Level 1:colcon.colcon_core.package_discovery:discover_packages(ignore) discover
[0.945s] Level 1:colcon.colcon_core.package_discovery:discover_packages(ignore) using defaults
[0.945s] Level 1:colcon.colcon_core.package_discovery:discover_packages(path) discover
[0.945s] Level 1:colcon.colcon_core.package_discovery:discover_packages(path) using defaults
[0.988s] Level 1:colcon.colcon_core.package_discovery:discover_packages(prefix_path) check parameters
[0.988s] Level 1:colcon.colcon_core.package_discovery:discover_packages(prefix_path) discover
[0.993s] DEBUG:colcon.colcon_installed_package_information.package_discovery:Found 1 installed packages in /home/luca/DAS_ros2_files/task2/install
[0.998s] DEBUG:colcon.colcon_installed_package_information.package_discovery:Found 338 installed packages in /opt/ros/galactic
[1.003s] Level 1:colcon.colcon_core.package_discovery:discover_packages(prefix_path) using defaults
[1.200s] Level 5:colcon.colcon_core.verb:set package 'task2' build argument 'cmake_args' from command line to 'None'
[1.200s] Level 5:colcon.colcon_core.verb:set package 'task2' build argument 'cmake_target' from command line to 'None'
[1.200s] Level 5:colcon.colcon_core.verb:set package 'task2' build argument 'cmake_target_skip_unavailable' from command line to 'False'
[1.200s] Level 5:colcon.colcon_core.verb:set package 'task2' build argument 'cmake_clean_cache' from command line to 'False'
[1.200s] Level 5:colcon.colcon_core.verb:set package 'task2' build argument 'cmake_clean_first' from command line to 'False'
[1.201s] Level 5:colcon.colcon_core.verb:set package 'task2' build argument 'cmake_force_configure' from command line to 'False'
[1.201s] Level 5:colcon.colcon_core.verb:set package 'task2' build argument 'ament_cmake_args' from command line to 'None'
[1.201s] Level 5:colcon.colcon_core.verb:set package 'task2' build argument 'catkin_cmake_args' from command line to 'None'
[1.201s] Level 5:colcon.colcon_core.verb:set package 'task2' build argument 'catkin_skip_building_tests' from command line to 'False'
[1.201s] DEBUG:colcon.colcon_core.verb:Building package 'task2' with the following arguments: {'ament_cmake_args': None, 'build_base': '/home/luca/DAS_ros2_files/task2/build/task2', 'catkin_cmake_args': None, 'catkin_skip_building_tests': False, 'cmake_args': None, 'cmake_clean_cache': False, 'cmake_clean_first': False, 'cmake_force_configure': False, 'cmake_target': None, 'cmake_target_skip_unavailable': False, 'install_base': '/home/luca/DAS_ros2_files/task2/install/task2', 'merge_install': False, 'path': '/home/luca/DAS_ros2_files/task2/src/task2', 'symlink_install': True, 'test_result_base': None}
[1.203s] INFO:colcon.colcon_core.executor:Executing jobs using 'parallel' executor
[1.211s] DEBUG:colcon.colcon_parallel_executor.executor.parallel:run_until_complete
[1.211s] INFO:colcon.colcon_ros.task.ament_python.build:Building ROS package in '/home/luca/DAS_ros2_files/task2/src/task2' with build type 'ament_python'
[1.212s] Level 1:colcon.colcon_core.shell:create_environment_hook('task2', 'ament_prefix_path')
[1.221s] INFO:colcon.colcon_core.plugin_system:Skipping extension 'colcon_core.shell.bat': Not used on non-Windows systems
[1.224s] INFO:colcon.colcon_core.shell:Creating environment hook '/home/luca/DAS_ros2_files/task2/install/task2/share/task2/hook/ament_prefix_path.ps1'
[1.227s] INFO:colcon.colcon_core.shell:Creating environment descriptor '/home/luca/DAS_ros2_files/task2/install/task2/share/task2/hook/ament_prefix_path.dsv'
[1.228s] INFO:colcon.colcon_core.shell:Creating environment hook '/home/luca/DAS_ros2_files/task2/install/task2/share/task2/hook/ament_prefix_path.sh'
[1.233s] INFO:colcon.colcon_core.shell:Skip shell extension 'powershell' for command environment: Not usable outside of PowerShell
[1.233s] DEBUG:colcon.colcon_core.shell:Skip shell extension 'dsv' for command environment
[1.900s] INFO:colcon.colcon_core.task.python.build:Building Python package in '/home/luca/DAS_ros2_files/task2/src/task2'
[1.904s] INFO:colcon.colcon_core.shell:Skip shell extension 'powershell' for command environment: Not usable outside of PowerShell
[1.904s] DEBUG:colcon.colcon_core.shell:Skip shell extension 'dsv' for command environment
[2.989s] DEBUG:colcon.colcon_core.event_handler.log_command:Invoking command in '/home/luca/DAS_ros2_files/task2/build/task2': PYTHONPATH=/home/luca/DAS_ros2_files/task2/build/task2/prefix_override:/home/luca/DAS_ros2_files/task2/install/task2/lib/python3.8/site-packages:${PYTHONPATH} /usr/bin/python3 setup.py develop --editable --build-directory /home/luca/DAS_ros2_files/task2/build/task2/build --no-deps install_data
[4.226s] Level 1:colcon.colcon_core.shell:create_environment_hook('task2', 'pythonpath_develop')
[4.230s] INFO:colcon.colcon_core.shell:Creating environment hook '/home/luca/DAS_ros2_files/task2/build/task2/share/task2/hook/pythonpath_develop.ps1'
[4.233s] INFO:colcon.colcon_core.shell:Creating environment descriptor '/home/luca/DAS_ros2_files/task2/build/task2/share/task2/hook/pythonpath_develop.dsv'
[4.234s] INFO:colcon.colcon_core.shell:Creating environment hook '/home/luca/DAS_ros2_files/task2/build/task2/share/task2/hook/pythonpath_develop.sh'
[4.236s] DEBUG:colcon.colcon_core.event_handler.log_command:Invoked command in '/home/luca/DAS_ros2_files/task2/build/task2' returned '0': PYTHONPATH=/home/luca/DAS_ros2_files/task2/build/task2/prefix_override:/home/luca/DAS_ros2_files/task2/install/task2/lib/python3.8/site-packages:${PYTHONPATH} /usr/bin/python3 setup.py develop --editable --build-directory /home/luca/DAS_ros2_files/task2/build/task2/build --no-deps install_data
[4.249s] Level 1:colcon.colcon_core.environment:checking '/home/luca/DAS_ros2_files/task2/install/task2' for CMake module files
[4.251s] Level 1:colcon.colcon_core.environment:checking '/home/luca/DAS_ros2_files/task2/install/task2' for CMake config files
[4.252s] Level 1:colcon.colcon_core.environment:checking '/home/luca/DAS_ros2_files/task2/install/task2/lib'
[4.253s] Level 1:colcon.colcon_core.environment:checking '/home/luca/DAS_ros2_files/task2/install/task2/bin'
[4.253s] Level 1:colcon.colcon_core.environment:checking '/home/luca/DAS_ros2_files/task2/install/task2/lib/pkgconfig/task2.pc'
[4.254s] Level 1:colcon.colcon_core.environment:checking '/home/luca/DAS_ros2_files/task2/install/task2/lib/python3.8/site-packages'
[4.254s] Level 1:colcon.colcon_core.shell:create_environment_hook('task2', 'pythonpath')
[4.258s] INFO:colcon.colcon_core.shell:Creating environment hook '/home/luca/DAS_ros2_files/task2/install/task2/share/task2/hook/pythonpath.ps1'
[4.259s] INFO:colcon.colcon_core.shell:Creating environment descriptor '/home/luca/DAS_ros2_files/task2/install/task2/share/task2/hook/pythonpath.dsv'
[4.260s] INFO:colcon.colcon_core.shell:Creating environment hook '/home/luca/DAS_ros2_files/task2/install/task2/share/task2/hook/pythonpath.sh'
[4.262s] Level 1:colcon.colcon_core.environment:checking '/home/luca/DAS_ros2_files/task2/install/task2/bin'
[4.262s] Level 1:colcon.colcon_core.environment:create_environment_scripts_only(task2)
[4.273s] INFO:colcon.colcon_core.shell:Creating package script '/home/luca/DAS_ros2_files/task2/install/task2/share/task2/package.ps1'
[4.275s] INFO:colcon.colcon_core.shell:Creating package descriptor '/home/luca/DAS_ros2_files/task2/install/task2/share/task2/package.dsv'
[4.280s] INFO:colcon.colcon_core.shell:Creating package script '/home/luca/DAS_ros2_files/task2/install/task2/share/task2/package.sh'
[4.283s] INFO:colcon.colcon_core.shell:Creating package script '/home/luca/DAS_ros2_files/task2/install/task2/share/task2/package.bash'
[4.286s] INFO:colcon.colcon_core.shell:Creating package script '/home/luca/DAS_ros2_files/task2/install/task2/share/task2/package.zsh'
[4.289s] Level 1:colcon.colcon_core.environment:create_file_with_runtime_dependencies(/home/luca/DAS_ros2_files/task2/install/task2/share/colcon-core/packages/task2)
[4.293s] DEBUG:colcon.colcon_parallel_executor.executor.parallel:closing loop
[4.294s] DEBUG:colcon.colcon_parallel_executor.executor.parallel:loop closed
[4.294s] DEBUG:colcon.colcon_parallel_executor.executor.parallel:run_until_complete finished with '0'
[4.294s] DEBUG:colcon.colcon_core.event_reactor:joining thread
[4.324s] INFO:colcon.colcon_core.plugin_system:Skipping extension 'colcon_notification.desktop_notification.terminal_notifier': Not used on non-Darwin systems
[4.324s] INFO:colcon.colcon_core.plugin_system:Skipping extension 'colcon_notification.desktop_notification.win32': Not used on non-Windows systems
[4.324s] INFO:colcon.colcon_notification.desktop_notification:Sending desktop notification using 'notify2'
[4.339s] DEBUG:colcon.colcon_core.event_reactor:joined thread
[4.344s] INFO:colcon.colcon_core.shell:Creating prefix script '/home/luca/DAS_ros2_files/task2/install/local_setup.ps1'
[4.347s] INFO:colcon.colcon_core.shell:Creating prefix util module '/home/luca/DAS_ros2_files/task2/install/_local_setup_util_ps1.py'
[4.355s] INFO:colcon.colcon_core.shell:Creating prefix chain script '/home/luca/DAS_ros2_files/task2/install/setup.ps1'
[4.360s] INFO:colcon.colcon_core.shell:Creating prefix script '/home/luca/DAS_ros2_files/task2/install/local_setup.sh'
[4.366s] INFO:colcon.colcon_core.shell:Creating prefix util module '/home/luca/DAS_ros2_files/task2/install/_local_setup_util_sh.py'
[4.367s] INFO:colcon.colcon_core.shell:Creating prefix chain script '/home/luca/DAS_ros2_files/task2/install/setup.sh'
[4.371s] INFO:colcon.colcon_core.shell:Creating prefix script '/home/luca/DAS_ros2_files/task2/install/local_setup.bash'
[4.373s] INFO:colcon.colcon_core.shell:Creating prefix chain script '/home/luca/DAS_ros2_files/task2/install/setup.bash'
[4.382s] INFO:colcon.colcon_core.shell:Creating prefix script '/home/luca/DAS_ros2_files/task2/install/local_setup.zsh'
[4.384s] INFO:colcon.colcon_core.shell:Creating prefix chain script '/home/luca/DAS_ros2_files/task2/install/setup.zsh'
