[1.517s] Invoking command in '/home/luca/DAS_ros2_files/task2/build/task2': PYTHONPATH=/home/luca/DAS_ros2_files/task2/build/task2/prefix_override:/home/luca/DAS_ros2_files/task2/install/task2/lib/python3.8/site-packages:${PYTHONPATH} /usr/bin/python3 setup.py develop --editable --build-directory /home/luca/DAS_ros2_files/task2/build/task2/build --no-deps install_data
[1.933s] running develop
[2.187s] running egg_info
[2.188s] writing task2.egg-info/PKG-INFO
[2.188s] writing dependency_links to task2.egg-info/dependency_links.txt
[2.188s] writing entry points to task2.egg-info/entry_points.txt
[2.189s] writing requirements to task2.egg-info/requires.txt
[2.189s] writing top-level names to task2.egg-info/top_level.txt
[2.258s] reading manifest file 'task2.egg-info/SOURCES.txt'
[2.261s] writing manifest file 'task2.egg-info/SOURCES.txt'
[2.328s] running build_ext
[2.331s] Creating /home/luca/DAS_ros2_files/task2/install/task2/lib/python3.8/site-packages/task2.egg-link (link to .)
[2.334s] Installing goal_visualizer script to /home/luca/DAS_ros2_files/task2/install/task2/lib/task2
[2.335s] Installing obstacle_visualizer script to /home/luca/DAS_ros2_files/task2/install/task2/lib/task2
[2.337s] Installing the_agent_collision script to /home/luca/DAS_ros2_files/task2/install/task2/lib/task2
[2.339s] Installing the_agent_complete script to /home/luca/DAS_ros2_files/task2/install/task2/lib/task2
[2.340s] Installing the_agent_formation script to /home/luca/DAS_ros2_files/task2/install/task2/lib/task2
[2.340s] Installing the_agent_leader_follower script to /home/luca/DAS_ros2_files/task2/install/task2/lib/task2
[2.340s] Installing the_agent_obstacle_avoidance script to /home/luca/DAS_ros2_files/task2/install/task2/lib/task2
[2.340s] Installing visualizer script to /home/luca/DAS_ros2_files/task2/install/task2/lib/task2
[2.341s] 
[2.341s] Installed /home/luca/DAS_ros2_files/task2/build/task2
[2.341s] running install_data
[2.341s] copying launch/task2_obstacle_avoidance.launch.py -> /home/luca/DAS_ros2_files/task2/install/task2/share/task2
[2.387s] Invoked command in '/home/luca/DAS_ros2_files/task2/build/task2' returned '0': PYTHONPATH=/home/luca/DAS_ros2_files/task2/build/task2/prefix_override:/home/luca/DAS_ros2_files/task2/install/task2/lib/python3.8/site-packages:${PYTHONPATH} /usr/bin/python3 setup.py develop --editable --build-directory /home/luca/DAS_ros2_files/task2/build/task2/build --no-deps install_data
