[0.744s] DEBUG:colcon:Command line arguments: ['/usr/bin/colcon', 'build']
[0.745s] DEBUG:colcon:Parsed command line arguments: Namespace(allow_overriding=[], ament_cmake_args=None, base_paths=['.'], build_base='build', catkin_cmake_args=None, catkin_skip_building_tests=False, cmake_args=None, cmake_clean_cache=False, cmake_clean_first=False, cmake_force_configure=False, cmake_target=None, cmake_target_skip_unavailable=False, continue_on_error=False, event_handlers=None, executor='parallel', ignore_user_meta=False, install_base='install', log_base=None, log_level=None, main=<bound method BuildVerb.main of <colcon_core.verb.build.BuildVerb object at 0x7f7e0a26c0a0>>, merge_install=False, metas=['./colcon.meta'], packages_above=None, packages_above_and_dependencies=None, packages_above_depth=None, packages_end=None, packages_ignore=None, packages_ignore_regex=None, packages_select=None, packages_select_build_failed=False, packages_select_by_dep=None, packages_select_regex=None, packages_select_test_failures=False, packages_skip=None, packages_skip_build_finished=False, packages_skip_by_dep=None, packages_skip_regex=None, packages_skip_test_passed=False, packages_skip_up_to=None, packages_start=None, packages_up_to=None, packages_up_to_regex=None, parallel_workers=1, paths=None, symlink_install=False, test_result_base=None, verb_extension=<colcon_core.verb.build.BuildVerb object at 0x7f7e0a26c0a0>, verb_name='build', verb_parser=<colcon_defaults.argument_parser.defaults.DefaultArgumentsDecorator object at 0x7f7e0a26c5e0>)
[0.880s] Level 1:colcon.colcon_core.package_discovery:discover_packages(colcon_meta) check parameters
[0.881s] Level 1:colcon.colcon_core.package_discovery:discover_packages(recursive) check parameters
[0.881s] Level 1:colcon.colcon_core.package_discovery:discover_packages(ignore) check parameters
[0.881s] Level 1:colcon.colcon_core.package_discovery:discover_packages(path) check parameters
[0.882s] Level 1:colcon.colcon_core.package_discovery:discover_packages(colcon_meta) discover
[0.882s] Level 1:colcon.colcon_core.package_discovery:discover_packages(recursive) discover
[0.882s] INFO:colcon.colcon_core.package_discovery:Crawling recursively for packages in '/media/sf_DAS_Group12_project_updated/DAS_Group12_project_updated/task2'
[0.884s] Level 1:colcon.colcon_core.package_identification:_identify(.) by extensions ['ignore', 'ignore_ament_install']
[0.885s] Level 1:colcon.colcon_core.package_identification:_identify(.) by extension 'ignore'
[0.885s] Level 1:colcon.colcon_core.package_identification:_identify(.) by extension 'ignore_ament_install'
[0.886s] Level 1:colcon.colcon_core.package_identification:_identify(.) by extensions ['colcon_pkg']
[0.887s] Level 1:colcon.colcon_core.package_identification:_identify(.) by extension 'colcon_pkg'
[0.887s] Level 1:colcon.colcon_core.package_identification:_identify(.) by extensions ['colcon_meta']
[0.887s] Level 1:colcon.colcon_core.package_identification:_identify(.) by extension 'colcon_meta'
[0.888s] Level 1:colcon.colcon_core.package_identification:_identify(.) by extensions ['ros']
[0.888s] Level 1:colcon.colcon_core.package_identification:_identify(.) by extension 'ros'
[0.920s] Level 1:colcon.colcon_core.package_identification:_identify(.) by extensions ['cmake', 'python']
[0.920s] Level 1:colcon.colcon_core.package_identification:_identify(.) by extension 'cmake'
[0.921s] Level 1:colcon.colcon_core.package_identification:_identify(.) by extension 'python'
[0.922s] Level 1:colcon.colcon_core.package_identification:_identify(.) by extensions ['python_setup_py']
[0.922s] Level 1:colcon.colcon_core.package_identification:_identify(.) by extension 'python_setup_py'
[0.924s] Level 1:colcon.colcon_core.package_identification:_identify(build) by extensions ['ignore', 'ignore_ament_install']
[0.924s] Level 1:colcon.colcon_core.package_identification:_identify(build) by extension 'ignore'
[0.925s] Level 1:colcon.colcon_core.package_identification:_identify(build) ignored
[0.926s] Level 1:colcon.colcon_core.package_identification:_identify(install) by extensions ['ignore', 'ignore_ament_install']
[0.927s] Level 1:colcon.colcon_core.package_identification:_identify(install) by extension 'ignore'
[0.928s] Level 1:colcon.colcon_core.package_identification:_identify(install) ignored
[0.929s] Level 1:colcon.colcon_core.package_identification:_identify(log) by extensions ['ignore', 'ignore_ament_install']
[0.930s] Level 1:colcon.colcon_core.package_identification:_identify(log) by extension 'ignore'
[0.930s] Level 1:colcon.colcon_core.package_identification:_identify(log) ignored
[0.932s] Level 1:colcon.colcon_core.package_identification:_identify(task2) by extensions ['ignore', 'ignore_ament_install']
[0.932s] Level 1:colcon.colcon_core.package_identification:_identify(task2) by extension 'ignore'
[0.933s] Level 1:colcon.colcon_core.package_identification:_identify(task2) by extension 'ignore_ament_install'
[0.935s] Level 1:colcon.colcon_core.package_identification:_identify(task2) by extensions ['colcon_pkg']
[0.935s] Level 1:colcon.colcon_core.package_identification:_identify(task2) by extension 'colcon_pkg'
[0.936s] Level 1:colcon.colcon_core.package_identification:_identify(task2) by extensions ['colcon_meta']
[0.937s] Level 1:colcon.colcon_core.package_identification:_identify(task2) by extension 'colcon_meta'
[0.937s] Level 1:colcon.colcon_core.package_identification:_identify(task2) by extensions ['ros']
[0.938s] Level 1:colcon.colcon_core.package_identification:_identify(task2) by extension 'ros'
[0.940s] Level 1:colcon.colcon_core.package_identification:_identify(task2) by extensions ['cmake', 'python']
[0.940s] Level 1:colcon.colcon_core.package_identification:_identify(task2) by extension 'cmake'
[0.941s] Level 1:colcon.colcon_core.package_identification:_identify(task2) by extension 'python'
[0.942s] Level 1:colcon.colcon_core.package_identification:_identify(task2) by extensions ['python_setup_py']
[0.942s] Level 1:colcon.colcon_core.package_identification:_identify(task2) by extension 'python_setup_py'
[0.945s] Level 1:colcon.colcon_core.package_identification:_identify(task2/build) by extensions ['ignore', 'ignore_ament_install']
[0.946s] Level 1:colcon.colcon_core.package_identification:_identify(task2/build) by extension 'ignore'
[0.947s] Level 1:colcon.colcon_core.package_identification:_identify(task2/build) ignored
[0.950s] Level 1:colcon.colcon_core.package_identification:_identify(task2/install) by extensions ['ignore', 'ignore_ament_install']
[0.951s] Level 1:colcon.colcon_core.package_identification:_identify(task2/install) by extension 'ignore'
[0.953s] Level 1:colcon.colcon_core.package_identification:_identify(task2/install) ignored
[0.956s] Level 1:colcon.colcon_core.package_identification:_identify(task2/log) by extensions ['ignore', 'ignore_ament_install']
[0.957s] Level 1:colcon.colcon_core.package_identification:_identify(task2/log) by extension 'ignore'
[0.958s] Level 1:colcon.colcon_core.package_identification:_identify(task2/log) ignored
[0.960s] Level 1:colcon.colcon_core.package_identification:_identify(task2/src) by extensions ['ignore', 'ignore_ament_install']
[0.961s] Level 1:colcon.colcon_core.package_identification:_identify(task2/src) by extension 'ignore'
[0.962s] Level 1:colcon.colcon_core.package_identification:_identify(task2/src) by extension 'ignore_ament_install'
[0.963s] Level 1:colcon.colcon_core.package_identification:_identify(task2/src) by extensions ['colcon_pkg']
[0.964s] Level 1:colcon.colcon_core.package_identification:_identify(task2/src) by extension 'colcon_pkg'
[0.964s] Level 1:colcon.colcon_core.package_identification:_identify(task2/src) by extensions ['colcon_meta']
[0.965s] Level 1:colcon.colcon_core.package_identification:_identify(task2/src) by extension 'colcon_meta'
[0.965s] Level 1:colcon.colcon_core.package_identification:_identify(task2/src) by extensions ['ros']
[0.966s] Level 1:colcon.colcon_core.package_identification:_identify(task2/src) by extension 'ros'
[0.968s] Level 1:colcon.colcon_core.package_identification:_identify(task2/src) by extensions ['cmake', 'python']
[0.968s] Level 1:colcon.colcon_core.package_identification:_identify(task2/src) by extension 'cmake'
[0.970s] Level 1:colcon.colcon_core.package_identification:_identify(task2/src) by extension 'python'
[0.970s] Level 1:colcon.colcon_core.package_identification:_identify(task2/src) by extensions ['python_setup_py']
[0.971s] Level 1:colcon.colcon_core.package_identification:_identify(task2/src) by extension 'python_setup_py'
[0.973s] Level 1:colcon.colcon_core.package_identification:_identify(task2/src/task2) by extensions ['ignore', 'ignore_ament_install']
[0.974s] Level 1:colcon.colcon_core.package_identification:_identify(task2/src/task2) by extension 'ignore'
[0.975s] Level 1:colcon.colcon_core.package_identification:_identify(task2/src/task2) by extension 'ignore_ament_install'
[0.976s] Level 1:colcon.colcon_core.package_identification:_identify(task2/src/task2) by extensions ['colcon_pkg']
[0.977s] Level 1:colcon.colcon_core.package_identification:_identify(task2/src/task2) by extension 'colcon_pkg'
[0.978s] Level 1:colcon.colcon_core.package_identification:_identify(task2/src/task2) by extensions ['colcon_meta']
[0.978s] Level 1:colcon.colcon_core.package_identification:_identify(task2/src/task2) by extension 'colcon_meta'
[0.979s] Level 1:colcon.colcon_core.package_identification:_identify(task2/src/task2) by extensions ['ros']
[0.979s] Level 1:colcon.colcon_core.package_identification:_identify(task2/src/task2) by extension 'ros'
[1.027s] DEBUG:colcon.colcon_core.package_identification:Package 'task2/src/task2' with type 'ros.ament_python' and name 'task2'
[1.028s] Level 1:colcon.colcon_core.package_discovery:discover_packages(recursive) using defaults
[1.029s] Level 1:colcon.colcon_core.package_discovery:discover_packages(ignore) discover
[1.029s] Level 1:colcon.colcon_core.package_discovery:discover_packages(ignore) using defaults
[1.029s] Level 1:colcon.colcon_core.package_discovery:discover_packages(path) discover
[1.030s] Level 1:colcon.colcon_core.package_discovery:discover_packages(path) using defaults
[1.146s] Level 1:colcon.colcon_core.package_discovery:discover_packages(prefix_path) check parameters
[1.146s] Level 1:colcon.colcon_core.package_discovery:discover_packages(prefix_path) discover
[1.166s] DEBUG:colcon.colcon_installed_package_information.package_discovery:Found 317 installed packages in /opt/ros/galactic
[1.170s] Level 1:colcon.colcon_core.package_discovery:discover_packages(prefix_path) using defaults
[1.440s] Level 5:colcon.colcon_core.verb:set package 'task2' build argument 'cmake_args' from command line to 'None'
[1.441s] Level 5:colcon.colcon_core.verb:set package 'task2' build argument 'cmake_target' from command line to 'None'
[1.441s] Level 5:colcon.colcon_core.verb:set package 'task2' build argument 'cmake_target_skip_unavailable' from command line to 'False'
[1.442s] Level 5:colcon.colcon_core.verb:set package 'task2' build argument 'cmake_clean_cache' from command line to 'False'
[1.442s] Level 5:colcon.colcon_core.verb:set package 'task2' build argument 'cmake_clean_first' from command line to 'False'
[1.442s] Level 5:colcon.colcon_core.verb:set package 'task2' build argument 'cmake_force_configure' from command line to 'False'
[1.442s] Level 5:colcon.colcon_core.verb:set package 'task2' build argument 'ament_cmake_args' from command line to 'None'
[1.443s] Level 5:colcon.colcon_core.verb:set package 'task2' build argument 'catkin_cmake_args' from command line to 'None'
[1.443s] Level 5:colcon.colcon_core.verb:set package 'task2' build argument 'catkin_skip_building_tests' from command line to 'False'
[1.444s] DEBUG:colcon.colcon_core.verb:Building package 'task2' with the following arguments: {'ament_cmake_args': None, 'build_base': '/media/sf_DAS_Group12_project_updated/DAS_Group12_project_updated/task2/build/task2', 'catkin_cmake_args': None, 'catkin_skip_building_tests': False, 'cmake_args': None, 'cmake_clean_cache': False, 'cmake_clean_first': False, 'cmake_force_configure': False, 'cmake_target': None, 'cmake_target_skip_unavailable': False, 'install_base': '/media/sf_DAS_Group12_project_updated/DAS_Group12_project_updated/task2/install/task2', 'merge_install': False, 'path': '/media/sf_DAS_Group12_project_updated/DAS_Group12_project_updated/task2/task2/src/task2', 'symlink_install': False, 'test_result_base': None}
[1.446s] INFO:colcon.colcon_core.executor:Executing jobs using 'parallel' executor
[1.460s] DEBUG:colcon.colcon_parallel_executor.executor.parallel:run_until_complete
[1.461s] INFO:colcon.colcon_ros.task.ament_python.build:Building ROS package in '/media/sf_DAS_Group12_project_updated/DAS_Group12_project_updated/task2/task2/src/task2' with build type 'ament_python'
[1.462s] Level 1:colcon.colcon_core.shell:create_environment_hook('task2', 'ament_prefix_path')
[1.496s] INFO:colcon.colcon_core.plugin_system:Skipping extension 'colcon_core.shell.bat': Not used on non-Windows systems
[1.498s] INFO:colcon.colcon_core.shell:Creating environment hook '/media/sf_DAS_Group12_project_updated/DAS_Group12_project_updated/task2/install/task2/share/task2/hook/ament_prefix_path.ps1'
[1.517s] INFO:colcon.colcon_core.shell:Creating environment descriptor '/media/sf_DAS_Group12_project_updated/DAS_Group12_project_updated/task2/install/task2/share/task2/hook/ament_prefix_path.dsv'
[1.524s] INFO:colcon.colcon_core.shell:Creating environment hook '/media/sf_DAS_Group12_project_updated/DAS_Group12_project_updated/task2/install/task2/share/task2/hook/ament_prefix_path.sh'
[1.541s] INFO:colcon.colcon_core.shell:Skip shell extension 'powershell' for command environment: Not usable outside of PowerShell
[1.542s] DEBUG:colcon.colcon_core.shell:Skip shell extension 'dsv' for command environment
[2.436s] INFO:colcon.colcon_core.task.python.build:Building Python package in '/media/sf_DAS_Group12_project_updated/DAS_Group12_project_updated/task2/task2/src/task2'
[2.443s] INFO:colcon.colcon_core.shell:Skip shell extension 'powershell' for command environment: Not usable outside of PowerShell
[2.443s] DEBUG:colcon.colcon_core.shell:Skip shell extension 'dsv' for command environment
[3.972s] DEBUG:colcon.colcon_core.event_handler.log_command:Invoking command in '/media/sf_DAS_Group12_project_updated/DAS_Group12_project_updated/task2/task2/src/task2': PYTHONPATH=/media/sf_DAS_Group12_project_updated/DAS_Group12_project_updated/task2/install/task2/lib/python3.8/site-packages:${PYTHONPATH} /usr/bin/python3 setup.py egg_info --egg-base ../../../build/task2 build --build-base /media/sf_DAS_Group12_project_updated/DAS_Group12_project_updated/task2/build/task2/build install --prefix /media/sf_DAS_Group12_project_updated/DAS_Group12_project_updated/task2/install/task2 --record /media/sf_DAS_Group12_project_updated/DAS_Group12_project_updated/task2/build/task2/install.log --single-version-externally-managed
[5.867s] DEBUG:colcon.colcon_core.event_handler.log_command:Invoked command in '/media/sf_DAS_Group12_project_updated/DAS_Group12_project_updated/task2/task2/src/task2' returned '0': PYTHONPATH=/media/sf_DAS_Group12_project_updated/DAS_Group12_project_updated/task2/install/task2/lib/python3.8/site-packages:${PYTHONPATH} /usr/bin/python3 setup.py egg_info --egg-base ../../../build/task2 build --build-base /media/sf_DAS_Group12_project_updated/DAS_Group12_project_updated/task2/build/task2/build install --prefix /media/sf_DAS_Group12_project_updated/DAS_Group12_project_updated/task2/install/task2 --record /media/sf_DAS_Group12_project_updated/DAS_Group12_project_updated/task2/build/task2/install.log --single-version-externally-managed
[5.925s] Level 1:colcon.colcon_core.environment:checking '/media/sf_DAS_Group12_project_updated/DAS_Group12_project_updated/task2/install/task2' for CMake module files
[5.942s] Level 1:colcon.colcon_core.environment:checking '/media/sf_DAS_Group12_project_updated/DAS_Group12_project_updated/task2/install/task2' for CMake config files
[5.972s] Level 1:colcon.colcon_core.environment:checking '/media/sf_DAS_Group12_project_updated/DAS_Group12_project_updated/task2/install/task2/lib'
[5.975s] Level 1:colcon.colcon_core.environment:checking '/media/sf_DAS_Group12_project_updated/DAS_Group12_project_updated/task2/install/task2/bin'
[5.977s] Level 1:colcon.colcon_core.environment:checking '/media/sf_DAS_Group12_project_updated/DAS_Group12_project_updated/task2/install/task2/lib/pkgconfig/task2.pc'
[5.979s] Level 1:colcon.colcon_core.environment:checking '/media/sf_DAS_Group12_project_updated/DAS_Group12_project_updated/task2/install/task2/lib/python3.8/site-packages'
[5.980s] Level 1:colcon.colcon_core.shell:create_environment_hook('task2', 'pythonpath')
[5.986s] INFO:colcon.colcon_core.shell:Creating environment hook '/media/sf_DAS_Group12_project_updated/DAS_Group12_project_updated/task2/install/task2/share/task2/hook/pythonpath.ps1'
[5.992s] INFO:colcon.colcon_core.shell:Creating environment descriptor '/media/sf_DAS_Group12_project_updated/DAS_Group12_project_updated/task2/install/task2/share/task2/hook/pythonpath.dsv'
[6.000s] INFO:colcon.colcon_core.shell:Creating environment hook '/media/sf_DAS_Group12_project_updated/DAS_Group12_project_updated/task2/install/task2/share/task2/hook/pythonpath.sh'
[6.009s] Level 1:colcon.colcon_core.environment:checking '/media/sf_DAS_Group12_project_updated/DAS_Group12_project_updated/task2/install/task2/bin'
[6.018s] Level 1:colcon.colcon_core.environment:create_environment_scripts_only(task2)
[6.030s] INFO:colcon.colcon_core.shell:Creating package script '/media/sf_DAS_Group12_project_updated/DAS_Group12_project_updated/task2/install/task2/share/task2/package.ps1'
[6.040s] INFO:colcon.colcon_core.shell:Creating package descriptor '/media/sf_DAS_Group12_project_updated/DAS_Group12_project_updated/task2/install/task2/share/task2/package.dsv'
[6.049s] INFO:colcon.colcon_core.shell:Creating package script '/media/sf_DAS_Group12_project_updated/DAS_Group12_project_updated/task2/install/task2/share/task2/package.sh'
[6.058s] INFO:colcon.colcon_core.shell:Creating package script '/media/sf_DAS_Group12_project_updated/DAS_Group12_project_updated/task2/install/task2/share/task2/package.bash'
[6.075s] INFO:colcon.colcon_core.shell:Creating package script '/media/sf_DAS_Group12_project_updated/DAS_Group12_project_updated/task2/install/task2/share/task2/package.zsh'
[6.088s] Level 1:colcon.colcon_core.environment:create_file_with_runtime_dependencies(/media/sf_DAS_Group12_project_updated/DAS_Group12_project_updated/task2/install/task2/share/colcon-core/packages/task2)
[6.101s] DEBUG:colcon.colcon_parallel_executor.executor.parallel:closing loop
[6.104s] DEBUG:colcon.colcon_parallel_executor.executor.parallel:loop closed
[6.107s] DEBUG:colcon.colcon_parallel_executor.executor.parallel:run_until_complete finished with '0'
[6.111s] DEBUG:colcon.colcon_core.event_reactor:joining thread
[6.205s] INFO:colcon.colcon_core.plugin_system:Skipping extension 'colcon_notification.desktop_notification.terminal_notifier': Not used on non-Darwin systems
[6.205s] INFO:colcon.colcon_core.plugin_system:Skipping extension 'colcon_notification.desktop_notification.win32': Not used on non-Windows systems
[6.206s] INFO:colcon.colcon_notification.desktop_notification:Sending desktop notification using 'notify2'
[6.235s] DEBUG:colcon.colcon_core.event_reactor:joined thread
[6.245s] INFO:colcon.colcon_core.shell:Creating prefix script '/media/sf_DAS_Group12_project_updated/DAS_Group12_project_updated/task2/install/local_setup.ps1'
[6.262s] INFO:colcon.colcon_core.shell:Creating prefix util module '/media/sf_DAS_Group12_project_updated/DAS_Group12_project_updated/task2/install/_local_setup_util_ps1.py'
[6.280s] INFO:colcon.colcon_core.shell:Creating prefix chain script '/media/sf_DAS_Group12_project_updated/DAS_Group12_project_updated/task2/install/setup.ps1'
[6.296s] INFO:colcon.colcon_core.shell:Creating prefix script '/media/sf_DAS_Group12_project_updated/DAS_Group12_project_updated/task2/install/local_setup.sh'
[6.305s] INFO:colcon.colcon_core.shell:Creating prefix util module '/media/sf_DAS_Group12_project_updated/DAS_Group12_project_updated/task2/install/_local_setup_util_sh.py'
[6.315s] INFO:colcon.colcon_core.shell:Creating prefix chain script '/media/sf_DAS_Group12_project_updated/DAS_Group12_project_updated/task2/install/setup.sh'
[6.329s] INFO:colcon.colcon_core.shell:Creating prefix script '/media/sf_DAS_Group12_project_updated/DAS_Group12_project_updated/task2/install/local_setup.bash'
[6.339s] INFO:colcon.colcon_core.shell:Creating prefix chain script '/media/sf_DAS_Group12_project_updated/DAS_Group12_project_updated/task2/install/setup.bash'
[6.352s] INFO:colcon.colcon_core.shell:Creating prefix script '/media/sf_DAS_Group12_project_updated/DAS_Group12_project_updated/task2/install/local_setup.zsh'
[6.361s] INFO:colcon.colcon_core.shell:Creating prefix chain script '/media/sf_DAS_Group12_project_updated/DAS_Group12_project_updated/task2/install/setup.zsh'
