[0.018s] Invoking command in '/home/luca/AMR_project/task1/build/turtlebot3_simulations': CMAKE_PREFIX_PATH=/home/luca/AMR_project/task1/install/turtlebot3_gazebo:/home/luca/AMR_project/task1/install/turtlebot3_simulations:/opt/ros/galactic /usr/bin/cmake /home/luca/AMR_project/task1/src/turtlebot3_simulations/turtlebot3_simulations -DCMAKE_INSTALL_PREFIX=/home/luca/AMR_project/task1/install/turtlebot3_simulations
[0.140s] -- The C compiler identification is GNU 9.4.0
[0.238s] -- The CXX compiler identification is GNU 9.4.0
[0.249s] -- Check for working C compiler: /usr/bin/cc
[0.385s] -- Check for working C compiler: /usr/bin/cc -- works
[0.386s] -- Detecting C compiler ABI info
[0.532s] -- Detecting C compiler ABI info - done
[0.553s] -- Detecting C compile features
[0.553s] -- Detecting C compile features - done
[0.558s] -- Check for working CXX compiler: /usr/bin/c++
[0.693s] -- Check for working CXX compiler: /usr/bin/c++ -- works
[0.698s] -- Detecting CXX compiler ABI info
[0.852s] -- Detecting CXX compiler ABI info - done
[0.882s] -- Detecting CXX compile features
[0.884s] -- Detecting CXX compile features - done
[0.887s] -- Found ament_cmake: 1.1.6 (/opt/ros/galactic/share/ament_cmake/cmake)
[0.933s] -- Found PythonInterp: /usr/bin/python3 (found suitable version "3.8.10", minimum required is "3") 
[0.934s] -- Using PYTHON_EXECUTABLE: /usr/bin/python3
[1.169s] -- Configuring done
[1.172s] -- Generating done
[1.174s] -- Build files have been written to: /home/luca/AMR_project/task1/build/turtlebot3_simulations
[1.185s] Invoked command in '/home/luca/AMR_project/task1/build/turtlebot3_simulations' returned '0': CMAKE_PREFIX_PATH=/home/luca/AMR_project/task1/install/turtlebot3_gazebo:/home/luca/AMR_project/task1/install/turtlebot3_simulations:/opt/ros/galactic /usr/bin/cmake /home/luca/AMR_project/task1/src/turtlebot3_simulations/turtlebot3_simulations -DCMAKE_INSTALL_PREFIX=/home/luca/AMR_project/task1/install/turtlebot3_simulations
[1.187s] Invoking command in '/home/luca/AMR_project/task1/build/turtlebot3_simulations': CMAKE_PREFIX_PATH=/home/luca/AMR_project/task1/install/turtlebot3_gazebo:/home/luca/AMR_project/task1/install/turtlebot3_simulations:/opt/ros/galactic /usr/bin/cmake --build /home/luca/AMR_project/task1/build/turtlebot3_simulations -- -j2 -l2
[1.260s] Invoked command in '/home/luca/AMR_project/task1/build/turtlebot3_simulations' returned '0': CMAKE_PREFIX_PATH=/home/luca/AMR_project/task1/install/turtlebot3_gazebo:/home/luca/AMR_project/task1/install/turtlebot3_simulations:/opt/ros/galactic /usr/bin/cmake --build /home/luca/AMR_project/task1/build/turtlebot3_simulations -- -j2 -l2
[1.306s] Invoking command in '/home/luca/AMR_project/task1/build/turtlebot3_simulations': CMAKE_PREFIX_PATH=/home/luca/AMR_project/task1/install/turtlebot3_gazebo:/home/luca/AMR_project/task1/install/turtlebot3_simulations:/opt/ros/galactic /usr/bin/cmake --install /home/luca/AMR_project/task1/build/turtlebot3_simulations
[1.319s] -- Install configuration: ""
[1.319s] -- Installing: /home/luca/AMR_project/task1/install/turtlebot3_simulations/share/ament_index/resource_index/package_run_dependencies/turtlebot3_simulations
[1.320s] -- Installing: /home/luca/AMR_project/task1/install/turtlebot3_simulations/share/ament_index/resource_index/parent_prefix_path/turtlebot3_simulations
[1.320s] -- Installing: /home/luca/AMR_project/task1/install/turtlebot3_simulations/share/turtlebot3_simulations/environment/ament_prefix_path.sh
[1.320s] -- Installing: /home/luca/AMR_project/task1/install/turtlebot3_simulations/share/turtlebot3_simulations/environment/ament_prefix_path.dsv
[1.320s] -- Installing: /home/luca/AMR_project/task1/install/turtlebot3_simulations/share/turtlebot3_simulations/environment/path.sh
[1.321s] -- Installing: /home/luca/AMR_project/task1/install/turtlebot3_simulations/share/turtlebot3_simulations/environment/path.dsv
[1.321s] -- Installing: /home/luca/AMR_project/task1/install/turtlebot3_simulations/share/turtlebot3_simulations/local_setup.bash
[1.321s] -- Installing: /home/luca/AMR_project/task1/install/turtlebot3_simulations/share/turtlebot3_simulations/local_setup.sh
[1.322s] -- Installing: /home/luca/AMR_project/task1/install/turtlebot3_simulations/share/turtlebot3_simulations/local_setup.zsh
[1.322s] -- Installing: /home/luca/AMR_project/task1/install/turtlebot3_simulations/share/turtlebot3_simulations/local_setup.dsv
[1.322s] -- Installing: /home/luca/AMR_project/task1/install/turtlebot3_simulations/share/turtlebot3_simulations/package.dsv
[1.322s] -- Installing: /home/luca/AMR_project/task1/install/turtlebot3_simulations/share/ament_index/resource_index/packages/turtlebot3_simulations
[1.323s] -- Installing: /home/luca/AMR_project/task1/install/turtlebot3_simulations/share/turtlebot3_simulations/cmake/turtlebot3_simulationsConfig.cmake
[1.323s] -- Installing: /home/luca/AMR_project/task1/install/turtlebot3_simulations/share/turtlebot3_simulations/cmake/turtlebot3_simulationsConfig-version.cmake
[1.323s] -- Installing: /home/luca/AMR_project/task1/install/turtlebot3_simulations/share/turtlebot3_simulations/package.xml
[1.335s] Invoked command in '/home/luca/AMR_project/task1/build/turtlebot3_simulations' returned '0': CMAKE_PREFIX_PATH=/home/luca/AMR_project/task1/install/turtlebot3_gazebo:/home/luca/AMR_project/task1/install/turtlebot3_simulations:/opt/ros/galactic /usr/bin/cmake --install /home/luca/AMR_project/task1/build/turtlebot3_simulations
