[1.978s] Invoking command in '/home/luca/DAS_ros2_files/task2/build/task2': PYTHONPATH=/home/luca/DAS_ros2_files/task2/build/task2/prefix_override:/home/luca/DAS_ros2_files/task2/install/task2/lib/python3.8/site-packages:${PYTHONPATH} /usr/bin/python3 setup.py develop --editable --build-directory /home/luca/DAS_ros2_files/task2/build/task2/build --no-deps install_data
[2.711s] running develop
[3.152s] running egg_info
[3.155s] writing task2.egg-info/PKG-INFO
[3.158s] writing dependency_links to task2.egg-info/dependency_links.txt
[3.161s] writing entry points to task2.egg-info/entry_points.txt
[3.164s] writing requirements to task2.egg-info/requires.txt
[3.164s] writing top-level names to task2.egg-info/top_level.txt
[3.272s] reading manifest file 'task2.egg-info/SOURCES.txt'
[3.277s] writing manifest file 'task2.egg-info/SOURCES.txt'
[3.392s] running build_ext
[3.394s] Creating /home/luca/DAS_ros2_files/task2/install/task2/lib/python3.8/site-packages/task2.egg-link (link to .)
[3.397s] Installing goal_visualizer script to /home/luca/DAS_ros2_files/task2/install/task2/lib/task2
[3.400s] Installing line_visualizer script to /home/luca/DAS_ros2_files/task2/install/task2/lib/task2
[3.402s] Installing the_agent_collision script to /home/luca/DAS_ros2_files/task2/install/task2/lib/task2
[3.406s] Installing the_agent_complete script to /home/luca/DAS_ros2_files/task2/install/task2/lib/task2
[3.406s] Installing the_agent_formation script to /home/luca/DAS_ros2_files/task2/install/task2/lib/task2
[3.407s] Installing the_agent_leader_follower script to /home/luca/DAS_ros2_files/task2/install/task2/lib/task2
[3.407s] Installing visualizer script to /home/luca/DAS_ros2_files/task2/install/task2/lib/task2
[3.415s] 
[3.424s] Installed /home/luca/DAS_ros2_files/task2/build/task2
[3.424s] running install_data
[3.424s] copying launch/task2_collision.launch.py -> /home/luca/DAS_ros2_files/task2/install/task2/share/task2
[3.484s] Invoked command in '/home/luca/DAS_ros2_files/task2/build/task2' returned '0': PYTHONPATH=/home/luca/DAS_ros2_files/task2/build/task2/prefix_override:/home/luca/DAS_ros2_files/task2/install/task2/lib/python3.8/site-packages:${PYTHONPATH} /usr/bin/python3 setup.py develop --editable --build-directory /home/luca/DAS_ros2_files/task2/build/task2/build --no-deps install_data
