running develop
running egg_info
creating task2.egg-info
writing task2.egg-info/PKG-INFO
writing dependency_links to task2.egg-info/dependency_links.txt
writing entry points to task2.egg-info/entry_points.txt
writing requirements to task2.egg-info/requires.txt
writing top-level names to task2.egg-info/top_level.txt
writing manifest file 'task2.egg-info/SOURCES.txt'
reading manifest file 'task2.egg-info/SOURCES.txt'
writing manifest file 'task2.egg-info/SOURCES.txt'
running build_ext
Creating /home/luca/AMR_project/task2/install/task2/lib/python3.8/site-packages/site.py
Creating /home/luca/AMR_project/task2/install/task2/lib/python3.8/site-packages/task2.egg-link (link to .)

Installed /home/luca/AMR_project/task2/build/task2
running install_data
creating /home/luca/AMR_project/task2/install/task2/share/ament_index
creating /home/luca/AMR_project/task2/install/task2/share/ament_index/resource_index
creating /home/luca/AMR_project/task2/install/task2/share/ament_index/resource_index/packages
copying resource/task2 -> /home/luca/AMR_project/task2/install/task2/share/ament_index/resource_index/packages
copying package.xml -> /home/luca/AMR_project/task2/install/task2/share/task2
copying launch/task2.launch.py -> /home/luca/AMR_project/task2/install/task2/share/task2
