[0.618s] DEBUG:colcon:Command line arguments: ['/usr/bin/colcon', 'build', '--symlink-install']
[0.619s] DEBUG:colcon:Parsed command line arguments: Namespace(allow_overriding=[], ament_cmake_args=None, base_paths=['.'], build_base='build', catkin_cmake_args=None, catkin_skip_building_tests=False, cmake_args=None, cmake_clean_cache=False, cmake_clean_first=False, cmake_force_configure=False, cmake_target=None, cmake_target_skip_unavailable=False, continue_on_error=False, event_handlers=None, executor='parallel', ignore_user_meta=False, install_base='install', log_base=None, log_level=None, main=<bound method BuildVerb.main of <colcon_core.verb.build.BuildVerb object at 0x7f714e5697c0>>, merge_install=False, metas=['./colcon.meta'], packages_above=None, packages_above_and_dependencies=None, packages_above_depth=None, packages_end=None, packages_ignore=None, packages_ignore_regex=None, packages_select=None, packages_select_build_failed=False, packages_select_by_dep=None, packages_select_regex=None, packages_select_test_failures=False, packages_skip=None, packages_skip_build_finished=False, packages_skip_by_dep=None, packages_skip_regex=None, packages_skip_test_passed=False, packages_skip_up_to=None, packages_start=None, packages_up_to=None, packages_up_to_regex=None, parallel_workers=2, paths=None, symlink_install=True, test_result_base=None, verb_extension=<colcon_core.verb.build.BuildVerb object at 0x7f714e5697c0>, verb_name='build', verb_parser=<colcon_defaults.argument_parser.defaults.DefaultArgumentsDecorator object at 0x7f714e569d30>)
[0.671s] Level 1:colcon.colcon_core.package_discovery:discover_packages(colcon_meta) check parameters
[0.672s] Level 1:colcon.colcon_core.package_discovery:discover_packages(recursive) check parameters
[0.672s] Level 1:colcon.colcon_core.package_discovery:discover_packages(ignore) check parameters
[0.672s] Level 1:colcon.colcon_core.package_discovery:discover_packages(path) check parameters
[0.672s] Level 1:colcon.colcon_core.package_discovery:discover_packages(colcon_meta) discover
[0.672s] Level 1:colcon.colcon_core.package_discovery:discover_packages(recursive) discover
[0.672s] INFO:colcon.colcon_core.package_discovery:Crawling recursively for packages in '/home/luca/AMR_project/task2'
[0.672s] Level 1:colcon.colcon_core.package_identification:_identify(.) by extensions ['ignore', 'ignore_ament_install']
[0.674s] Level 1:colcon.colcon_core.package_identification:_identify(.) by extension 'ignore'
[0.674s] Level 1:colcon.colcon_core.package_identification:_identify(.) by extension 'ignore_ament_install'
[0.675s] Level 1:colcon.colcon_core.package_identification:_identify(.) by extensions ['colcon_pkg']
[0.675s] Level 1:colcon.colcon_core.package_identification:_identify(.) by extension 'colcon_pkg'
[0.675s] Level 1:colcon.colcon_core.package_identification:_identify(.) by extensions ['colcon_meta']
[0.675s] Level 1:colcon.colcon_core.package_identification:_identify(.) by extension 'colcon_meta'
[0.675s] Level 1:colcon.colcon_core.package_identification:_identify(.) by extensions ['ros']
[0.675s] Level 1:colcon.colcon_core.package_identification:_identify(.) by extension 'ros'
[0.716s] Level 1:colcon.colcon_core.package_identification:_identify(.) by extensions ['cmake', 'python']
[0.716s] Level 1:colcon.colcon_core.package_identification:_identify(.) by extension 'cmake'
[0.716s] Level 1:colcon.colcon_core.package_identification:_identify(.) by extension 'python'
[0.716s] Level 1:colcon.colcon_core.package_identification:_identify(.) by extensions ['python_setup_py']
[0.716s] Level 1:colcon.colcon_core.package_identification:_identify(.) by extension 'python_setup_py'
[0.716s] Level 1:colcon.colcon_core.package_identification:_identify(build) by extensions ['ignore', 'ignore_ament_install']
[0.716s] Level 1:colcon.colcon_core.package_identification:_identify(build) by extension 'ignore'
[0.716s] Level 1:colcon.colcon_core.package_identification:_identify(build) ignored
[0.717s] Level 1:colcon.colcon_core.package_identification:_identify(install) by extensions ['ignore', 'ignore_ament_install']
[0.717s] Level 1:colcon.colcon_core.package_identification:_identify(install) by extension 'ignore'
[0.717s] Level 1:colcon.colcon_core.package_identification:_identify(install) ignored
[0.717s] Level 1:colcon.colcon_core.package_identification:_identify(log) by extensions ['ignore', 'ignore_ament_install']
[0.717s] Level 1:colcon.colcon_core.package_identification:_identify(log) by extension 'ignore'
[0.717s] Level 1:colcon.colcon_core.package_identification:_identify(log) ignored
[0.717s] Level 1:colcon.colcon_core.package_identification:_identify(src) by extensions ['ignore', 'ignore_ament_install']
[0.717s] Level 1:colcon.colcon_core.package_identification:_identify(src) by extension 'ignore'
[0.717s] Level 1:colcon.colcon_core.package_identification:_identify(src) by extension 'ignore_ament_install'
[0.717s] Level 1:colcon.colcon_core.package_identification:_identify(src) by extensions ['colcon_pkg']
[0.717s] Level 1:colcon.colcon_core.package_identification:_identify(src) by extension 'colcon_pkg'
[0.718s] Level 1:colcon.colcon_core.package_identification:_identify(src) by extensions ['colcon_meta']
[0.718s] Level 1:colcon.colcon_core.package_identification:_identify(src) by extension 'colcon_meta'
[0.718s] Level 1:colcon.colcon_core.package_identification:_identify(src) by extensions ['ros']
[0.718s] Level 1:colcon.colcon_core.package_identification:_identify(src) by extension 'ros'
[0.718s] Level 1:colcon.colcon_core.package_identification:_identify(src) by extensions ['cmake', 'python']
[0.718s] Level 1:colcon.colcon_core.package_identification:_identify(src) by extension 'cmake'
[0.718s] Level 1:colcon.colcon_core.package_identification:_identify(src) by extension 'python'
[0.718s] Level 1:colcon.colcon_core.package_identification:_identify(src) by extensions ['python_setup_py']
[0.718s] Level 1:colcon.colcon_core.package_identification:_identify(src) by extension 'python_setup_py'
[0.718s] Level 1:colcon.colcon_core.package_identification:_identify(src/m-explore-ros2) by extensions ['ignore', 'ignore_ament_install']
[0.718s] Level 1:colcon.colcon_core.package_identification:_identify(src/m-explore-ros2) by extension 'ignore'
[0.718s] Level 1:colcon.colcon_core.package_identification:_identify(src/m-explore-ros2) by extension 'ignore_ament_install'
[0.718s] Level 1:colcon.colcon_core.package_identification:_identify(src/m-explore-ros2) by extensions ['colcon_pkg']
[0.718s] Level 1:colcon.colcon_core.package_identification:_identify(src/m-explore-ros2) by extension 'colcon_pkg'
[0.719s] Level 1:colcon.colcon_core.package_identification:_identify(src/m-explore-ros2) by extensions ['colcon_meta']
[0.719s] Level 1:colcon.colcon_core.package_identification:_identify(src/m-explore-ros2) by extension 'colcon_meta'
[0.719s] Level 1:colcon.colcon_core.package_identification:_identify(src/m-explore-ros2) by extensions ['ros']
[0.719s] Level 1:colcon.colcon_core.package_identification:_identify(src/m-explore-ros2) by extension 'ros'
[0.719s] Level 1:colcon.colcon_core.package_identification:_identify(src/m-explore-ros2) by extensions ['cmake', 'python']
[0.719s] Level 1:colcon.colcon_core.package_identification:_identify(src/m-explore-ros2) by extension 'cmake'
[0.719s] Level 1:colcon.colcon_core.package_identification:_identify(src/m-explore-ros2) by extension 'python'
[0.719s] Level 1:colcon.colcon_core.package_identification:_identify(src/m-explore-ros2) by extensions ['python_setup_py']
[0.719s] Level 1:colcon.colcon_core.package_identification:_identify(src/m-explore-ros2) by extension 'python_setup_py'
[0.719s] Level 1:colcon.colcon_core.package_identification:_identify(src/m-explore-ros2/explore) by extensions ['ignore', 'ignore_ament_install']
[0.719s] Level 1:colcon.colcon_core.package_identification:_identify(src/m-explore-ros2/explore) by extension 'ignore'
[0.719s] Level 1:colcon.colcon_core.package_identification:_identify(src/m-explore-ros2/explore) by extension 'ignore_ament_install'
[0.720s] Level 1:colcon.colcon_core.package_identification:_identify(src/m-explore-ros2/explore) by extensions ['colcon_pkg']
[0.720s] Level 1:colcon.colcon_core.package_identification:_identify(src/m-explore-ros2/explore) by extension 'colcon_pkg'
[0.720s] Level 1:colcon.colcon_core.package_identification:_identify(src/m-explore-ros2/explore) by extensions ['colcon_meta']
[0.720s] Level 1:colcon.colcon_core.package_identification:_identify(src/m-explore-ros2/explore) by extension 'colcon_meta'
[0.720s] Level 1:colcon.colcon_core.package_identification:_identify(src/m-explore-ros2/explore) by extensions ['ros']
[0.720s] Level 1:colcon.colcon_core.package_identification:_identify(src/m-explore-ros2/explore) by extension 'ros'
[0.726s] DEBUG:colcon.colcon_core.package_identification:Package 'src/m-explore-ros2/explore' with type 'ros.ament_cmake' and name 'explore_lite'
[0.726s] Level 1:colcon.colcon_core.package_identification:_identify(src/task2) by extensions ['ignore', 'ignore_ament_install']
[0.727s] Level 1:colcon.colcon_core.package_identification:_identify(src/task2) by extension 'ignore'
[0.727s] Level 1:colcon.colcon_core.package_identification:_identify(src/task2) by extension 'ignore_ament_install'
[0.727s] Level 1:colcon.colcon_core.package_identification:_identify(src/task2) by extensions ['colcon_pkg']
[0.727s] Level 1:colcon.colcon_core.package_identification:_identify(src/task2) by extension 'colcon_pkg'
[0.727s] Level 1:colcon.colcon_core.package_identification:_identify(src/task2) by extensions ['colcon_meta']
[0.727s] Level 1:colcon.colcon_core.package_identification:_identify(src/task2) by extension 'colcon_meta'
[0.727s] Level 1:colcon.colcon_core.package_identification:_identify(src/task2) by extensions ['ros']
[0.727s] Level 1:colcon.colcon_core.package_identification:_identify(src/task2) by extension 'ros'
[0.729s] DEBUG:colcon.colcon_core.package_identification:Package 'src/task2' with type 'ros.ament_python' and name 'task2'
[0.729s] Level 1:colcon.colcon_core.package_identification:_identify(src/turtlebot3_simulations) by extensions ['ignore', 'ignore_ament_install']
[0.729s] Level 1:colcon.colcon_core.package_identification:_identify(src/turtlebot3_simulations) by extension 'ignore'
[0.729s] Level 1:colcon.colcon_core.package_identification:_identify(src/turtlebot3_simulations) by extension 'ignore_ament_install'
[0.729s] Level 1:colcon.colcon_core.package_identification:_identify(src/turtlebot3_simulations) by extensions ['colcon_pkg']
[0.729s] Level 1:colcon.colcon_core.package_identification:_identify(src/turtlebot3_simulations) by extension 'colcon_pkg'
[0.729s] Level 1:colcon.colcon_core.package_identification:_identify(src/turtlebot3_simulations) by extensions ['colcon_meta']
[0.729s] Level 1:colcon.colcon_core.package_identification:_identify(src/turtlebot3_simulations) by extension 'colcon_meta'
[0.729s] Level 1:colcon.colcon_core.package_identification:_identify(src/turtlebot3_simulations) by extensions ['ros']
[0.729s] Level 1:colcon.colcon_core.package_identification:_identify(src/turtlebot3_simulations) by extension 'ros'
[0.730s] Level 1:colcon.colcon_core.package_identification:_identify(src/turtlebot3_simulations) by extensions ['cmake', 'python']
[0.730s] Level 1:colcon.colcon_core.package_identification:_identify(src/turtlebot3_simulations) by extension 'cmake'
[0.730s] Level 1:colcon.colcon_core.package_identification:_identify(src/turtlebot3_simulations) by extension 'python'
[0.730s] Level 1:colcon.colcon_core.package_identification:_identify(src/turtlebot3_simulations) by extensions ['python_setup_py']
[0.730s] Level 1:colcon.colcon_core.package_identification:_identify(src/turtlebot3_simulations) by extension 'python_setup_py'
[0.730s] Level 1:colcon.colcon_core.package_identification:_identify(src/turtlebot3_simulations/turtlebot3_gazebo) by extensions ['ignore', 'ignore_ament_install']
[0.730s] Level 1:colcon.colcon_core.package_identification:_identify(src/turtlebot3_simulations/turtlebot3_gazebo) by extension 'ignore'
[0.730s] Level 1:colcon.colcon_core.package_identification:_identify(src/turtlebot3_simulations/turtlebot3_gazebo) by extension 'ignore_ament_install'
[0.730s] Level 1:colcon.colcon_core.package_identification:_identify(src/turtlebot3_simulations/turtlebot3_gazebo) by extensions ['colcon_pkg']
[0.730s] Level 1:colcon.colcon_core.package_identification:_identify(src/turtlebot3_simulations/turtlebot3_gazebo) by extension 'colcon_pkg'
[0.730s] Level 1:colcon.colcon_core.package_identification:_identify(src/turtlebot3_simulations/turtlebot3_gazebo) by extensions ['colcon_meta']
[0.730s] Level 1:colcon.colcon_core.package_identification:_identify(src/turtlebot3_simulations/turtlebot3_gazebo) by extension 'colcon_meta'
[0.731s] Level 1:colcon.colcon_core.package_identification:_identify(src/turtlebot3_simulations/turtlebot3_gazebo) by extensions ['ros']
[0.731s] Level 1:colcon.colcon_core.package_identification:_identify(src/turtlebot3_simulations/turtlebot3_gazebo) by extension 'ros'
[0.733s] DEBUG:colcon.colcon_core.package_identification:Package 'src/turtlebot3_simulations/turtlebot3_gazebo' with type 'ros.ament_cmake' and name 'turtlebot3_gazebo'
[0.733s] Level 1:colcon.colcon_core.package_identification:_identify(src/turtlebot3_simulations/turtlebot3_simulations) by extensions ['ignore', 'ignore_ament_install']
[0.733s] Level 1:colcon.colcon_core.package_identification:_identify(src/turtlebot3_simulations/turtlebot3_simulations) by extension 'ignore'
[0.733s] Level 1:colcon.colcon_core.package_identification:_identify(src/turtlebot3_simulations/turtlebot3_simulations) by extension 'ignore_ament_install'
[0.733s] Level 1:colcon.colcon_core.package_identification:_identify(src/turtlebot3_simulations/turtlebot3_simulations) by extensions ['colcon_pkg']
[0.733s] Level 1:colcon.colcon_core.package_identification:_identify(src/turtlebot3_simulations/turtlebot3_simulations) by extension 'colcon_pkg'
[0.733s] Level 1:colcon.colcon_core.package_identification:_identify(src/turtlebot3_simulations/turtlebot3_simulations) by extensions ['colcon_meta']
[0.733s] Level 1:colcon.colcon_core.package_identification:_identify(src/turtlebot3_simulations/turtlebot3_simulations) by extension 'colcon_meta'
[0.733s] Level 1:colcon.colcon_core.package_identification:_identify(src/turtlebot3_simulations/turtlebot3_simulations) by extensions ['ros']
[0.733s] Level 1:colcon.colcon_core.package_identification:_identify(src/turtlebot3_simulations/turtlebot3_simulations) by extension 'ros'
[0.734s] DEBUG:colcon.colcon_core.package_identification:Package 'src/turtlebot3_simulations/turtlebot3_simulations' with type 'ros.ament_cmake' and name 'turtlebot3_simulations'
[0.734s] Level 1:colcon.colcon_core.package_discovery:discover_packages(recursive) using defaults
[0.734s] Level 1:colcon.colcon_core.package_discovery:discover_packages(ignore) discover
[0.735s] Level 1:colcon.colcon_core.package_discovery:discover_packages(ignore) using defaults
[0.735s] Level 1:colcon.colcon_core.package_discovery:discover_packages(path) discover
[0.735s] Level 1:colcon.colcon_core.package_discovery:discover_packages(path) using defaults
[0.772s] Level 1:colcon.colcon_core.package_discovery:discover_packages(prefix_path) check parameters
[0.772s] Level 1:colcon.colcon_core.package_discovery:discover_packages(prefix_path) discover
[0.777s] DEBUG:colcon.colcon_installed_package_information.package_discovery:Found 3 installed packages in /home/luca/AMR_project/task3/install
[0.780s] DEBUG:colcon.colcon_installed_package_information.package_discovery:Found 338 installed packages in /opt/ros/galactic
[0.785s] Level 1:colcon.colcon_core.package_discovery:discover_packages(prefix_path) using defaults
[0.935s] Level 5:colcon.colcon_core.verb:set package 'explore_lite' build argument 'cmake_args' from command line to 'None'
[0.935s] Level 5:colcon.colcon_core.verb:set package 'explore_lite' build argument 'cmake_target' from command line to 'None'
[0.935s] Level 5:colcon.colcon_core.verb:set package 'explore_lite' build argument 'cmake_target_skip_unavailable' from command line to 'False'
[0.935s] Level 5:colcon.colcon_core.verb:set package 'explore_lite' build argument 'cmake_clean_cache' from command line to 'False'
[0.935s] Level 5:colcon.colcon_core.verb:set package 'explore_lite' build argument 'cmake_clean_first' from command line to 'False'
[0.935s] Level 5:colcon.colcon_core.verb:set package 'explore_lite' build argument 'cmake_force_configure' from command line to 'False'
[0.936s] Level 5:colcon.colcon_core.verb:set package 'explore_lite' build argument 'ament_cmake_args' from command line to 'None'
[0.936s] Level 5:colcon.colcon_core.verb:set package 'explore_lite' build argument 'catkin_cmake_args' from command line to 'None'
[0.936s] Level 5:colcon.colcon_core.verb:set package 'explore_lite' build argument 'catkin_skip_building_tests' from command line to 'False'
[0.936s] DEBUG:colcon.colcon_core.verb:Building package 'explore_lite' with the following arguments: {'ament_cmake_args': None, 'build_base': '/home/luca/AMR_project/task2/build/explore_lite', 'catkin_cmake_args': None, 'catkin_skip_building_tests': False, 'cmake_args': None, 'cmake_clean_cache': False, 'cmake_clean_first': False, 'cmake_force_configure': False, 'cmake_target': None, 'cmake_target_skip_unavailable': False, 'install_base': '/home/luca/AMR_project/task2/install/explore_lite', 'merge_install': False, 'path': '/home/luca/AMR_project/task2/src/m-explore-ros2/explore', 'symlink_install': True, 'test_result_base': None}
[0.937s] Level 5:colcon.colcon_core.verb:set package 'task2' build argument 'cmake_args' from command line to 'None'
[0.938s] Level 5:colcon.colcon_core.verb:set package 'task2' build argument 'cmake_target' from command line to 'None'
[0.938s] Level 5:colcon.colcon_core.verb:set package 'task2' build argument 'cmake_target_skip_unavailable' from command line to 'False'
[0.938s] Level 5:colcon.colcon_core.verb:set package 'task2' build argument 'cmake_clean_cache' from command line to 'False'
[0.938s] Level 5:colcon.colcon_core.verb:set package 'task2' build argument 'cmake_clean_first' from command line to 'False'
[0.938s] Level 5:colcon.colcon_core.verb:set package 'task2' build argument 'cmake_force_configure' from command line to 'False'
[0.938s] Level 5:colcon.colcon_core.verb:set package 'task2' build argument 'ament_cmake_args' from command line to 'None'
[0.938s] Level 5:colcon.colcon_core.verb:set package 'task2' build argument 'catkin_cmake_args' from command line to 'None'
[0.938s] Level 5:colcon.colcon_core.verb:set package 'task2' build argument 'catkin_skip_building_tests' from command line to 'False'
[0.938s] DEBUG:colcon.colcon_core.verb:Building package 'task2' with the following arguments: {'ament_cmake_args': None, 'build_base': '/home/luca/AMR_project/task2/build/task2', 'catkin_cmake_args': None, 'catkin_skip_building_tests': False, 'cmake_args': None, 'cmake_clean_cache': False, 'cmake_clean_first': False, 'cmake_force_configure': False, 'cmake_target': None, 'cmake_target_skip_unavailable': False, 'install_base': '/home/luca/AMR_project/task2/install/task2', 'merge_install': False, 'path': '/home/luca/AMR_project/task2/src/task2', 'symlink_install': True, 'test_result_base': None}
[0.940s] Level 5:colcon.colcon_core.verb:set package 'turtlebot3_gazebo' build argument 'cmake_args' from command line to 'None'
[0.940s] Level 5:colcon.colcon_core.verb:set package 'turtlebot3_gazebo' build argument 'cmake_target' from command line to 'None'
[0.940s] Level 5:colcon.colcon_core.verb:set package 'turtlebot3_gazebo' build argument 'cmake_target_skip_unavailable' from command line to 'False'
[0.940s] Level 5:colcon.colcon_core.verb:set package 'turtlebot3_gazebo' build argument 'cmake_clean_cache' from command line to 'False'
[0.940s] Level 5:colcon.colcon_core.verb:set package 'turtlebot3_gazebo' build argument 'cmake_clean_first' from command line to 'False'
[0.940s] Level 5:colcon.colcon_core.verb:set package 'turtlebot3_gazebo' build argument 'cmake_force_configure' from command line to 'False'
[0.940s] Level 5:colcon.colcon_core.verb:set package 'turtlebot3_gazebo' build argument 'ament_cmake_args' from command line to 'None'
[0.940s] Level 5:colcon.colcon_core.verb:set package 'turtlebot3_gazebo' build argument 'catkin_cmake_args' from command line to 'None'
[0.940s] Level 5:colcon.colcon_core.verb:set package 'turtlebot3_gazebo' build argument 'catkin_skip_building_tests' from command line to 'False'
[0.940s] DEBUG:colcon.colcon_core.verb:Building package 'turtlebot3_gazebo' with the following arguments: {'ament_cmake_args': None, 'build_base': '/home/luca/AMR_project/task2/build/turtlebot3_gazebo', 'catkin_cmake_args': None, 'catkin_skip_building_tests': False, 'cmake_args': None, 'cmake_clean_cache': False, 'cmake_clean_first': False, 'cmake_force_configure': False, 'cmake_target': None, 'cmake_target_skip_unavailable': False, 'install_base': '/home/luca/AMR_project/task2/install/turtlebot3_gazebo', 'merge_install': False, 'path': '/home/luca/AMR_project/task2/src/turtlebot3_simulations/turtlebot3_gazebo', 'symlink_install': True, 'test_result_base': None}
[0.942s] Level 5:colcon.colcon_core.verb:set package 'turtlebot3_simulations' build argument 'cmake_args' from command line to 'None'
[0.942s] Level 5:colcon.colcon_core.verb:set package 'turtlebot3_simulations' build argument 'cmake_target' from command line to 'None'
[0.942s] Level 5:colcon.colcon_core.verb:set package 'turtlebot3_simulations' build argument 'cmake_target_skip_unavailable' from command line to 'False'
[0.942s] Level 5:colcon.colcon_core.verb:set package 'turtlebot3_simulations' build argument 'cmake_clean_cache' from command line to 'False'
[0.942s] Level 5:colcon.colcon_core.verb:set package 'turtlebot3_simulations' build argument 'cmake_clean_first' from command line to 'False'
[0.942s] Level 5:colcon.colcon_core.verb:set package 'turtlebot3_simulations' build argument 'cmake_force_configure' from command line to 'False'
[0.942s] Level 5:colcon.colcon_core.verb:set package 'turtlebot3_simulations' build argument 'ament_cmake_args' from command line to 'None'
[0.942s] Level 5:colcon.colcon_core.verb:set package 'turtlebot3_simulations' build argument 'catkin_cmake_args' from command line to 'None'
[0.942s] Level 5:colcon.colcon_core.verb:set package 'turtlebot3_simulations' build argument 'catkin_skip_building_tests' from command line to 'False'
[0.942s] DEBUG:colcon.colcon_core.verb:Building package 'turtlebot3_simulations' with the following arguments: {'ament_cmake_args': None, 'build_base': '/home/luca/AMR_project/task2/build/turtlebot3_simulations', 'catkin_cmake_args': None, 'catkin_skip_building_tests': False, 'cmake_args': None, 'cmake_clean_cache': False, 'cmake_clean_first': False, 'cmake_force_configure': False, 'cmake_target': None, 'cmake_target_skip_unavailable': False, 'install_base': '/home/luca/AMR_project/task2/install/turtlebot3_simulations', 'merge_install': False, 'path': '/home/luca/AMR_project/task2/src/turtlebot3_simulations/turtlebot3_simulations', 'symlink_install': True, 'test_result_base': None}
[0.944s] INFO:colcon.colcon_core.executor:Executing jobs using 'parallel' executor
[0.952s] DEBUG:colcon.colcon_parallel_executor.executor.parallel:run_until_complete
[0.952s] INFO:colcon.colcon_ros.task.ament_cmake.build:Building ROS package in '/home/luca/AMR_project/task2/src/turtlebot3_simulations/turtlebot3_gazebo' with build type 'ament_cmake'
[0.952s] INFO:colcon.colcon_cmake.task.cmake.build:Building CMake package in '/home/luca/AMR_project/task2/src/turtlebot3_simulations/turtlebot3_gazebo'
[0.960s] INFO:colcon.colcon_core.plugin_system:Skipping extension 'colcon_core.shell.bat': Not used on non-Windows systems
[0.960s] INFO:colcon.colcon_core.shell:Skip shell extension 'powershell' for command environment: Not usable outside of PowerShell
[0.960s] DEBUG:colcon.colcon_core.shell:Skip shell extension 'dsv' for command environment
[0.973s] INFO:colcon.colcon_ros.task.ament_cmake.build:Building ROS package in '/home/luca/AMR_project/task2/src/m-explore-ros2/explore' with build type 'ament_cmake'
[0.973s] INFO:colcon.colcon_cmake.task.cmake.build:Building CMake package in '/home/luca/AMR_project/task2/src/m-explore-ros2/explore'
[0.976s] INFO:colcon.colcon_core.shell:Skip shell extension 'powershell' for command environment: Not usable outside of PowerShell
[0.976s] DEBUG:colcon.colcon_core.shell:Skip shell extension 'dsv' for command environment
[1.000s] DEBUG:colcon.colcon_core.event_handler.log_command:Invoking command in '/home/luca/AMR_project/task2/build/turtlebot3_gazebo': CMAKE_PREFIX_PATH=${CMAKE_PREFIX_PATH}:/home/luca/AMR_project/task3/install/loc_and_nav:/opt/ros/galactic /usr/bin/cmake /home/luca/AMR_project/task2/src/turtlebot3_simulations/turtlebot3_gazebo -DAMENT_CMAKE_SYMLINK_INSTALL=1 -DCMAKE_INSTALL_PREFIX=/home/luca/AMR_project/task2/install/turtlebot3_gazebo
[1.025s] DEBUG:colcon.colcon_core.event_handler.log_command:Invoking command in '/home/luca/AMR_project/task2/build/explore_lite': CMAKE_PREFIX_PATH=${CMAKE_PREFIX_PATH}:/home/luca/AMR_project/task3/install/loc_and_nav:/opt/ros/galactic /usr/bin/cmake /home/luca/AMR_project/task2/src/m-explore-ros2/explore -DAMENT_CMAKE_SYMLINK_INSTALL=1 -DCMAKE_INSTALL_PREFIX=/home/luca/AMR_project/task2/install/explore_lite
[7.274s] DEBUG:colcon.colcon_core.event_handler.log_command:Invoked command in '/home/luca/AMR_project/task2/build/turtlebot3_gazebo' returned '0': CMAKE_PREFIX_PATH=${CMAKE_PREFIX_PATH}:/home/luca/AMR_project/task3/install/loc_and_nav:/opt/ros/galactic /usr/bin/cmake /home/luca/AMR_project/task2/src/turtlebot3_simulations/turtlebot3_gazebo -DAMENT_CMAKE_SYMLINK_INSTALL=1 -DCMAKE_INSTALL_PREFIX=/home/luca/AMR_project/task2/install/turtlebot3_gazebo
[7.276s] DEBUG:colcon.colcon_core.event_handler.log_command:Invoking command in '/home/luca/AMR_project/task2/build/turtlebot3_gazebo': CMAKE_PREFIX_PATH=${CMAKE_PREFIX_PATH}:/home/luca/AMR_project/task3/install/loc_and_nav:/opt/ros/galactic /usr/bin/cmake --build /home/luca/AMR_project/task2/build/turtlebot3_gazebo -- -j2 -l2
[12.562s] DEBUG:colcon.colcon_core.event_handler.log_command:Invoked command in '/home/luca/AMR_project/task2/build/explore_lite' returned '0': CMAKE_PREFIX_PATH=${CMAKE_PREFIX_PATH}:/home/luca/AMR_project/task3/install/loc_and_nav:/opt/ros/galactic /usr/bin/cmake /home/luca/AMR_project/task2/src/m-explore-ros2/explore -DAMENT_CMAKE_SYMLINK_INSTALL=1 -DCMAKE_INSTALL_PREFIX=/home/luca/AMR_project/task2/install/explore_lite
[12.569s] DEBUG:colcon.colcon_core.event_handler.log_command:Invoking command in '/home/luca/AMR_project/task2/build/explore_lite': CMAKE_PREFIX_PATH=${CMAKE_PREFIX_PATH}:/home/luca/AMR_project/task3/install/loc_and_nav:/opt/ros/galactic /usr/bin/cmake --build /home/luca/AMR_project/task2/build/explore_lite -- -j2 -l2
[94.059s] DEBUG:colcon.colcon_core.event_handler.log_command:Invoked command in '/home/luca/AMR_project/task2/build/turtlebot3_gazebo' returned '0': CMAKE_PREFIX_PATH=${CMAKE_PREFIX_PATH}:/home/luca/AMR_project/task3/install/loc_and_nav:/opt/ros/galactic /usr/bin/cmake --build /home/luca/AMR_project/task2/build/turtlebot3_gazebo -- -j2 -l2
[94.160s] DEBUG:colcon.colcon_core.event_handler.log_command:Invoking command in '/home/luca/AMR_project/task2/build/turtlebot3_gazebo': CMAKE_PREFIX_PATH=${CMAKE_PREFIX_PATH}:/home/luca/AMR_project/task3/install/loc_and_nav:/opt/ros/galactic /usr/bin/cmake --install /home/luca/AMR_project/task2/build/turtlebot3_gazebo
[99.121s] Level 1:colcon.colcon_core.environment:create_environment_scripts_only(turtlebot3_gazebo)
[99.131s] DEBUG:colcon.colcon_core.event_handler.log_command:Invoked command in '/home/luca/AMR_project/task2/build/turtlebot3_gazebo' returned '0': CMAKE_PREFIX_PATH=${CMAKE_PREFIX_PATH}:/home/luca/AMR_project/task3/install/loc_and_nav:/opt/ros/galactic /usr/bin/cmake --install /home/luca/AMR_project/task2/build/turtlebot3_gazebo
[99.147s] Level 1:colcon.colcon_core.environment:checking '/home/luca/AMR_project/task2/install/turtlebot3_gazebo' for CMake module files
[99.149s] Level 1:colcon.colcon_core.environment:checking '/home/luca/AMR_project/task2/install/turtlebot3_gazebo' for CMake config files
[99.150s] Level 1:colcon.colcon_core.shell:create_environment_hook('turtlebot3_gazebo', 'cmake_prefix_path')
[99.154s] INFO:colcon.colcon_core.shell:Creating environment hook '/home/luca/AMR_project/task2/install/turtlebot3_gazebo/share/turtlebot3_gazebo/hook/cmake_prefix_path.ps1'
[99.165s] INFO:colcon.colcon_core.shell:Creating environment descriptor '/home/luca/AMR_project/task2/install/turtlebot3_gazebo/share/turtlebot3_gazebo/hook/cmake_prefix_path.dsv'
[99.167s] INFO:colcon.colcon_core.shell:Creating environment hook '/home/luca/AMR_project/task2/install/turtlebot3_gazebo/share/turtlebot3_gazebo/hook/cmake_prefix_path.sh'
[99.169s] Level 1:colcon.colcon_core.environment:checking '/home/luca/AMR_project/task2/install/turtlebot3_gazebo/lib'
[99.169s] Level 1:colcon.colcon_core.environment:checking '/home/luca/AMR_project/task2/install/turtlebot3_gazebo/bin'
[99.170s] Level 1:colcon.colcon_core.environment:checking '/home/luca/AMR_project/task2/install/turtlebot3_gazebo/lib/pkgconfig/turtlebot3_gazebo.pc'
[99.178s] Level 1:colcon.colcon_core.environment:checking '/home/luca/AMR_project/task2/install/turtlebot3_gazebo/lib/python3.8/site-packages'
[99.179s] Level 1:colcon.colcon_core.environment:checking '/home/luca/AMR_project/task2/install/turtlebot3_gazebo/bin'
[99.182s] INFO:colcon.colcon_core.shell:Creating package script '/home/luca/AMR_project/task2/install/turtlebot3_gazebo/share/turtlebot3_gazebo/package.ps1'
[99.184s] INFO:colcon.colcon_core.shell:Creating package descriptor '/home/luca/AMR_project/task2/install/turtlebot3_gazebo/share/turtlebot3_gazebo/package.dsv'
[99.185s] INFO:colcon.colcon_core.shell:Creating package script '/home/luca/AMR_project/task2/install/turtlebot3_gazebo/share/turtlebot3_gazebo/package.sh'
[99.199s] INFO:colcon.colcon_core.shell:Creating package script '/home/luca/AMR_project/task2/install/turtlebot3_gazebo/share/turtlebot3_gazebo/package.bash'
[99.201s] INFO:colcon.colcon_core.shell:Creating package script '/home/luca/AMR_project/task2/install/turtlebot3_gazebo/share/turtlebot3_gazebo/package.zsh'
[99.205s] Level 1:colcon.colcon_core.environment:create_file_with_runtime_dependencies(/home/luca/AMR_project/task2/install/turtlebot3_gazebo/share/colcon-core/packages/turtlebot3_gazebo)
[99.523s] Level 1:colcon.colcon_core.environment:create_environment_scripts_only(turtlebot3_gazebo)
[99.537s] Level 1:colcon.colcon_core.environment:checking '/home/luca/AMR_project/task2/install/turtlebot3_gazebo' for CMake module files
[99.539s] Level 1:colcon.colcon_core.environment:checking '/home/luca/AMR_project/task2/install/turtlebot3_gazebo' for CMake config files
[99.540s] Level 1:colcon.colcon_core.shell:create_environment_hook('turtlebot3_gazebo', 'cmake_prefix_path')
[99.544s] INFO:colcon.colcon_core.shell:Creating environment hook '/home/luca/AMR_project/task2/install/turtlebot3_gazebo/share/turtlebot3_gazebo/hook/cmake_prefix_path.ps1'
[99.567s] INFO:colcon.colcon_core.shell:Creating environment descriptor '/home/luca/AMR_project/task2/install/turtlebot3_gazebo/share/turtlebot3_gazebo/hook/cmake_prefix_path.dsv'
[99.568s] INFO:colcon.colcon_core.shell:Creating environment hook '/home/luca/AMR_project/task2/install/turtlebot3_gazebo/share/turtlebot3_gazebo/hook/cmake_prefix_path.sh'
[99.569s] Level 1:colcon.colcon_core.environment:checking '/home/luca/AMR_project/task2/install/turtlebot3_gazebo/lib'
[99.570s] Level 1:colcon.colcon_core.environment:checking '/home/luca/AMR_project/task2/install/turtlebot3_gazebo/bin'
[99.570s] Level 1:colcon.colcon_core.environment:checking '/home/luca/AMR_project/task2/install/turtlebot3_gazebo/lib/pkgconfig/turtlebot3_gazebo.pc'
[99.571s] Level 1:colcon.colcon_core.environment:checking '/home/luca/AMR_project/task2/install/turtlebot3_gazebo/lib/python3.8/site-packages'
[99.571s] Level 1:colcon.colcon_core.environment:checking '/home/luca/AMR_project/task2/install/turtlebot3_gazebo/bin'
[99.580s] INFO:colcon.colcon_core.shell:Creating package script '/home/luca/AMR_project/task2/install/turtlebot3_gazebo/share/turtlebot3_gazebo/package.ps1'
[99.594s] INFO:colcon.colcon_core.shell:Creating package descriptor '/home/luca/AMR_project/task2/install/turtlebot3_gazebo/share/turtlebot3_gazebo/package.dsv'
[99.598s] INFO:colcon.colcon_core.shell:Creating package script '/home/luca/AMR_project/task2/install/turtlebot3_gazebo/share/turtlebot3_gazebo/package.sh'
[99.600s] INFO:colcon.colcon_core.shell:Creating package script '/home/luca/AMR_project/task2/install/turtlebot3_gazebo/share/turtlebot3_gazebo/package.bash'
[99.601s] INFO:colcon.colcon_core.shell:Creating package script '/home/luca/AMR_project/task2/install/turtlebot3_gazebo/share/turtlebot3_gazebo/package.zsh'
[99.602s] Level 1:colcon.colcon_core.environment:create_file_with_runtime_dependencies(/home/luca/AMR_project/task2/install/turtlebot3_gazebo/share/colcon-core/packages/turtlebot3_gazebo)
[99.605s] INFO:colcon.colcon_ros.task.ament_python.build:Building ROS package in '/home/luca/AMR_project/task2/src/task2' with build type 'ament_python'
[99.605s] Level 1:colcon.colcon_core.shell:create_environment_hook('task2', 'ament_prefix_path')
[99.622s] INFO:colcon.colcon_core.shell:Creating environment hook '/home/luca/AMR_project/task2/install/task2/share/task2/hook/ament_prefix_path.ps1'
[99.623s] INFO:colcon.colcon_core.shell:Creating environment descriptor '/home/luca/AMR_project/task2/install/task2/share/task2/hook/ament_prefix_path.dsv'
[99.624s] INFO:colcon.colcon_core.shell:Creating environment hook '/home/luca/AMR_project/task2/install/task2/share/task2/hook/ament_prefix_path.sh'
[99.636s] INFO:colcon.colcon_core.shell:Skip shell extension 'powershell' for command environment: Not usable outside of PowerShell
[99.637s] DEBUG:colcon.colcon_core.shell:Skip shell extension 'dsv' for command environment
[100.888s] INFO:colcon.colcon_core.task.python.build:Building Python package in '/home/luca/AMR_project/task2/src/task2'
[100.892s] INFO:colcon.colcon_core.shell:Skip shell extension 'powershell' for command environment: Not usable outside of PowerShell
[100.892s] DEBUG:colcon.colcon_core.shell:Skip shell extension 'dsv' for command environment
[102.245s] DEBUG:colcon.colcon_core.event_handler.log_command:Invoked command in '/home/luca/AMR_project/task2/build/explore_lite' returned '0': CMAKE_PREFIX_PATH=${CMAKE_PREFIX_PATH}:/home/luca/AMR_project/task3/install/loc_and_nav:/opt/ros/galactic /usr/bin/cmake --build /home/luca/AMR_project/task2/build/explore_lite -- -j2 -l2
[102.513s] DEBUG:colcon.colcon_core.event_handler.log_command:Invoking command in '/home/luca/AMR_project/task2/build/explore_lite': CMAKE_PREFIX_PATH=${CMAKE_PREFIX_PATH}:/home/luca/AMR_project/task3/install/loc_and_nav:/opt/ros/galactic /usr/bin/cmake --install /home/luca/AMR_project/task2/build/explore_lite
[102.644s] DEBUG:colcon.colcon_core.event_handler.log_command:Invoking command in '/home/luca/AMR_project/task2/build/task2': PYTHONPATH=/home/luca/AMR_project/task2/build/task2/prefix_override:/home/luca/AMR_project/task2/install/task2/lib/python3.8/site-packages:${PYTHONPATH} /usr/bin/python3 setup.py develop --editable --build-directory /home/luca/AMR_project/task2/build/task2/build --no-deps install_data
[103.486s] Level 1:colcon.colcon_core.environment:create_environment_scripts_only(explore_lite)
[103.493s] DEBUG:colcon.colcon_core.event_handler.log_command:Invoked command in '/home/luca/AMR_project/task2/build/explore_lite' returned '0': CMAKE_PREFIX_PATH=${CMAKE_PREFIX_PATH}:/home/luca/AMR_project/task3/install/loc_and_nav:/opt/ros/galactic /usr/bin/cmake --install /home/luca/AMR_project/task2/build/explore_lite
[103.499s] Level 1:colcon.colcon_core.environment:checking '/home/luca/AMR_project/task2/install/explore_lite' for CMake module files
[103.501s] Level 1:colcon.colcon_core.environment:checking '/home/luca/AMR_project/task2/install/explore_lite' for CMake config files
[103.501s] Level 1:colcon.colcon_core.shell:create_environment_hook('explore_lite', 'cmake_prefix_path')
[103.506s] INFO:colcon.colcon_core.shell:Creating environment hook '/home/luca/AMR_project/task2/install/explore_lite/share/explore_lite/hook/cmake_prefix_path.ps1'
[103.507s] INFO:colcon.colcon_core.shell:Creating environment descriptor '/home/luca/AMR_project/task2/install/explore_lite/share/explore_lite/hook/cmake_prefix_path.dsv'
[103.508s] INFO:colcon.colcon_core.shell:Creating environment hook '/home/luca/AMR_project/task2/install/explore_lite/share/explore_lite/hook/cmake_prefix_path.sh'
[103.510s] Level 1:colcon.colcon_core.environment:checking '/home/luca/AMR_project/task2/install/explore_lite/lib'
[103.517s] Level 1:colcon.colcon_core.environment:checking '/home/luca/AMR_project/task2/install/explore_lite/bin'
[103.517s] Level 1:colcon.colcon_core.environment:checking '/home/luca/AMR_project/task2/install/explore_lite/lib/pkgconfig/explore_lite.pc'
[103.518s] Level 1:colcon.colcon_core.environment:checking '/home/luca/AMR_project/task2/install/explore_lite/lib/python3.8/site-packages'
[103.518s] Level 1:colcon.colcon_core.environment:checking '/home/luca/AMR_project/task2/install/explore_lite/bin'
[103.522s] INFO:colcon.colcon_core.shell:Creating package script '/home/luca/AMR_project/task2/install/explore_lite/share/explore_lite/package.ps1'
[103.535s] INFO:colcon.colcon_core.shell:Creating package descriptor '/home/luca/AMR_project/task2/install/explore_lite/share/explore_lite/package.dsv'
[103.536s] INFO:colcon.colcon_core.shell:Creating package script '/home/luca/AMR_project/task2/install/explore_lite/share/explore_lite/package.sh'
[103.537s] INFO:colcon.colcon_core.shell:Creating package script '/home/luca/AMR_project/task2/install/explore_lite/share/explore_lite/package.bash'
[103.538s] INFO:colcon.colcon_core.shell:Creating package script '/home/luca/AMR_project/task2/install/explore_lite/share/explore_lite/package.zsh'
[103.543s] Level 1:colcon.colcon_core.environment:create_file_with_runtime_dependencies(/home/luca/AMR_project/task2/install/explore_lite/share/colcon-core/packages/explore_lite)
[103.836s] Level 1:colcon.colcon_core.environment:create_environment_scripts_only(explore_lite)
[103.855s] Level 1:colcon.colcon_core.environment:checking '/home/luca/AMR_project/task2/install/explore_lite' for CMake module files
[103.857s] Level 1:colcon.colcon_core.environment:checking '/home/luca/AMR_project/task2/install/explore_lite' for CMake config files
[103.857s] Level 1:colcon.colcon_core.shell:create_environment_hook('explore_lite', 'cmake_prefix_path')
[103.862s] INFO:colcon.colcon_core.shell:Creating environment hook '/home/luca/AMR_project/task2/install/explore_lite/share/explore_lite/hook/cmake_prefix_path.ps1'
[103.866s] INFO:colcon.colcon_core.shell:Creating environment descriptor '/home/luca/AMR_project/task2/install/explore_lite/share/explore_lite/hook/cmake_prefix_path.dsv'
[103.867s] INFO:colcon.colcon_core.shell:Creating environment hook '/home/luca/AMR_project/task2/install/explore_lite/share/explore_lite/hook/cmake_prefix_path.sh'
[103.869s] Level 1:colcon.colcon_core.environment:checking '/home/luca/AMR_project/task2/install/explore_lite/lib'
[103.871s] Level 1:colcon.colcon_core.environment:checking '/home/luca/AMR_project/task2/install/explore_lite/bin'
[103.871s] Level 1:colcon.colcon_core.environment:checking '/home/luca/AMR_project/task2/install/explore_lite/lib/pkgconfig/explore_lite.pc'
[103.872s] Level 1:colcon.colcon_core.environment:checking '/home/luca/AMR_project/task2/install/explore_lite/lib/python3.8/site-packages'
[103.872s] Level 1:colcon.colcon_core.environment:checking '/home/luca/AMR_project/task2/install/explore_lite/bin'
[103.879s] INFO:colcon.colcon_core.shell:Creating package script '/home/luca/AMR_project/task2/install/explore_lite/share/explore_lite/package.ps1'
[103.880s] INFO:colcon.colcon_core.shell:Creating package descriptor '/home/luca/AMR_project/task2/install/explore_lite/share/explore_lite/package.dsv'
[103.881s] INFO:colcon.colcon_core.shell:Creating package script '/home/luca/AMR_project/task2/install/explore_lite/share/explore_lite/package.sh'
[103.890s] INFO:colcon.colcon_core.shell:Creating package script '/home/luca/AMR_project/task2/install/explore_lite/share/explore_lite/package.bash'
[103.891s] INFO:colcon.colcon_core.shell:Creating package script '/home/luca/AMR_project/task2/install/explore_lite/share/explore_lite/package.zsh'
[103.893s] Level 1:colcon.colcon_core.environment:create_file_with_runtime_dependencies(/home/luca/AMR_project/task2/install/explore_lite/share/colcon-core/packages/explore_lite)
[103.894s] INFO:colcon.colcon_ros.task.ament_cmake.build:Building ROS package in '/home/luca/AMR_project/task2/src/turtlebot3_simulations/turtlebot3_simulations' with build type 'ament_cmake'
[103.898s] INFO:colcon.colcon_cmake.task.cmake.build:Building CMake package in '/home/luca/AMR_project/task2/src/turtlebot3_simulations/turtlebot3_simulations'
[103.907s] INFO:colcon.colcon_core.shell:Skip shell extension 'powershell' for command environment: Not usable outside of PowerShell
[103.907s] DEBUG:colcon.colcon_core.shell:Skip shell extension 'dsv' for command environment
[103.985s] DEBUG:colcon.colcon_core.event_handler.log_command:Invoking command in '/home/luca/AMR_project/task2/build/turtlebot3_simulations': AMENT_PREFIX_PATH=/home/luca/AMR_project/task2/install/turtlebot3_gazebo:${AMENT_PREFIX_PATH} CMAKE_PREFIX_PATH=/home/luca/AMR_project/task2/install/turtlebot3_gazebo:/home/luca/AMR_project/task3/install/turtlebot3_simulations:/home/luca/AMR_project/task3/install/turtlebot3_gazebo:/home/luca/AMR_project/task3/install/loc_and_nav:/opt/ros/galactic /usr/bin/cmake /home/luca/AMR_project/task2/src/turtlebot3_simulations/turtlebot3_simulations -DAMENT_CMAKE_SYMLINK_INSTALL=1 -DCMAKE_INSTALL_PREFIX=/home/luca/AMR_project/task2/install/turtlebot3_simulations
[104.935s] Level 1:colcon.colcon_core.shell:create_environment_hook('task2', 'pythonpath_develop')
[104.947s] DEBUG:colcon.colcon_core.event_handler.log_command:Invoked command in '/home/luca/AMR_project/task2/build/task2' returned '0': PYTHONPATH=/home/luca/AMR_project/task2/build/task2/prefix_override:/home/luca/AMR_project/task2/install/task2/lib/python3.8/site-packages:${PYTHONPATH} /usr/bin/python3 setup.py develop --editable --build-directory /home/luca/AMR_project/task2/build/task2/build --no-deps install_data
[104.948s] INFO:colcon.colcon_core.shell:Creating environment hook '/home/luca/AMR_project/task2/build/task2/share/task2/hook/pythonpath_develop.ps1'
[104.949s] INFO:colcon.colcon_core.shell:Creating environment descriptor '/home/luca/AMR_project/task2/build/task2/share/task2/hook/pythonpath_develop.dsv'
[104.950s] INFO:colcon.colcon_core.shell:Creating environment hook '/home/luca/AMR_project/task2/build/task2/share/task2/hook/pythonpath_develop.sh'
[104.964s] Level 1:colcon.colcon_core.environment:checking '/home/luca/AMR_project/task2/install/task2' for CMake module files
[104.965s] Level 1:colcon.colcon_core.environment:checking '/home/luca/AMR_project/task2/install/task2' for CMake config files
[104.969s] Level 1:colcon.colcon_core.environment:checking '/home/luca/AMR_project/task2/install/task2/lib'
[104.969s] Level 1:colcon.colcon_core.environment:checking '/home/luca/AMR_project/task2/install/task2/bin'
[104.970s] Level 1:colcon.colcon_core.environment:checking '/home/luca/AMR_project/task2/install/task2/lib/pkgconfig/task2.pc'
[104.970s] Level 1:colcon.colcon_core.environment:checking '/home/luca/AMR_project/task2/install/task2/lib/python3.8/site-packages'
[104.970s] Level 1:colcon.colcon_core.shell:create_environment_hook('task2', 'pythonpath')
[104.973s] INFO:colcon.colcon_core.shell:Creating environment hook '/home/luca/AMR_project/task2/install/task2/share/task2/hook/pythonpath.ps1'
[104.986s] INFO:colcon.colcon_core.shell:Creating environment descriptor '/home/luca/AMR_project/task2/install/task2/share/task2/hook/pythonpath.dsv'
[104.987s] INFO:colcon.colcon_core.shell:Creating environment hook '/home/luca/AMR_project/task2/install/task2/share/task2/hook/pythonpath.sh'
[104.988s] Level 1:colcon.colcon_core.environment:checking '/home/luca/AMR_project/task2/install/task2/bin'
[104.988s] Level 1:colcon.colcon_core.environment:create_environment_scripts_only(task2)
[104.999s] INFO:colcon.colcon_core.shell:Creating package script '/home/luca/AMR_project/task2/install/task2/share/task2/package.ps1'
[105.000s] INFO:colcon.colcon_core.shell:Creating package descriptor '/home/luca/AMR_project/task2/install/task2/share/task2/package.dsv'
[105.001s] INFO:colcon.colcon_core.shell:Creating package script '/home/luca/AMR_project/task2/install/task2/share/task2/package.sh'
[105.002s] INFO:colcon.colcon_core.shell:Creating package script '/home/luca/AMR_project/task2/install/task2/share/task2/package.bash'
[105.003s] INFO:colcon.colcon_core.shell:Creating package script '/home/luca/AMR_project/task2/install/task2/share/task2/package.zsh'
[105.004s] Level 1:colcon.colcon_core.environment:create_file_with_runtime_dependencies(/home/luca/AMR_project/task2/install/task2/share/colcon-core/packages/task2)
[106.192s] DEBUG:colcon.colcon_core.event_handler.log_command:Invoked command in '/home/luca/AMR_project/task2/build/turtlebot3_simulations' returned '0': AMENT_PREFIX_PATH=/home/luca/AMR_project/task2/install/turtlebot3_gazebo:${AMENT_PREFIX_PATH} CMAKE_PREFIX_PATH=/home/luca/AMR_project/task2/install/turtlebot3_gazebo:/home/luca/AMR_project/task3/install/turtlebot3_simulations:/home/luca/AMR_project/task3/install/turtlebot3_gazebo:/home/luca/AMR_project/task3/install/loc_and_nav:/opt/ros/galactic /usr/bin/cmake /home/luca/AMR_project/task2/src/turtlebot3_simulations/turtlebot3_simulations -DAMENT_CMAKE_SYMLINK_INSTALL=1 -DCMAKE_INSTALL_PREFIX=/home/luca/AMR_project/task2/install/turtlebot3_simulations
[106.200s] DEBUG:colcon.colcon_core.event_handler.log_command:Invoking command in '/home/luca/AMR_project/task2/build/turtlebot3_simulations': AMENT_PREFIX_PATH=/home/luca/AMR_project/task2/install/turtlebot3_gazebo:${AMENT_PREFIX_PATH} CMAKE_PREFIX_PATH=/home/luca/AMR_project/task2/install/turtlebot3_gazebo:/home/luca/AMR_project/task3/install/turtlebot3_simulations:/home/luca/AMR_project/task3/install/turtlebot3_gazebo:/home/luca/AMR_project/task3/install/loc_and_nav:/opt/ros/galactic /usr/bin/cmake --build /home/luca/AMR_project/task2/build/turtlebot3_simulations -- -j2 -l2
[106.293s] DEBUG:colcon.colcon_core.event_handler.log_command:Invoked command in '/home/luca/AMR_project/task2/build/turtlebot3_simulations' returned '0': AMENT_PREFIX_PATH=/home/luca/AMR_project/task2/install/turtlebot3_gazebo:${AMENT_PREFIX_PATH} CMAKE_PREFIX_PATH=/home/luca/AMR_project/task2/install/turtlebot3_gazebo:/home/luca/AMR_project/task3/install/turtlebot3_simulations:/home/luca/AMR_project/task3/install/turtlebot3_gazebo:/home/luca/AMR_project/task3/install/loc_and_nav:/opt/ros/galactic /usr/bin/cmake --build /home/luca/AMR_project/task2/build/turtlebot3_simulations -- -j2 -l2
[106.358s] DEBUG:colcon.colcon_core.event_handler.log_command:Invoking command in '/home/luca/AMR_project/task2/build/turtlebot3_simulations': AMENT_PREFIX_PATH=/home/luca/AMR_project/task2/install/turtlebot3_gazebo:${AMENT_PREFIX_PATH} CMAKE_PREFIX_PATH=/home/luca/AMR_project/task2/install/turtlebot3_gazebo:/home/luca/AMR_project/task3/install/turtlebot3_simulations:/home/luca/AMR_project/task3/install/turtlebot3_gazebo:/home/luca/AMR_project/task3/install/loc_and_nav:/opt/ros/galactic /usr/bin/cmake --install /home/luca/AMR_project/task2/build/turtlebot3_simulations
[106.760s] Level 1:colcon.colcon_core.environment:create_environment_scripts_only(turtlebot3_simulations)
[106.771s] DEBUG:colcon.colcon_core.event_handler.log_command:Invoked command in '/home/luca/AMR_project/task2/build/turtlebot3_simulations' returned '0': AMENT_PREFIX_PATH=/home/luca/AMR_project/task2/install/turtlebot3_gazebo:${AMENT_PREFIX_PATH} CMAKE_PREFIX_PATH=/home/luca/AMR_project/task2/install/turtlebot3_gazebo:/home/luca/AMR_project/task3/install/turtlebot3_simulations:/home/luca/AMR_project/task3/install/turtlebot3_gazebo:/home/luca/AMR_project/task3/install/loc_and_nav:/opt/ros/galactic /usr/bin/cmake --install /home/luca/AMR_project/task2/build/turtlebot3_simulations
[106.774s] Level 1:colcon.colcon_core.environment:checking '/home/luca/AMR_project/task2/install/turtlebot3_simulations' for CMake module files
[106.777s] Level 1:colcon.colcon_core.environment:checking '/home/luca/AMR_project/task2/install/turtlebot3_simulations' for CMake config files
[106.777s] Level 1:colcon.colcon_core.shell:create_environment_hook('turtlebot3_simulations', 'cmake_prefix_path')
[106.781s] INFO:colcon.colcon_core.shell:Creating environment hook '/home/luca/AMR_project/task2/install/turtlebot3_simulations/share/turtlebot3_simulations/hook/cmake_prefix_path.ps1'
[106.783s] INFO:colcon.colcon_core.shell:Creating environment descriptor '/home/luca/AMR_project/task2/install/turtlebot3_simulations/share/turtlebot3_simulations/hook/cmake_prefix_path.dsv'
[106.783s] INFO:colcon.colcon_core.shell:Creating environment hook '/home/luca/AMR_project/task2/install/turtlebot3_simulations/share/turtlebot3_simulations/hook/cmake_prefix_path.sh'
[106.784s] Level 1:colcon.colcon_core.environment:checking '/home/luca/AMR_project/task2/install/turtlebot3_simulations/bin'
[106.784s] Level 1:colcon.colcon_core.environment:checking '/home/luca/AMR_project/task2/install/turtlebot3_simulations/lib/pkgconfig/turtlebot3_simulations.pc'
[106.785s] Level 1:colcon.colcon_core.environment:checking '/home/luca/AMR_project/task2/install/turtlebot3_simulations/lib/python3.8/site-packages'
[106.786s] Level 1:colcon.colcon_core.environment:checking '/home/luca/AMR_project/task2/install/turtlebot3_simulations/bin'
[106.794s] INFO:colcon.colcon_core.shell:Creating package script '/home/luca/AMR_project/task2/install/turtlebot3_simulations/share/turtlebot3_simulations/package.ps1'
[106.795s] INFO:colcon.colcon_core.shell:Creating package descriptor '/home/luca/AMR_project/task2/install/turtlebot3_simulations/share/turtlebot3_simulations/package.dsv'
[106.796s] INFO:colcon.colcon_core.shell:Creating package script '/home/luca/AMR_project/task2/install/turtlebot3_simulations/share/turtlebot3_simulations/package.sh'
[106.797s] INFO:colcon.colcon_core.shell:Creating package script '/home/luca/AMR_project/task2/install/turtlebot3_simulations/share/turtlebot3_simulations/package.bash'
[106.798s] INFO:colcon.colcon_core.shell:Creating package script '/home/luca/AMR_project/task2/install/turtlebot3_simulations/share/turtlebot3_simulations/package.zsh'
[106.799s] Level 1:colcon.colcon_core.environment:create_file_with_runtime_dependencies(/home/luca/AMR_project/task2/install/turtlebot3_simulations/share/colcon-core/packages/turtlebot3_simulations)
[106.852s] Level 1:colcon.colcon_core.environment:create_environment_scripts_only(turtlebot3_simulations)
[106.856s] Level 1:colcon.colcon_core.environment:checking '/home/luca/AMR_project/task2/install/turtlebot3_simulations' for CMake module files
[106.857s] Level 1:colcon.colcon_core.environment:checking '/home/luca/AMR_project/task2/install/turtlebot3_simulations' for CMake config files
[106.858s] Level 1:colcon.colcon_core.shell:create_environment_hook('turtlebot3_simulations', 'cmake_prefix_path')
[106.865s] INFO:colcon.colcon_core.shell:Creating environment hook '/home/luca/AMR_project/task2/install/turtlebot3_simulations/share/turtlebot3_simulations/hook/cmake_prefix_path.ps1'
[106.870s] INFO:colcon.colcon_core.shell:Creating environment descriptor '/home/luca/AMR_project/task2/install/turtlebot3_simulations/share/turtlebot3_simulations/hook/cmake_prefix_path.dsv'
[106.871s] INFO:colcon.colcon_core.shell:Creating environment hook '/home/luca/AMR_project/task2/install/turtlebot3_simulations/share/turtlebot3_simulations/hook/cmake_prefix_path.sh'
[106.873s] Level 1:colcon.colcon_core.environment:checking '/home/luca/AMR_project/task2/install/turtlebot3_simulations/bin'
[106.873s] Level 1:colcon.colcon_core.environment:checking '/home/luca/AMR_project/task2/install/turtlebot3_simulations/lib/pkgconfig/turtlebot3_simulations.pc'
[106.874s] Level 1:colcon.colcon_core.environment:checking '/home/luca/AMR_project/task2/install/turtlebot3_simulations/lib/python3.8/site-packages'
[106.874s] Level 1:colcon.colcon_core.environment:checking '/home/luca/AMR_project/task2/install/turtlebot3_simulations/bin'
[106.883s] INFO:colcon.colcon_core.shell:Creating package script '/home/luca/AMR_project/task2/install/turtlebot3_simulations/share/turtlebot3_simulations/package.ps1'
[106.884s] INFO:colcon.colcon_core.shell:Creating package descriptor '/home/luca/AMR_project/task2/install/turtlebot3_simulations/share/turtlebot3_simulations/package.dsv'
[106.885s] INFO:colcon.colcon_core.shell:Creating package script '/home/luca/AMR_project/task2/install/turtlebot3_simulations/share/turtlebot3_simulations/package.sh'
[106.887s] INFO:colcon.colcon_core.shell:Creating package script '/home/luca/AMR_project/task2/install/turtlebot3_simulations/share/turtlebot3_simulations/package.bash'
[106.888s] INFO:colcon.colcon_core.shell:Creating package script '/home/luca/AMR_project/task2/install/turtlebot3_simulations/share/turtlebot3_simulations/package.zsh'
[106.894s] Level 1:colcon.colcon_core.environment:create_file_with_runtime_dependencies(/home/luca/AMR_project/task2/install/turtlebot3_simulations/share/colcon-core/packages/turtlebot3_simulations)
[106.895s] DEBUG:colcon.colcon_parallel_executor.executor.parallel:closing loop
[106.896s] DEBUG:colcon.colcon_parallel_executor.executor.parallel:loop closed
[106.897s] DEBUG:colcon.colcon_parallel_executor.executor.parallel:run_until_complete finished with '0'
[106.897s] DEBUG:colcon.colcon_core.event_reactor:joining thread
[106.936s] INFO:colcon.colcon_core.plugin_system:Skipping extension 'colcon_notification.desktop_notification.terminal_notifier': Not used on non-Darwin systems
[106.937s] INFO:colcon.colcon_core.plugin_system:Skipping extension 'colcon_notification.desktop_notification.win32': Not used on non-Windows systems
[106.937s] INFO:colcon.colcon_notification.desktop_notification:Sending desktop notification using 'notify2'
[106.957s] DEBUG:colcon.colcon_core.event_reactor:joined thread
[106.962s] INFO:colcon.colcon_core.shell:Creating prefix script '/home/luca/AMR_project/task2/install/local_setup.ps1'
[106.970s] INFO:colcon.colcon_core.shell:Creating prefix util module '/home/luca/AMR_project/task2/install/_local_setup_util_ps1.py'
[106.977s] INFO:colcon.colcon_core.shell:Creating prefix chain script '/home/luca/AMR_project/task2/install/setup.ps1'
[106.983s] INFO:colcon.colcon_core.shell:Creating prefix script '/home/luca/AMR_project/task2/install/local_setup.sh'
[106.984s] INFO:colcon.colcon_core.shell:Creating prefix util module '/home/luca/AMR_project/task2/install/_local_setup_util_sh.py'
[106.985s] INFO:colcon.colcon_core.shell:Creating prefix chain script '/home/luca/AMR_project/task2/install/setup.sh'
[106.988s] INFO:colcon.colcon_core.shell:Creating prefix script '/home/luca/AMR_project/task2/install/local_setup.bash'
[106.989s] INFO:colcon.colcon_core.shell:Creating prefix chain script '/home/luca/AMR_project/task2/install/setup.bash'
[106.997s] INFO:colcon.colcon_core.shell:Creating prefix script '/home/luca/AMR_project/task2/install/local_setup.zsh'
[107.002s] INFO:colcon.colcon_core.shell:Creating prefix chain script '/home/luca/AMR_project/task2/install/setup.zsh'
