[0.075s] Invoking command in '/home/luca/AMR_project/task2/build/turtlebot3_simulations': AMENT_PREFIX_PATH=/home/luca/AMR_project/task2/install/turtlebot3_gazebo:${AMENT_PREFIX_PATH} CMAKE_PREFIX_PATH=/home/luca/AMR_project/task2/install/turtlebot3_gazebo:/home/luca/AMR_project/task3/install/turtlebot3_simulations:/home/luca/AMR_project/task3/install/turtlebot3_gazebo:/home/luca/AMR_project/task3/install/loc_and_nav:/opt/ros/galactic /usr/bin/cmake /home/luca/AMR_project/task2/src/turtlebot3_simulations/turtlebot3_simulations -DAMENT_CMAKE_SYMLINK_INSTALL=1 -DCMAKE_INSTALL_PREFIX=/home/luca/AMR_project/task2/install/turtlebot3_simulations
[0.311s] -- The C compiler identification is GNU 9.4.0
[0.605s] -- The CXX compiler identification is GNU 9.4.0
[0.618s] -- Check for working C compiler: /usr/bin/cc
[0.997s] -- Check for working C compiler: /usr/bin/cc -- works
[0.997s] -- Detecting C compiler ABI info
[1.215s] -- Detecting C compiler ABI info - done
[1.271s] -- Detecting C compile features
[1.271s] -- Detecting C compile features - done
[1.280s] -- Check for working CXX compiler: /usr/bin/c++
[1.510s] -- Check for working CXX compiler: /usr/bin/c++ -- works
[1.513s] -- Detecting CXX compiler ABI info
[1.736s] -- Detecting CXX compiler ABI info - done
[1.812s] -- Detecting CXX compile features
[1.813s] -- Detecting CXX compile features - done
[1.824s] -- Found ament_cmake: 1.1.6 (/opt/ros/galactic/share/ament_cmake/cmake)
[1.894s] -- Found PythonInterp: /usr/bin/python3 (found suitable version "3.8.10", minimum required is "3") 
[1.894s] -- Using PYTHON_EXECUTABLE: /usr/bin/python3
[2.045s] -- Override CMake install command with custom implementation using symlinks instead of copying resources
[2.265s] -- Configuring done
[2.273s] -- Generating done
[2.275s] -- Build files have been written to: /home/luca/AMR_project/task2/build/turtlebot3_simulations
[2.282s] Invoked command in '/home/luca/AMR_project/task2/build/turtlebot3_simulations' returned '0': AMENT_PREFIX_PATH=/home/luca/AMR_project/task2/install/turtlebot3_gazebo:${AMENT_PREFIX_PATH} CMAKE_PREFIX_PATH=/home/luca/AMR_project/task2/install/turtlebot3_gazebo:/home/luca/AMR_project/task3/install/turtlebot3_simulations:/home/luca/AMR_project/task3/install/turtlebot3_gazebo:/home/luca/AMR_project/task3/install/loc_and_nav:/opt/ros/galactic /usr/bin/cmake /home/luca/AMR_project/task2/src/turtlebot3_simulations/turtlebot3_simulations -DAMENT_CMAKE_SYMLINK_INSTALL=1 -DCMAKE_INSTALL_PREFIX=/home/luca/AMR_project/task2/install/turtlebot3_simulations
[2.290s] Invoking command in '/home/luca/AMR_project/task2/build/turtlebot3_simulations': AMENT_PREFIX_PATH=/home/luca/AMR_project/task2/install/turtlebot3_gazebo:${AMENT_PREFIX_PATH} CMAKE_PREFIX_PATH=/home/luca/AMR_project/task2/install/turtlebot3_gazebo:/home/luca/AMR_project/task3/install/turtlebot3_simulations:/home/luca/AMR_project/task3/install/turtlebot3_gazebo:/home/luca/AMR_project/task3/install/loc_and_nav:/opt/ros/galactic /usr/bin/cmake --build /home/luca/AMR_project/task2/build/turtlebot3_simulations -- -j2 -l2
[2.383s] Invoked command in '/home/luca/AMR_project/task2/build/turtlebot3_simulations' returned '0': AMENT_PREFIX_PATH=/home/luca/AMR_project/task2/install/turtlebot3_gazebo:${AMENT_PREFIX_PATH} CMAKE_PREFIX_PATH=/home/luca/AMR_project/task2/install/turtlebot3_gazebo:/home/luca/AMR_project/task3/install/turtlebot3_simulations:/home/luca/AMR_project/task3/install/turtlebot3_gazebo:/home/luca/AMR_project/task3/install/loc_and_nav:/opt/ros/galactic /usr/bin/cmake --build /home/luca/AMR_project/task2/build/turtlebot3_simulations -- -j2 -l2
[2.448s] Invoking command in '/home/luca/AMR_project/task2/build/turtlebot3_simulations': AMENT_PREFIX_PATH=/home/luca/AMR_project/task2/install/turtlebot3_gazebo:${AMENT_PREFIX_PATH} CMAKE_PREFIX_PATH=/home/luca/AMR_project/task2/install/turtlebot3_gazebo:/home/luca/AMR_project/task3/install/turtlebot3_simulations:/home/luca/AMR_project/task3/install/turtlebot3_gazebo:/home/luca/AMR_project/task3/install/loc_and_nav:/opt/ros/galactic /usr/bin/cmake --install /home/luca/AMR_project/task2/build/turtlebot3_simulations
[2.481s] -- Install configuration: ""
[2.481s] -- Execute custom install script
[2.483s] -- Symlinking: /home/luca/AMR_project/task2/install/turtlebot3_simulations/share/ament_index/resource_index/package_run_dependencies/turtlebot3_simulations
[2.515s] -- Symlinking: /home/luca/AMR_project/task2/install/turtlebot3_simulations/share/ament_index/resource_index/parent_prefix_path/turtlebot3_simulations
[2.537s] -- Symlinking: /home/luca/AMR_project/task2/install/turtlebot3_simulations/share/turtlebot3_simulations/environment/ament_prefix_path.sh
[2.556s] -- Symlinking: /home/luca/AMR_project/task2/install/turtlebot3_simulations/share/turtlebot3_simulations/environment/ament_prefix_path.dsv
[2.589s] -- Symlinking: /home/luca/AMR_project/task2/install/turtlebot3_simulations/share/turtlebot3_simulations/environment/path.sh
[2.613s] -- Symlinking: /home/luca/AMR_project/task2/install/turtlebot3_simulations/share/turtlebot3_simulations/environment/path.dsv
[2.644s] -- Symlinking: /home/luca/AMR_project/task2/install/turtlebot3_simulations/share/turtlebot3_simulations/local_setup.bash
[2.665s] -- Symlinking: /home/luca/AMR_project/task2/install/turtlebot3_simulations/share/turtlebot3_simulations/local_setup.sh
[2.692s] -- Symlinking: /home/luca/AMR_project/task2/install/turtlebot3_simulations/share/turtlebot3_simulations/local_setup.zsh
[2.713s] -- Symlinking: /home/luca/AMR_project/task2/install/turtlebot3_simulations/share/turtlebot3_simulations/local_setup.dsv
[2.735s] -- Symlinking: /home/luca/AMR_project/task2/install/turtlebot3_simulations/share/turtlebot3_simulations/package.dsv
[2.766s] -- Symlinking: /home/luca/AMR_project/task2/install/turtlebot3_simulations/share/ament_index/resource_index/packages/turtlebot3_simulations
[2.784s] -- Symlinking: /home/luca/AMR_project/task2/install/turtlebot3_simulations/share/turtlebot3_simulations/cmake/turtlebot3_simulationsConfig.cmake
[2.805s] -- Symlinking: /home/luca/AMR_project/task2/install/turtlebot3_simulations/share/turtlebot3_simulations/cmake/turtlebot3_simulationsConfig-version.cmake
[2.823s] -- Symlinking: /home/luca/AMR_project/task2/install/turtlebot3_simulations/share/turtlebot3_simulations/package.xml
[2.861s] Invoked command in '/home/luca/AMR_project/task2/build/turtlebot3_simulations' returned '0': AMENT_PREFIX_PATH=/home/luca/AMR_project/task2/install/turtlebot3_gazebo:${AMENT_PREFIX_PATH} CMAKE_PREFIX_PATH=/home/luca/AMR_project/task2/install/turtlebot3_gazebo:/home/luca/AMR_project/task3/install/turtlebot3_simulations:/home/luca/AMR_project/task3/install/turtlebot3_gazebo:/home/luca/AMR_project/task3/install/loc_and_nav:/opt/ros/galactic /usr/bin/cmake --install /home/luca/AMR_project/task2/build/turtlebot3_simulations
