[0.047s] Invoking command in '/home/luca/AMR_project/task2/build/explore_lite': CMAKE_PREFIX_PATH=${CMAKE_PREFIX_PATH}:/home/luca/AMR_project/task3/install/loc_and_nav:/opt/ros/galactic /usr/bin/cmake /home/luca/AMR_project/task2/src/m-explore-ros2/explore -DAMENT_CMAKE_SYMLINK_INSTALL=1 -DCMAKE_INSTALL_PREFIX=/home/luca/AMR_project/task2/install/explore_lite
[0.221s] -- The C compiler identification is GNU 9.4.0
[0.427s] -- The CXX compiler identification is GNU 9.4.0
[0.445s] -- Check for working C compiler: /usr/bin/cc
[0.601s] -- Check for working C compiler: /usr/bin/cc -- works
[0.601s] -- Detecting C compiler ABI info
[0.724s] -- Detecting C compiler ABI info - done
[0.767s] -- Detecting C compile features
[0.768s] -- Detecting C compile features - done
[0.786s] -- Check for working CXX compiler: /usr/bin/c++
[1.108s] -- Check for working CXX compiler: /usr/bin/c++ -- works
[1.110s] -- Detecting CXX compiler ABI info
[1.358s] -- Detecting CXX compiler ABI info - done
[1.402s] -- Detecting CXX compile features
[1.403s] -- Detecting CXX compile features - done
[1.411s] -- BuilD for ROS2: galactic
[1.415s] -- Found ament_cmake: 1.1.6 (/opt/ros/galactic/share/ament_cmake/cmake)
[1.492s] -- Found PythonInterp: /usr/bin/python3 (found suitable version "3.8.10", minimum required is "3") 
[1.492s] -- Using PYTHON_EXECUTABLE: /usr/bin/python3
[1.672s] -- Override CMake install command with custom implementation using symlinks instead of copying resources
[1.734s] -- Found rclcpp: 9.2.2 (/opt/ros/galactic/share/rclcpp/cmake)
[1.830s] -- Using all available rosidl_typesupport_c: rosidl_typesupport_fastrtps_c;rosidl_typesupport_introspection_c
[1.844s] -- Found rosidl_adapter: 2.2.3 (/opt/ros/galactic/share/rosidl_adapter/cmake)
[1.982s] -- Found OpenSSL: /usr/lib/x86_64-linux-gnu/libcrypto.so (found version "1.1.1f")  
[2.034s] -- Found FastRTPS: /opt/ros/galactic/include  
[2.197s] -- Using all available rosidl_typesupport_cpp: rosidl_typesupport_fastrtps_cpp;rosidl_typesupport_introspection_cpp
[2.377s] -- Found rmw_implementation_cmake: 3.3.1 (/opt/ros/galactic/share/rmw_implementation_cmake/cmake)
[2.382s] -- Found rmw_cyclonedds_cpp: 0.22.6 (/opt/ros/galactic/share/rmw_cyclonedds_cpp/cmake)
[2.425s] -- Using RMW implementation 'rmw_cyclonedds_cpp' as default
[2.429s] -- Looking for pthread.h
[2.637s] -- Looking for pthread.h - found
[2.638s] -- Performing Test CMAKE_HAVE_LIBC_PTHREAD
[2.827s] -- Performing Test CMAKE_HAVE_LIBC_PTHREAD - Failed
[2.829s] -- Looking for pthread_create in pthreads
[2.955s] -- Looking for pthread_create in pthreads - not found
[2.962s] -- Looking for pthread_create in pthread
[3.166s] -- Looking for pthread_create in pthread - found
[3.174s] -- Found Threads: TRUE  
[3.644s] -- Found sensor_msgs: 2.2.4 (/opt/ros/galactic/share/sensor_msgs/cmake)
[3.977s] -- Found tf2_ros: 0.17.5 (/opt/ros/galactic/share/tf2_ros/cmake)
[4.816s] -- Found tf2_geometry_msgs: 0.17.5 (/opt/ros/galactic/share/tf2_geometry_msgs/cmake)
[4.833s] -- Found eigen3_cmake_module: 0.1.1 (/opt/ros/galactic/share/eigen3_cmake_module/cmake)
[4.838s] -- Found Eigen3: TRUE (found version "3.3.7") 
[4.900s] -- Found nav2_msgs: 1.0.12 (/opt/ros/galactic/share/nav2_msgs/cmake)
[5.657s] -- Found map_msgs: 2.1.0 (/opt/ros/galactic/share/map_msgs/cmake)
[6.046s] -- Found visualization_msgs: 2.2.4 (/opt/ros/galactic/share/visualization_msgs/cmake)
[6.287s] -- Found nav2_costmap_2d: 1.0.12 (/opt/ros/galactic/share/nav2_costmap_2d/cmake)
[9.422s] -- Found ament_lint_auto: 0.10.7 (/opt/ros/galactic/share/ament_lint_auto/cmake)
[9.671s] -- Found ament_cmake_gtest: 1.1.6 (/opt/ros/galactic/share/ament_cmake_gtest/cmake)
[9.686s] -- Found gtest sources under '/opt/ros/galactic/src/gtest_vendor': C++ tests using 'Google Test' will be built
[9.705s] -- Check if compiler accepts -pthread
[9.836s] -- Check if compiler accepts -pthread - yes
[10.618s] -- Added test 'cppcheck' to perform static code analysis on C / C++ code
[10.619s] -- Configured cppcheck include dirs: /home/luca/AMR_project/task2/src/m-explore-ros2/explore/include;$<BUILD_INTERFACE:/home/luca/AMR_project/task2/src/m-explore-ros2/explore/include>
[10.619s] -- Configured cppcheck exclude dirs and/or files: 
[10.620s] -- Added test 'flake8' to check Python code syntax and style conventions
[10.629s] -- Added test 'lint_cmake' to check CMake code style
[10.630s] -- Added test 'pep257' to check Python code against some of the style conventions in PEP 257
[10.645s] -- Added test 'uncrustify' to check C / C++ code style
[10.645s] -- Configured uncrustify additional arguments: 
[10.647s] -- Added test 'xmllint' to check XML markup files
[10.665s] -- Configuring done
[11.526s] -- Generating done
[11.537s] -- Build files have been written to: /home/luca/AMR_project/task2/build/explore_lite
[11.584s] Invoked command in '/home/luca/AMR_project/task2/build/explore_lite' returned '0': CMAKE_PREFIX_PATH=${CMAKE_PREFIX_PATH}:/home/luca/AMR_project/task3/install/loc_and_nav:/opt/ros/galactic /usr/bin/cmake /home/luca/AMR_project/task2/src/m-explore-ros2/explore -DAMENT_CMAKE_SYMLINK_INSTALL=1 -DCMAKE_INSTALL_PREFIX=/home/luca/AMR_project/task2/install/explore_lite
[11.591s] Invoking command in '/home/luca/AMR_project/task2/build/explore_lite': CMAKE_PREFIX_PATH=${CMAKE_PREFIX_PATH}:/home/luca/AMR_project/task3/install/loc_and_nav:/opt/ros/galactic /usr/bin/cmake --build /home/luca/AMR_project/task2/build/explore_lite -- -j2 -l2
[11.789s] [35m[1mScanning dependencies of target gtest[0m
[11.808s] [35m[1mScanning dependencies of target gtest_main[0m
[11.868s] [ 10%] [32mBuilding CXX object gtest/CMakeFiles/gtest.dir/src/gtest-all.cc.o[0m
[11.901s] [ 20%] [32mBuilding CXX object gtest/CMakeFiles/gtest_main.dir/src/gtest_main.cc.o[0m
[14.483s] [ 30%] [32m[1mLinking CXX static library libgtest_main.a[0m
[14.670s] [ 30%] Built target gtest_main
[14.726s] [35m[1mScanning dependencies of target explore[0m
[15.133s] [ 40%] [32mBuilding CXX object CMakeFiles/explore.dir/src/costmap_client.cpp.o[0m
[23.783s] [ 50%] [32m[1mLinking CXX static library libgtest.a[0m
[24.037s] [ 50%] Built target gtest
[49.311s] [ 60%] [32mBuilding CXX object CMakeFiles/explore.dir/src/explore.cpp.o[0m
[78.214s] [ 70%] [32mBuilding CXX object CMakeFiles/explore.dir/src/frontier_search.cpp.o[0m
[88.654s] [ 80%] [32m[1mLinking CXX executable explore[0m
[93.804s] [ 80%] Built target explore
[93.837s] [35m[1mScanning dependencies of target test_explore[0m
[93.881s] [ 90%] [32mBuilding CXX object CMakeFiles/test_explore.dir/test/test_explore.cpp.o[0m
[100.106s] [100%] [32m[1mLinking CXX executable test_explore[0m
[101.226s] [100%] Built target test_explore
[101.268s] Invoked command in '/home/luca/AMR_project/task2/build/explore_lite' returned '0': CMAKE_PREFIX_PATH=${CMAKE_PREFIX_PATH}:/home/luca/AMR_project/task3/install/loc_and_nav:/opt/ros/galactic /usr/bin/cmake --build /home/luca/AMR_project/task2/build/explore_lite -- -j2 -l2
[101.535s] Invoking command in '/home/luca/AMR_project/task2/build/explore_lite': CMAKE_PREFIX_PATH=${CMAKE_PREFIX_PATH}:/home/luca/AMR_project/task3/install/loc_and_nav:/opt/ros/galactic /usr/bin/cmake --install /home/luca/AMR_project/task2/build/explore_lite
[101.563s] -- Install configuration: ""
[101.564s] -- Execute custom install script
[101.565s] -- Symlinking: /home/luca/AMR_project/task2/install/explore_lite/include/explore//costmap_client.h
[101.603s] -- Symlinking: /home/luca/AMR_project/task2/install/explore_lite/include/explore//costmap_tools.h
[101.634s] -- Symlinking: /home/luca/AMR_project/task2/install/explore_lite/include/explore//explore.h
[101.667s] -- Symlinking: /home/luca/AMR_project/task2/install/explore_lite/include/explore//frontier_search.h
[101.702s] -- Symlinking: /home/luca/AMR_project/task2/install/explore_lite/share/explore_lite/config/params.yaml
[101.737s] -- Symlinking: /home/luca/AMR_project/task2/install/explore_lite/share/explore_lite/config/params_costmap.yaml
[101.774s] -- Symlinking: /home/luca/AMR_project/task2/install/explore_lite/share/explore_lite/launch/explore.launch.py
[101.808s] -- Symlinking: /home/luca/AMR_project/task2/install/explore_lite/lib/explore_lite/explore
[101.846s] -- Symlinking: /home/luca/AMR_project/task2/install/explore_lite/share/ament_index/resource_index/package_run_dependencies/explore_lite
[101.879s] -- Symlinking: /home/luca/AMR_project/task2/install/explore_lite/share/ament_index/resource_index/parent_prefix_path/explore_lite
[101.911s] -- Symlinking: /home/luca/AMR_project/task2/install/explore_lite/share/explore_lite/environment/ament_prefix_path.sh
[101.950s] -- Symlinking: /home/luca/AMR_project/task2/install/explore_lite/share/explore_lite/environment/ament_prefix_path.dsv
[101.995s] -- Symlinking: /home/luca/AMR_project/task2/install/explore_lite/share/explore_lite/environment/path.sh
[102.028s] -- Symlinking: /home/luca/AMR_project/task2/install/explore_lite/share/explore_lite/environment/path.dsv
[102.066s] -- Symlinking: /home/luca/AMR_project/task2/install/explore_lite/share/explore_lite/local_setup.bash
[102.113s] -- Symlinking: /home/luca/AMR_project/task2/install/explore_lite/share/explore_lite/local_setup.sh
[102.150s] -- Symlinking: /home/luca/AMR_project/task2/install/explore_lite/share/explore_lite/local_setup.zsh
[102.200s] -- Symlinking: /home/luca/AMR_project/task2/install/explore_lite/share/explore_lite/local_setup.dsv
[102.240s] -- Symlinking: /home/luca/AMR_project/task2/install/explore_lite/share/explore_lite/package.dsv
[102.283s] -- Symlinking: /home/luca/AMR_project/task2/install/explore_lite/share/ament_index/resource_index/packages/explore_lite
[102.322s] -- Symlinking: /home/luca/AMR_project/task2/install/explore_lite/share/explore_lite/cmake/ament_cmake_export_include_directories-extras.cmake
[102.370s] -- Symlinking: /home/luca/AMR_project/task2/install/explore_lite/share/explore_lite/cmake/explore_liteConfig.cmake
[102.412s] -- Symlinking: /home/luca/AMR_project/task2/install/explore_lite/share/explore_lite/cmake/explore_liteConfig-version.cmake
[102.458s] -- Symlinking: /home/luca/AMR_project/task2/install/explore_lite/share/explore_lite/package.xml
[102.515s] Invoked command in '/home/luca/AMR_project/task2/build/explore_lite' returned '0': CMAKE_PREFIX_PATH=${CMAKE_PREFIX_PATH}:/home/luca/AMR_project/task3/install/loc_and_nav:/opt/ros/galactic /usr/bin/cmake --install /home/luca/AMR_project/task2/build/explore_lite
