[0.016s] Invoking command in '/home/luca/AMR_project/task3/build/turtlebot3_simulations': CMAKE_PREFIX_PATH=/home/luca/AMR_project/task3/install/turtlebot3_gazebo:/home/luca/AMR_project/task3/install/turtlebot3_simulations:/home/luca/AMR_project/task3/install/loc_and_nav:/opt/ros/galactic /usr/bin/cmake /home/luca/AMR_project/task3/src/turtlebot3_simulations/turtlebot3_simulations -DAMENT_CMAKE_SYMLINK_INSTALL=1 -DCMAKE_INSTALL_PREFIX=/home/luca/AMR_project/task3/install/turtlebot3_simulations
[0.142s] -- The C compiler identification is GNU 9.4.0
[0.247s] -- The CXX compiler identification is GNU 9.4.0
[0.257s] -- Check for working C compiler: /usr/bin/cc
[0.572s] -- Check for working C compiler: /usr/bin/cc -- works
[0.574s] -- Detecting C compiler ABI info
[0.761s] -- Detecting C compiler ABI info - done
[0.801s] -- Detecting C compile features
[0.803s] -- Detecting C compile features - done
[0.811s] -- Check for working CXX compiler: /usr/bin/c++
[0.980s] -- Check for working CXX compiler: /usr/bin/c++ -- works
[0.981s] -- Detecting CXX compiler ABI info
[1.189s] -- Detecting CXX compiler ABI info - done
[1.235s] -- Detecting CXX compile features
[1.237s] -- Detecting CXX compile features - done
[1.242s] -- Found ament_cmake: 1.1.6 (/opt/ros/galactic/share/ament_cmake/cmake)
[1.334s] -- Found PythonInterp: /usr/bin/python3 (found suitable version "3.8.10", minimum required is "3") 
[1.335s] -- Using PYTHON_EXECUTABLE: /usr/bin/python3
[1.472s] -- Override CMake install command with custom implementation using symlinks instead of copying resources
[1.622s] -- Configuring done
[1.625s] -- Generating done
[1.627s] -- Build files have been written to: /home/luca/AMR_project/task3/build/turtlebot3_simulations
[1.636s] Invoked command in '/home/luca/AMR_project/task3/build/turtlebot3_simulations' returned '0': CMAKE_PREFIX_PATH=/home/luca/AMR_project/task3/install/turtlebot3_gazebo:/home/luca/AMR_project/task3/install/turtlebot3_simulations:/home/luca/AMR_project/task3/install/loc_and_nav:/opt/ros/galactic /usr/bin/cmake /home/luca/AMR_project/task3/src/turtlebot3_simulations/turtlebot3_simulations -DAMENT_CMAKE_SYMLINK_INSTALL=1 -DCMAKE_INSTALL_PREFIX=/home/luca/AMR_project/task3/install/turtlebot3_simulations
[1.638s] Invoking command in '/home/luca/AMR_project/task3/build/turtlebot3_simulations': CMAKE_PREFIX_PATH=/home/luca/AMR_project/task3/install/turtlebot3_gazebo:/home/luca/AMR_project/task3/install/turtlebot3_simulations:/home/luca/AMR_project/task3/install/loc_and_nav:/opt/ros/galactic /usr/bin/cmake --build /home/luca/AMR_project/task3/build/turtlebot3_simulations -- -j2 -l2
[1.707s] Invoked command in '/home/luca/AMR_project/task3/build/turtlebot3_simulations' returned '0': CMAKE_PREFIX_PATH=/home/luca/AMR_project/task3/install/turtlebot3_gazebo:/home/luca/AMR_project/task3/install/turtlebot3_simulations:/home/luca/AMR_project/task3/install/loc_and_nav:/opt/ros/galactic /usr/bin/cmake --build /home/luca/AMR_project/task3/build/turtlebot3_simulations -- -j2 -l2
[1.740s] Invoking command in '/home/luca/AMR_project/task3/build/turtlebot3_simulations': CMAKE_PREFIX_PATH=/home/luca/AMR_project/task3/install/turtlebot3_gazebo:/home/luca/AMR_project/task3/install/turtlebot3_simulations:/home/luca/AMR_project/task3/install/loc_and_nav:/opt/ros/galactic /usr/bin/cmake --install /home/luca/AMR_project/task3/build/turtlebot3_simulations
[1.753s] -- Install configuration: ""
[1.754s] -- Execute custom install script
[1.754s] -- Symlinking: /home/luca/AMR_project/task3/install/turtlebot3_simulations/share/ament_index/resource_index/package_run_dependencies/turtlebot3_simulations
[1.767s] -- Symlinking: /home/luca/AMR_project/task3/install/turtlebot3_simulations/share/ament_index/resource_index/parent_prefix_path/turtlebot3_simulations
[1.783s] -- Symlinking: /home/luca/AMR_project/task3/install/turtlebot3_simulations/share/turtlebot3_simulations/environment/ament_prefix_path.sh
[1.799s] -- Symlinking: /home/luca/AMR_project/task3/install/turtlebot3_simulations/share/turtlebot3_simulations/environment/ament_prefix_path.dsv
[1.814s] -- Symlinking: /home/luca/AMR_project/task3/install/turtlebot3_simulations/share/turtlebot3_simulations/environment/path.sh
[1.828s] -- Symlinking: /home/luca/AMR_project/task3/install/turtlebot3_simulations/share/turtlebot3_simulations/environment/path.dsv
[1.843s] -- Symlinking: /home/luca/AMR_project/task3/install/turtlebot3_simulations/share/turtlebot3_simulations/local_setup.bash
[1.856s] -- Symlinking: /home/luca/AMR_project/task3/install/turtlebot3_simulations/share/turtlebot3_simulations/local_setup.sh
[1.874s] -- Symlinking: /home/luca/AMR_project/task3/install/turtlebot3_simulations/share/turtlebot3_simulations/local_setup.zsh
[1.900s] -- Symlinking: /home/luca/AMR_project/task3/install/turtlebot3_simulations/share/turtlebot3_simulations/local_setup.dsv
[1.921s] -- Symlinking: /home/luca/AMR_project/task3/install/turtlebot3_simulations/share/turtlebot3_simulations/package.dsv
[1.934s] -- Symlinking: /home/luca/AMR_project/task3/install/turtlebot3_simulations/share/ament_index/resource_index/packages/turtlebot3_simulations
[1.947s] -- Symlinking: /home/luca/AMR_project/task3/install/turtlebot3_simulations/share/turtlebot3_simulations/cmake/turtlebot3_simulationsConfig.cmake
[1.960s] -- Symlinking: /home/luca/AMR_project/task3/install/turtlebot3_simulations/share/turtlebot3_simulations/cmake/turtlebot3_simulationsConfig-version.cmake
[1.977s] -- Symlinking: /home/luca/AMR_project/task3/install/turtlebot3_simulations/share/turtlebot3_simulations/package.xml
[2.001s] Invoked command in '/home/luca/AMR_project/task3/build/turtlebot3_simulations' returned '0': CMAKE_PREFIX_PATH=/home/luca/AMR_project/task3/install/turtlebot3_gazebo:/home/luca/AMR_project/task3/install/turtlebot3_simulations:/home/luca/AMR_project/task3/install/loc_and_nav:/opt/ros/galactic /usr/bin/cmake --install /home/luca/AMR_project/task3/build/turtlebot3_simulations
