[0.584s] DEBUG:colcon:Command line arguments: ['/usr/bin/colcon', 'build', '--symlink-install']
[0.584s] DEBUG:colcon:Parsed command line arguments: Namespace(allow_overriding=[], ament_cmake_args=None, base_paths=['.'], build_base='build', catkin_cmake_args=None, catkin_skip_building_tests=False, cmake_args=None, cmake_clean_cache=False, cmake_clean_first=False, cmake_force_configure=False, cmake_target=None, cmake_target_skip_unavailable=False, continue_on_error=False, event_handlers=None, executor='parallel', ignore_user_meta=False, install_base='install', log_base=None, log_level=None, main=<bound method BuildVerb.main of <colcon_core.verb.build.BuildVerb object at 0x7fb7f60dd9a0>>, merge_install=False, metas=['./colcon.meta'], packages_above=None, packages_above_and_dependencies=None, packages_above_depth=None, packages_end=None, packages_ignore=None, packages_ignore_regex=None, packages_select=None, packages_select_build_failed=False, packages_select_by_dep=None, packages_select_regex=None, packages_select_test_failures=False, packages_skip=None, packages_skip_build_finished=False, packages_skip_by_dep=None, packages_skip_regex=None, packages_skip_test_passed=False, packages_skip_up_to=None, packages_start=None, packages_up_to=None, packages_up_to_regex=None, parallel_workers=2, paths=None, symlink_install=True, test_result_base=None, verb_extension=<colcon_core.verb.build.BuildVerb object at 0x7fb7f60dd9a0>, verb_name='build', verb_parser=<colcon_defaults.argument_parser.defaults.DefaultArgumentsDecorator object at 0x7fb7f60ddf10>)
[0.628s] Level 1:colcon.colcon_core.package_discovery:discover_packages(colcon_meta) check parameters
[0.629s] Level 1:colcon.colcon_core.package_discovery:discover_packages(recursive) check parameters
[0.629s] Level 1:colcon.colcon_core.package_discovery:discover_packages(ignore) check parameters
[0.629s] Level 1:colcon.colcon_core.package_discovery:discover_packages(path) check parameters
[0.629s] Level 1:colcon.colcon_core.package_discovery:discover_packages(colcon_meta) discover
[0.629s] Level 1:colcon.colcon_core.package_discovery:discover_packages(recursive) discover
[0.629s] INFO:colcon.colcon_core.package_discovery:Crawling recursively for packages in '/home/luca/AMR_project/task3'
[0.629s] Level 1:colcon.colcon_core.package_identification:_identify(.) by extensions ['ignore', 'ignore_ament_install']
[0.629s] Level 1:colcon.colcon_core.package_identification:_identify(.) by extension 'ignore'
[0.629s] Level 1:colcon.colcon_core.package_identification:_identify(.) by extension 'ignore_ament_install'
[0.629s] Level 1:colcon.colcon_core.package_identification:_identify(.) by extensions ['colcon_pkg']
[0.629s] Level 1:colcon.colcon_core.package_identification:_identify(.) by extension 'colcon_pkg'
[0.629s] Level 1:colcon.colcon_core.package_identification:_identify(.) by extensions ['colcon_meta']
[0.629s] Level 1:colcon.colcon_core.package_identification:_identify(.) by extension 'colcon_meta'
[0.630s] Level 1:colcon.colcon_core.package_identification:_identify(.) by extensions ['ros']
[0.630s] Level 1:colcon.colcon_core.package_identification:_identify(.) by extension 'ros'
[0.663s] Level 1:colcon.colcon_core.package_identification:_identify(.) by extensions ['cmake', 'python']
[0.663s] Level 1:colcon.colcon_core.package_identification:_identify(.) by extension 'cmake'
[0.663s] Level 1:colcon.colcon_core.package_identification:_identify(.) by extension 'python'
[0.663s] Level 1:colcon.colcon_core.package_identification:_identify(.) by extensions ['python_setup_py']
[0.663s] Level 1:colcon.colcon_core.package_identification:_identify(.) by extension 'python_setup_py'
[0.663s] Level 1:colcon.colcon_core.package_identification:_identify(build) by extensions ['ignore', 'ignore_ament_install']
[0.664s] Level 1:colcon.colcon_core.package_identification:_identify(build) by extension 'ignore'
[0.664s] Level 1:colcon.colcon_core.package_identification:_identify(build) ignored
[0.664s] Level 1:colcon.colcon_core.package_identification:_identify(install) by extensions ['ignore', 'ignore_ament_install']
[0.664s] Level 1:colcon.colcon_core.package_identification:_identify(install) by extension 'ignore'
[0.664s] Level 1:colcon.colcon_core.package_identification:_identify(install) ignored
[0.664s] Level 1:colcon.colcon_core.package_identification:_identify(log) by extensions ['ignore', 'ignore_ament_install']
[0.664s] Level 1:colcon.colcon_core.package_identification:_identify(log) by extension 'ignore'
[0.665s] Level 1:colcon.colcon_core.package_identification:_identify(log) ignored
[0.665s] Level 1:colcon.colcon_core.package_identification:_identify(src) by extensions ['ignore', 'ignore_ament_install']
[0.665s] Level 1:colcon.colcon_core.package_identification:_identify(src) by extension 'ignore'
[0.665s] Level 1:colcon.colcon_core.package_identification:_identify(src) by extension 'ignore_ament_install'
[0.665s] Level 1:colcon.colcon_core.package_identification:_identify(src) by extensions ['colcon_pkg']
[0.665s] Level 1:colcon.colcon_core.package_identification:_identify(src) by extension 'colcon_pkg'
[0.665s] Level 1:colcon.colcon_core.package_identification:_identify(src) by extensions ['colcon_meta']
[0.665s] Level 1:colcon.colcon_core.package_identification:_identify(src) by extension 'colcon_meta'
[0.665s] Level 1:colcon.colcon_core.package_identification:_identify(src) by extensions ['ros']
[0.665s] Level 1:colcon.colcon_core.package_identification:_identify(src) by extension 'ros'
[0.665s] Level 1:colcon.colcon_core.package_identification:_identify(src) by extensions ['cmake', 'python']
[0.666s] Level 1:colcon.colcon_core.package_identification:_identify(src) by extension 'cmake'
[0.666s] Level 1:colcon.colcon_core.package_identification:_identify(src) by extension 'python'
[0.666s] Level 1:colcon.colcon_core.package_identification:_identify(src) by extensions ['python_setup_py']
[0.666s] Level 1:colcon.colcon_core.package_identification:_identify(src) by extension 'python_setup_py'
[0.666s] Level 1:colcon.colcon_core.package_identification:_identify(src/loc_and_nav) by extensions ['ignore', 'ignore_ament_install']
[0.666s] Level 1:colcon.colcon_core.package_identification:_identify(src/loc_and_nav) by extension 'ignore'
[0.666s] Level 1:colcon.colcon_core.package_identification:_identify(src/loc_and_nav) by extension 'ignore_ament_install'
[0.666s] Level 1:colcon.colcon_core.package_identification:_identify(src/loc_and_nav) by extensions ['colcon_pkg']
[0.666s] Level 1:colcon.colcon_core.package_identification:_identify(src/loc_and_nav) by extension 'colcon_pkg'
[0.666s] Level 1:colcon.colcon_core.package_identification:_identify(src/loc_and_nav) by extensions ['colcon_meta']
[0.666s] Level 1:colcon.colcon_core.package_identification:_identify(src/loc_and_nav) by extension 'colcon_meta'
[0.666s] Level 1:colcon.colcon_core.package_identification:_identify(src/loc_and_nav) by extensions ['ros']
[0.667s] Level 1:colcon.colcon_core.package_identification:_identify(src/loc_and_nav) by extension 'ros'
[0.671s] DEBUG:colcon.colcon_core.package_identification:Package 'src/loc_and_nav' with type 'ros.ament_python' and name 'loc_and_nav'
[0.671s] Level 1:colcon.colcon_core.package_identification:_identify(src/turtlebot3_simulations) by extensions ['ignore', 'ignore_ament_install']
[0.671s] Level 1:colcon.colcon_core.package_identification:_identify(src/turtlebot3_simulations) by extension 'ignore'
[0.671s] Level 1:colcon.colcon_core.package_identification:_identify(src/turtlebot3_simulations) by extension 'ignore_ament_install'
[0.672s] Level 1:colcon.colcon_core.package_identification:_identify(src/turtlebot3_simulations) by extensions ['colcon_pkg']
[0.672s] Level 1:colcon.colcon_core.package_identification:_identify(src/turtlebot3_simulations) by extension 'colcon_pkg'
[0.672s] Level 1:colcon.colcon_core.package_identification:_identify(src/turtlebot3_simulations) by extensions ['colcon_meta']
[0.672s] Level 1:colcon.colcon_core.package_identification:_identify(src/turtlebot3_simulations) by extension 'colcon_meta'
[0.672s] Level 1:colcon.colcon_core.package_identification:_identify(src/turtlebot3_simulations) by extensions ['ros']
[0.672s] Level 1:colcon.colcon_core.package_identification:_identify(src/turtlebot3_simulations) by extension 'ros'
[0.672s] Level 1:colcon.colcon_core.package_identification:_identify(src/turtlebot3_simulations) by extensions ['cmake', 'python']
[0.672s] Level 1:colcon.colcon_core.package_identification:_identify(src/turtlebot3_simulations) by extension 'cmake'
[0.672s] Level 1:colcon.colcon_core.package_identification:_identify(src/turtlebot3_simulations) by extension 'python'
[0.672s] Level 1:colcon.colcon_core.package_identification:_identify(src/turtlebot3_simulations) by extensions ['python_setup_py']
[0.672s] Level 1:colcon.colcon_core.package_identification:_identify(src/turtlebot3_simulations) by extension 'python_setup_py'
[0.672s] Level 1:colcon.colcon_core.package_identification:_identify(src/turtlebot3_simulations/turtlebot3_gazebo) by extensions ['ignore', 'ignore_ament_install']
[0.672s] Level 1:colcon.colcon_core.package_identification:_identify(src/turtlebot3_simulations/turtlebot3_gazebo) by extension 'ignore'
[0.673s] Level 1:colcon.colcon_core.package_identification:_identify(src/turtlebot3_simulations/turtlebot3_gazebo) by extension 'ignore_ament_install'
[0.673s] Level 1:colcon.colcon_core.package_identification:_identify(src/turtlebot3_simulations/turtlebot3_gazebo) by extensions ['colcon_pkg']
[0.673s] Level 1:colcon.colcon_core.package_identification:_identify(src/turtlebot3_simulations/turtlebot3_gazebo) by extension 'colcon_pkg'
[0.673s] Level 1:colcon.colcon_core.package_identification:_identify(src/turtlebot3_simulations/turtlebot3_gazebo) by extensions ['colcon_meta']
[0.673s] Level 1:colcon.colcon_core.package_identification:_identify(src/turtlebot3_simulations/turtlebot3_gazebo) by extension 'colcon_meta'
[0.673s] Level 1:colcon.colcon_core.package_identification:_identify(src/turtlebot3_simulations/turtlebot3_gazebo) by extensions ['ros']
[0.673s] Level 1:colcon.colcon_core.package_identification:_identify(src/turtlebot3_simulations/turtlebot3_gazebo) by extension 'ros'
[0.675s] DEBUG:colcon.colcon_core.package_identification:Package 'src/turtlebot3_simulations/turtlebot3_gazebo' with type 'ros.ament_cmake' and name 'turtlebot3_gazebo'
[0.675s] Level 1:colcon.colcon_core.package_identification:_identify(src/turtlebot3_simulations/turtlebot3_simulations) by extensions ['ignore', 'ignore_ament_install']
[0.675s] Level 1:colcon.colcon_core.package_identification:_identify(src/turtlebot3_simulations/turtlebot3_simulations) by extension 'ignore'
[0.676s] Level 1:colcon.colcon_core.package_identification:_identify(src/turtlebot3_simulations/turtlebot3_simulations) by extension 'ignore_ament_install'
[0.676s] Level 1:colcon.colcon_core.package_identification:_identify(src/turtlebot3_simulations/turtlebot3_simulations) by extensions ['colcon_pkg']
[0.676s] Level 1:colcon.colcon_core.package_identification:_identify(src/turtlebot3_simulations/turtlebot3_simulations) by extension 'colcon_pkg'
[0.676s] Level 1:colcon.colcon_core.package_identification:_identify(src/turtlebot3_simulations/turtlebot3_simulations) by extensions ['colcon_meta']
[0.676s] Level 1:colcon.colcon_core.package_identification:_identify(src/turtlebot3_simulations/turtlebot3_simulations) by extension 'colcon_meta'
[0.676s] Level 1:colcon.colcon_core.package_identification:_identify(src/turtlebot3_simulations/turtlebot3_simulations) by extensions ['ros']
[0.676s] Level 1:colcon.colcon_core.package_identification:_identify(src/turtlebot3_simulations/turtlebot3_simulations) by extension 'ros'
[0.677s] DEBUG:colcon.colcon_core.package_identification:Package 'src/turtlebot3_simulations/turtlebot3_simulations' with type 'ros.ament_cmake' and name 'turtlebot3_simulations'
[0.677s] Level 1:colcon.colcon_core.package_discovery:discover_packages(recursive) using defaults
[0.677s] Level 1:colcon.colcon_core.package_discovery:discover_packages(ignore) discover
[0.677s] Level 1:colcon.colcon_core.package_discovery:discover_packages(ignore) using defaults
[0.677s] Level 1:colcon.colcon_core.package_discovery:discover_packages(path) discover
[0.677s] Level 1:colcon.colcon_core.package_discovery:discover_packages(path) using defaults
[0.713s] Level 1:colcon.colcon_core.package_discovery:discover_packages(prefix_path) check parameters
[0.713s] Level 1:colcon.colcon_core.package_discovery:discover_packages(prefix_path) discover
[0.723s] DEBUG:colcon.colcon_installed_package_information.package_discovery:Found 3 installed packages in /home/luca/AMR_project/task3/install
[0.727s] DEBUG:colcon.colcon_installed_package_information.package_discovery:Found 338 installed packages in /opt/ros/galactic
[0.732s] Level 1:colcon.colcon_core.package_discovery:discover_packages(prefix_path) using defaults
[0.924s] Level 5:colcon.colcon_core.verb:set package 'loc_and_nav' build argument 'cmake_args' from command line to 'None'
[0.925s] Level 5:colcon.colcon_core.verb:set package 'loc_and_nav' build argument 'cmake_target' from command line to 'None'
[0.925s] Level 5:colcon.colcon_core.verb:set package 'loc_and_nav' build argument 'cmake_target_skip_unavailable' from command line to 'False'
[0.925s] Level 5:colcon.colcon_core.verb:set package 'loc_and_nav' build argument 'cmake_clean_cache' from command line to 'False'
[0.925s] Level 5:colcon.colcon_core.verb:set package 'loc_and_nav' build argument 'cmake_clean_first' from command line to 'False'
[0.925s] Level 5:colcon.colcon_core.verb:set package 'loc_and_nav' build argument 'cmake_force_configure' from command line to 'False'
[0.925s] Level 5:colcon.colcon_core.verb:set package 'loc_and_nav' build argument 'ament_cmake_args' from command line to 'None'
[0.925s] Level 5:colcon.colcon_core.verb:set package 'loc_and_nav' build argument 'catkin_cmake_args' from command line to 'None'
[0.925s] Level 5:colcon.colcon_core.verb:set package 'loc_and_nav' build argument 'catkin_skip_building_tests' from command line to 'False'
[0.925s] DEBUG:colcon.colcon_core.verb:Building package 'loc_and_nav' with the following arguments: {'ament_cmake_args': None, 'build_base': '/home/luca/AMR_project/task3/build/loc_and_nav', 'catkin_cmake_args': None, 'catkin_skip_building_tests': False, 'cmake_args': None, 'cmake_clean_cache': False, 'cmake_clean_first': False, 'cmake_force_configure': False, 'cmake_target': None, 'cmake_target_skip_unavailable': False, 'install_base': '/home/luca/AMR_project/task3/install/loc_and_nav', 'merge_install': False, 'path': '/home/luca/AMR_project/task3/src/loc_and_nav', 'symlink_install': True, 'test_result_base': None}
[0.927s] Level 5:colcon.colcon_core.verb:set package 'turtlebot3_gazebo' build argument 'cmake_args' from command line to 'None'
[0.927s] Level 5:colcon.colcon_core.verb:set package 'turtlebot3_gazebo' build argument 'cmake_target' from command line to 'None'
[0.927s] Level 5:colcon.colcon_core.verb:set package 'turtlebot3_gazebo' build argument 'cmake_target_skip_unavailable' from command line to 'False'
[0.927s] Level 5:colcon.colcon_core.verb:set package 'turtlebot3_gazebo' build argument 'cmake_clean_cache' from command line to 'False'
[0.927s] Level 5:colcon.colcon_core.verb:set package 'turtlebot3_gazebo' build argument 'cmake_clean_first' from command line to 'False'
[0.927s] Level 5:colcon.colcon_core.verb:set package 'turtlebot3_gazebo' build argument 'cmake_force_configure' from command line to 'False'
[0.927s] Level 5:colcon.colcon_core.verb:set package 'turtlebot3_gazebo' build argument 'ament_cmake_args' from command line to 'None'
[0.927s] Level 5:colcon.colcon_core.verb:set package 'turtlebot3_gazebo' build argument 'catkin_cmake_args' from command line to 'None'
[0.927s] Level 5:colcon.colcon_core.verb:set package 'turtlebot3_gazebo' build argument 'catkin_skip_building_tests' from command line to 'False'
[0.927s] DEBUG:colcon.colcon_core.verb:Building package 'turtlebot3_gazebo' with the following arguments: {'ament_cmake_args': None, 'build_base': '/home/luca/AMR_project/task3/build/turtlebot3_gazebo', 'catkin_cmake_args': None, 'catkin_skip_building_tests': False, 'cmake_args': None, 'cmake_clean_cache': False, 'cmake_clean_first': False, 'cmake_force_configure': False, 'cmake_target': None, 'cmake_target_skip_unavailable': False, 'install_base': '/home/luca/AMR_project/task3/install/turtlebot3_gazebo', 'merge_install': False, 'path': '/home/luca/AMR_project/task3/src/turtlebot3_simulations/turtlebot3_gazebo', 'symlink_install': True, 'test_result_base': None}
[0.929s] Level 5:colcon.colcon_core.verb:set package 'turtlebot3_simulations' build argument 'cmake_args' from command line to 'None'
[0.929s] Level 5:colcon.colcon_core.verb:set package 'turtlebot3_simulations' build argument 'cmake_target' from command line to 'None'
[0.929s] Level 5:colcon.colcon_core.verb:set package 'turtlebot3_simulations' build argument 'cmake_target_skip_unavailable' from command line to 'False'
[0.929s] Level 5:colcon.colcon_core.verb:set package 'turtlebot3_simulations' build argument 'cmake_clean_cache' from command line to 'False'
[0.929s] Level 5:colcon.colcon_core.verb:set package 'turtlebot3_simulations' build argument 'cmake_clean_first' from command line to 'False'
[0.929s] Level 5:colcon.colcon_core.verb:set package 'turtlebot3_simulations' build argument 'cmake_force_configure' from command line to 'False'
[0.929s] Level 5:colcon.colcon_core.verb:set package 'turtlebot3_simulations' build argument 'ament_cmake_args' from command line to 'None'
[0.929s] Level 5:colcon.colcon_core.verb:set package 'turtlebot3_simulations' build argument 'catkin_cmake_args' from command line to 'None'
[0.929s] Level 5:colcon.colcon_core.verb:set package 'turtlebot3_simulations' build argument 'catkin_skip_building_tests' from command line to 'False'
[0.930s] DEBUG:colcon.colcon_core.verb:Building package 'turtlebot3_simulations' with the following arguments: {'ament_cmake_args': None, 'build_base': '/home/luca/AMR_project/task3/build/turtlebot3_simulations', 'catkin_cmake_args': None, 'catkin_skip_building_tests': False, 'cmake_args': None, 'cmake_clean_cache': False, 'cmake_clean_first': False, 'cmake_force_configure': False, 'cmake_target': None, 'cmake_target_skip_unavailable': False, 'install_base': '/home/luca/AMR_project/task3/install/turtlebot3_simulations', 'merge_install': False, 'path': '/home/luca/AMR_project/task3/src/turtlebot3_simulations/turtlebot3_simulations', 'symlink_install': True, 'test_result_base': None}
[0.931s] INFO:colcon.colcon_core.executor:Executing jobs using 'parallel' executor
[0.937s] DEBUG:colcon.colcon_parallel_executor.executor.parallel:run_until_complete
[0.937s] INFO:colcon.colcon_ros.task.ament_cmake.build:Building ROS package in '/home/luca/AMR_project/task3/src/turtlebot3_simulations/turtlebot3_gazebo' with build type 'ament_cmake'
[0.937s] INFO:colcon.colcon_cmake.task.cmake.build:Building CMake package in '/home/luca/AMR_project/task3/src/turtlebot3_simulations/turtlebot3_gazebo'
[0.948s] INFO:colcon.colcon_core.plugin_system:Skipping extension 'colcon_core.shell.bat': Not used on non-Windows systems
[0.949s] INFO:colcon.colcon_core.shell:Skip shell extension 'powershell' for command environment: Not usable outside of PowerShell
[0.949s] DEBUG:colcon.colcon_core.shell:Skip shell extension 'dsv' for command environment
[0.961s] INFO:colcon.colcon_ros.task.ament_python.build:Building ROS package in '/home/luca/AMR_project/task3/src/loc_and_nav' with build type 'ament_python'
[0.962s] Level 1:colcon.colcon_core.shell:create_environment_hook('loc_and_nav', 'ament_prefix_path')
[0.965s] INFO:colcon.colcon_core.shell:Creating environment hook '/home/luca/AMR_project/task3/install/loc_and_nav/share/loc_and_nav/hook/ament_prefix_path.ps1'
[0.972s] INFO:colcon.colcon_core.shell:Creating environment descriptor '/home/luca/AMR_project/task3/install/loc_and_nav/share/loc_and_nav/hook/ament_prefix_path.dsv'
[0.975s] INFO:colcon.colcon_core.shell:Creating environment hook '/home/luca/AMR_project/task3/install/loc_and_nav/share/loc_and_nav/hook/ament_prefix_path.sh'
[0.979s] INFO:colcon.colcon_core.shell:Skip shell extension 'powershell' for command environment: Not usable outside of PowerShell
[0.979s] DEBUG:colcon.colcon_core.shell:Skip shell extension 'dsv' for command environment
[1.008s] DEBUG:colcon.colcon_core.event_handler.log_command:Invoking command in '/home/luca/AMR_project/task3/build/turtlebot3_gazebo': CMAKE_PREFIX_PATH=${CMAKE_PREFIX_PATH}:/home/luca/AMR_project/task3/install/loc_and_nav:/opt/ros/galactic /usr/bin/cmake --build /home/luca/AMR_project/task3/build/turtlebot3_gazebo -- -j2 -l2
[1.499s] INFO:colcon.colcon_core.task.python.build:Building Python package in '/home/luca/AMR_project/task3/src/loc_and_nav'
[1.502s] INFO:colcon.colcon_core.shell:Skip shell extension 'powershell' for command environment: Not usable outside of PowerShell
[1.502s] DEBUG:colcon.colcon_core.shell:Skip shell extension 'dsv' for command environment
[1.515s] DEBUG:colcon.colcon_core.event_handler.log_command:Invoked command in '/home/luca/AMR_project/task3/build/turtlebot3_gazebo' returned '0': CMAKE_PREFIX_PATH=${CMAKE_PREFIX_PATH}:/home/luca/AMR_project/task3/install/loc_and_nav:/opt/ros/galactic /usr/bin/cmake --build /home/luca/AMR_project/task3/build/turtlebot3_gazebo -- -j2 -l2
[1.576s] DEBUG:colcon.colcon_core.event_handler.log_command:Invoking command in '/home/luca/AMR_project/task3/build/turtlebot3_gazebo': CMAKE_PREFIX_PATH=${CMAKE_PREFIX_PATH}:/home/luca/AMR_project/task3/install/loc_and_nav:/opt/ros/galactic /usr/bin/cmake --install /home/luca/AMR_project/task3/build/turtlebot3_gazebo
[1.691s] Level 1:colcon.colcon_core.environment:create_environment_scripts_only(turtlebot3_gazebo)
[1.693s] DEBUG:colcon.colcon_core.event_handler.log_command:Invoked command in '/home/luca/AMR_project/task3/build/turtlebot3_gazebo' returned '0': CMAKE_PREFIX_PATH=${CMAKE_PREFIX_PATH}:/home/luca/AMR_project/task3/install/loc_and_nav:/opt/ros/galactic /usr/bin/cmake --install /home/luca/AMR_project/task3/build/turtlebot3_gazebo
[1.711s] Level 1:colcon.colcon_core.environment:checking '/home/luca/AMR_project/task3/install/turtlebot3_gazebo' for CMake module files
[1.713s] Level 1:colcon.colcon_core.environment:checking '/home/luca/AMR_project/task3/install/turtlebot3_gazebo' for CMake config files
[1.714s] Level 1:colcon.colcon_core.shell:create_environment_hook('turtlebot3_gazebo', 'cmake_prefix_path')
[1.717s] INFO:colcon.colcon_core.shell:Creating environment hook '/home/luca/AMR_project/task3/install/turtlebot3_gazebo/share/turtlebot3_gazebo/hook/cmake_prefix_path.ps1'
[1.718s] INFO:colcon.colcon_core.shell:Creating environment descriptor '/home/luca/AMR_project/task3/install/turtlebot3_gazebo/share/turtlebot3_gazebo/hook/cmake_prefix_path.dsv'
[1.719s] INFO:colcon.colcon_core.shell:Creating environment hook '/home/luca/AMR_project/task3/install/turtlebot3_gazebo/share/turtlebot3_gazebo/hook/cmake_prefix_path.sh'
[1.721s] Level 1:colcon.colcon_core.environment:checking '/home/luca/AMR_project/task3/install/turtlebot3_gazebo/lib'
[1.722s] Level 1:colcon.colcon_core.environment:checking '/home/luca/AMR_project/task3/install/turtlebot3_gazebo/bin'
[1.722s] Level 1:colcon.colcon_core.environment:checking '/home/luca/AMR_project/task3/install/turtlebot3_gazebo/lib/pkgconfig/turtlebot3_gazebo.pc'
[1.722s] Level 1:colcon.colcon_core.environment:checking '/home/luca/AMR_project/task3/install/turtlebot3_gazebo/lib/python3.8/site-packages'
[1.723s] Level 1:colcon.colcon_core.environment:checking '/home/luca/AMR_project/task3/install/turtlebot3_gazebo/bin'
[1.727s] INFO:colcon.colcon_core.shell:Creating package script '/home/luca/AMR_project/task3/install/turtlebot3_gazebo/share/turtlebot3_gazebo/package.ps1'
[1.729s] INFO:colcon.colcon_core.shell:Creating package descriptor '/home/luca/AMR_project/task3/install/turtlebot3_gazebo/share/turtlebot3_gazebo/package.dsv'
[1.732s] INFO:colcon.colcon_core.shell:Creating package script '/home/luca/AMR_project/task3/install/turtlebot3_gazebo/share/turtlebot3_gazebo/package.sh'
[1.734s] INFO:colcon.colcon_core.shell:Creating package script '/home/luca/AMR_project/task3/install/turtlebot3_gazebo/share/turtlebot3_gazebo/package.bash'
[1.736s] INFO:colcon.colcon_core.shell:Creating package script '/home/luca/AMR_project/task3/install/turtlebot3_gazebo/share/turtlebot3_gazebo/package.zsh'
[1.739s] Level 1:colcon.colcon_core.environment:create_file_with_runtime_dependencies(/home/luca/AMR_project/task3/install/turtlebot3_gazebo/share/colcon-core/packages/turtlebot3_gazebo)
[1.825s] Level 1:colcon.colcon_core.environment:create_environment_scripts_only(turtlebot3_gazebo)
[1.832s] Level 1:colcon.colcon_core.environment:checking '/home/luca/AMR_project/task3/install/turtlebot3_gazebo' for CMake module files
[1.833s] Level 1:colcon.colcon_core.environment:checking '/home/luca/AMR_project/task3/install/turtlebot3_gazebo' for CMake config files
[1.834s] Level 1:colcon.colcon_core.shell:create_environment_hook('turtlebot3_gazebo', 'cmake_prefix_path')
[1.843s] INFO:colcon.colcon_core.shell:Creating environment hook '/home/luca/AMR_project/task3/install/turtlebot3_gazebo/share/turtlebot3_gazebo/hook/cmake_prefix_path.ps1'
[1.845s] INFO:colcon.colcon_core.shell:Creating environment descriptor '/home/luca/AMR_project/task3/install/turtlebot3_gazebo/share/turtlebot3_gazebo/hook/cmake_prefix_path.dsv'
[1.846s] INFO:colcon.colcon_core.shell:Creating environment hook '/home/luca/AMR_project/task3/install/turtlebot3_gazebo/share/turtlebot3_gazebo/hook/cmake_prefix_path.sh'
[1.848s] Level 1:colcon.colcon_core.environment:checking '/home/luca/AMR_project/task3/install/turtlebot3_gazebo/lib'
[1.848s] Level 1:colcon.colcon_core.environment:checking '/home/luca/AMR_project/task3/install/turtlebot3_gazebo/bin'
[1.848s] Level 1:colcon.colcon_core.environment:checking '/home/luca/AMR_project/task3/install/turtlebot3_gazebo/lib/pkgconfig/turtlebot3_gazebo.pc'
[1.849s] Level 1:colcon.colcon_core.environment:checking '/home/luca/AMR_project/task3/install/turtlebot3_gazebo/lib/python3.8/site-packages'
[1.849s] Level 1:colcon.colcon_core.environment:checking '/home/luca/AMR_project/task3/install/turtlebot3_gazebo/bin'
[1.854s] INFO:colcon.colcon_core.shell:Creating package script '/home/luca/AMR_project/task3/install/turtlebot3_gazebo/share/turtlebot3_gazebo/package.ps1'
[1.855s] INFO:colcon.colcon_core.shell:Creating package descriptor '/home/luca/AMR_project/task3/install/turtlebot3_gazebo/share/turtlebot3_gazebo/package.dsv'
[1.857s] INFO:colcon.colcon_core.shell:Creating package script '/home/luca/AMR_project/task3/install/turtlebot3_gazebo/share/turtlebot3_gazebo/package.sh'
[1.858s] INFO:colcon.colcon_core.shell:Creating package script '/home/luca/AMR_project/task3/install/turtlebot3_gazebo/share/turtlebot3_gazebo/package.bash'
[1.859s] INFO:colcon.colcon_core.shell:Creating package script '/home/luca/AMR_project/task3/install/turtlebot3_gazebo/share/turtlebot3_gazebo/package.zsh'
[1.860s] Level 1:colcon.colcon_core.environment:create_file_with_runtime_dependencies(/home/luca/AMR_project/task3/install/turtlebot3_gazebo/share/colcon-core/packages/turtlebot3_gazebo)
[1.861s] INFO:colcon.colcon_ros.task.ament_cmake.build:Building ROS package in '/home/luca/AMR_project/task3/src/turtlebot3_simulations/turtlebot3_simulations' with build type 'ament_cmake'
[1.861s] INFO:colcon.colcon_cmake.task.cmake.build:Building CMake package in '/home/luca/AMR_project/task3/src/turtlebot3_simulations/turtlebot3_simulations'
[1.865s] INFO:colcon.colcon_core.shell:Skip shell extension 'powershell' for command environment: Not usable outside of PowerShell
[1.865s] DEBUG:colcon.colcon_core.shell:Skip shell extension 'dsv' for command environment
[1.921s] DEBUG:colcon.colcon_core.event_handler.log_command:Invoking command in '/home/luca/AMR_project/task3/build/turtlebot3_simulations': CMAKE_PREFIX_PATH=/home/luca/AMR_project/task3/install/turtlebot3_gazebo:/home/luca/AMR_project/task3/install/turtlebot3_simulations:/home/luca/AMR_project/task3/install/loc_and_nav:/opt/ros/galactic /usr/bin/cmake --build /home/luca/AMR_project/task3/build/turtlebot3_simulations -- -j2 -l2
[2.040s] DEBUG:colcon.colcon_core.event_handler.log_command:Invoked command in '/home/luca/AMR_project/task3/build/turtlebot3_simulations' returned '0': CMAKE_PREFIX_PATH=/home/luca/AMR_project/task3/install/turtlebot3_gazebo:/home/luca/AMR_project/task3/install/turtlebot3_simulations:/home/luca/AMR_project/task3/install/loc_and_nav:/opt/ros/galactic /usr/bin/cmake --build /home/luca/AMR_project/task3/build/turtlebot3_simulations -- -j2 -l2
[2.093s] DEBUG:colcon.colcon_core.event_handler.log_command:Invoking command in '/home/luca/AMR_project/task3/build/turtlebot3_simulations': CMAKE_PREFIX_PATH=/home/luca/AMR_project/task3/install/turtlebot3_gazebo:/home/luca/AMR_project/task3/install/turtlebot3_simulations:/home/luca/AMR_project/task3/install/loc_and_nav:/opt/ros/galactic /usr/bin/cmake --install /home/luca/AMR_project/task3/build/turtlebot3_simulations
[2.135s] Level 1:colcon.colcon_core.environment:create_environment_scripts_only(turtlebot3_simulations)
[2.139s] Level 1:colcon.colcon_core.environment:checking '/home/luca/AMR_project/task3/install/turtlebot3_simulations' for CMake module files
[2.140s] DEBUG:colcon.colcon_core.event_handler.log_command:Invoked command in '/home/luca/AMR_project/task3/build/turtlebot3_simulations' returned '0': CMAKE_PREFIX_PATH=/home/luca/AMR_project/task3/install/turtlebot3_gazebo:/home/luca/AMR_project/task3/install/turtlebot3_simulations:/home/luca/AMR_project/task3/install/loc_and_nav:/opt/ros/galactic /usr/bin/cmake --install /home/luca/AMR_project/task3/build/turtlebot3_simulations
[2.141s] Level 1:colcon.colcon_core.environment:checking '/home/luca/AMR_project/task3/install/turtlebot3_simulations' for CMake config files
[2.141s] Level 1:colcon.colcon_core.shell:create_environment_hook('turtlebot3_simulations', 'cmake_prefix_path')
[2.144s] INFO:colcon.colcon_core.shell:Creating environment hook '/home/luca/AMR_project/task3/install/turtlebot3_simulations/share/turtlebot3_simulations/hook/cmake_prefix_path.ps1'
[2.145s] INFO:colcon.colcon_core.shell:Creating environment descriptor '/home/luca/AMR_project/task3/install/turtlebot3_simulations/share/turtlebot3_simulations/hook/cmake_prefix_path.dsv'
[2.146s] INFO:colcon.colcon_core.shell:Creating environment hook '/home/luca/AMR_project/task3/install/turtlebot3_simulations/share/turtlebot3_simulations/hook/cmake_prefix_path.sh'
[2.147s] Level 1:colcon.colcon_core.environment:checking '/home/luca/AMR_project/task3/install/turtlebot3_simulations/bin'
[2.147s] Level 1:colcon.colcon_core.environment:checking '/home/luca/AMR_project/task3/install/turtlebot3_simulations/lib/pkgconfig/turtlebot3_simulations.pc'
[2.148s] Level 1:colcon.colcon_core.environment:checking '/home/luca/AMR_project/task3/install/turtlebot3_simulations/lib/python3.8/site-packages'
[2.149s] Level 1:colcon.colcon_core.environment:checking '/home/luca/AMR_project/task3/install/turtlebot3_simulations/bin'
[2.151s] INFO:colcon.colcon_core.shell:Creating package script '/home/luca/AMR_project/task3/install/turtlebot3_simulations/share/turtlebot3_simulations/package.ps1'
[2.152s] INFO:colcon.colcon_core.shell:Creating package descriptor '/home/luca/AMR_project/task3/install/turtlebot3_simulations/share/turtlebot3_simulations/package.dsv'
[2.153s] INFO:colcon.colcon_core.shell:Creating package script '/home/luca/AMR_project/task3/install/turtlebot3_simulations/share/turtlebot3_simulations/package.sh'
[2.154s] INFO:colcon.colcon_core.shell:Creating package script '/home/luca/AMR_project/task3/install/turtlebot3_simulations/share/turtlebot3_simulations/package.bash'
[2.155s] INFO:colcon.colcon_core.shell:Creating package script '/home/luca/AMR_project/task3/install/turtlebot3_simulations/share/turtlebot3_simulations/package.zsh'
[2.155s] Level 1:colcon.colcon_core.environment:create_file_with_runtime_dependencies(/home/luca/AMR_project/task3/install/turtlebot3_simulations/share/colcon-core/packages/turtlebot3_simulations)
[2.211s] Level 1:colcon.colcon_core.environment:create_environment_scripts_only(turtlebot3_simulations)
[2.216s] Level 1:colcon.colcon_core.environment:checking '/home/luca/AMR_project/task3/install/turtlebot3_simulations' for CMake module files
[2.217s] Level 1:colcon.colcon_core.environment:checking '/home/luca/AMR_project/task3/install/turtlebot3_simulations' for CMake config files
[2.217s] Level 1:colcon.colcon_core.shell:create_environment_hook('turtlebot3_simulations', 'cmake_prefix_path')
[2.221s] INFO:colcon.colcon_core.shell:Creating environment hook '/home/luca/AMR_project/task3/install/turtlebot3_simulations/share/turtlebot3_simulations/hook/cmake_prefix_path.ps1'
[2.222s] INFO:colcon.colcon_core.shell:Creating environment descriptor '/home/luca/AMR_project/task3/install/turtlebot3_simulations/share/turtlebot3_simulations/hook/cmake_prefix_path.dsv'
[2.223s] INFO:colcon.colcon_core.shell:Creating environment hook '/home/luca/AMR_project/task3/install/turtlebot3_simulations/share/turtlebot3_simulations/hook/cmake_prefix_path.sh'
[2.224s] Level 1:colcon.colcon_core.environment:checking '/home/luca/AMR_project/task3/install/turtlebot3_simulations/bin'
[2.224s] Level 1:colcon.colcon_core.environment:checking '/home/luca/AMR_project/task3/install/turtlebot3_simulations/lib/pkgconfig/turtlebot3_simulations.pc'
[2.225s] Level 1:colcon.colcon_core.environment:checking '/home/luca/AMR_project/task3/install/turtlebot3_simulations/lib/python3.8/site-packages'
[2.225s] Level 1:colcon.colcon_core.environment:checking '/home/luca/AMR_project/task3/install/turtlebot3_simulations/bin'
[2.229s] INFO:colcon.colcon_core.shell:Creating package script '/home/luca/AMR_project/task3/install/turtlebot3_simulations/share/turtlebot3_simulations/package.ps1'
[2.230s] INFO:colcon.colcon_core.shell:Creating package descriptor '/home/luca/AMR_project/task3/install/turtlebot3_simulations/share/turtlebot3_simulations/package.dsv'
[2.231s] INFO:colcon.colcon_core.shell:Creating package script '/home/luca/AMR_project/task3/install/turtlebot3_simulations/share/turtlebot3_simulations/package.sh'
[2.232s] INFO:colcon.colcon_core.shell:Creating package script '/home/luca/AMR_project/task3/install/turtlebot3_simulations/share/turtlebot3_simulations/package.bash'
[2.233s] INFO:colcon.colcon_core.shell:Creating package script '/home/luca/AMR_project/task3/install/turtlebot3_simulations/share/turtlebot3_simulations/package.zsh'
[2.234s] Level 1:colcon.colcon_core.environment:create_file_with_runtime_dependencies(/home/luca/AMR_project/task3/install/turtlebot3_simulations/share/colcon-core/packages/turtlebot3_simulations)
[2.591s] DEBUG:colcon.colcon_core.event_handler.log_command:Invoking command in '/home/luca/AMR_project/task3/build/loc_and_nav': PYTHONPATH=/home/luca/AMR_project/task3/build/loc_and_nav/prefix_override:/home/luca/AMR_project/task3/install/loc_and_nav/lib/python3.8/site-packages:${PYTHONPATH} /usr/bin/python3 setup.py develop --editable --build-directory /home/luca/AMR_project/task3/build/loc_and_nav/build --no-deps install_data
[3.457s] Level 1:colcon.colcon_core.shell:create_environment_hook('loc_and_nav', 'pythonpath_develop')
[3.461s] INFO:colcon.colcon_core.shell:Creating environment hook '/home/luca/AMR_project/task3/build/loc_and_nav/share/loc_and_nav/hook/pythonpath_develop.ps1'
[3.461s] DEBUG:colcon.colcon_core.event_handler.log_command:Invoked command in '/home/luca/AMR_project/task3/build/loc_and_nav' returned '0': PYTHONPATH=/home/luca/AMR_project/task3/build/loc_and_nav/prefix_override:/home/luca/AMR_project/task3/install/loc_and_nav/lib/python3.8/site-packages:${PYTHONPATH} /usr/bin/python3 setup.py develop --editable --build-directory /home/luca/AMR_project/task3/build/loc_and_nav/build --no-deps install_data
[3.462s] INFO:colcon.colcon_core.shell:Creating environment descriptor '/home/luca/AMR_project/task3/build/loc_and_nav/share/loc_and_nav/hook/pythonpath_develop.dsv'
[3.462s] INFO:colcon.colcon_core.shell:Creating environment hook '/home/luca/AMR_project/task3/build/loc_and_nav/share/loc_and_nav/hook/pythonpath_develop.sh'
[3.468s] Level 1:colcon.colcon_core.environment:checking '/home/luca/AMR_project/task3/install/loc_and_nav' for CMake module files
[3.468s] Level 1:colcon.colcon_core.environment:checking '/home/luca/AMR_project/task3/install/loc_and_nav' for CMake config files
[3.469s] Level 1:colcon.colcon_core.environment:checking '/home/luca/AMR_project/task3/install/loc_and_nav/lib'
[3.469s] Level 1:colcon.colcon_core.environment:checking '/home/luca/AMR_project/task3/install/loc_and_nav/bin'
[3.469s] Level 1:colcon.colcon_core.environment:checking '/home/luca/AMR_project/task3/install/loc_and_nav/lib/pkgconfig/loc_and_nav.pc'
[3.470s] Level 1:colcon.colcon_core.environment:checking '/home/luca/AMR_project/task3/install/loc_and_nav/lib/python3.8/site-packages'
[3.470s] Level 1:colcon.colcon_core.shell:create_environment_hook('loc_and_nav', 'pythonpath')
[3.472s] INFO:colcon.colcon_core.shell:Creating environment hook '/home/luca/AMR_project/task3/install/loc_and_nav/share/loc_and_nav/hook/pythonpath.ps1'
[3.473s] INFO:colcon.colcon_core.shell:Creating environment descriptor '/home/luca/AMR_project/task3/install/loc_and_nav/share/loc_and_nav/hook/pythonpath.dsv'
[3.474s] INFO:colcon.colcon_core.shell:Creating environment hook '/home/luca/AMR_project/task3/install/loc_and_nav/share/loc_and_nav/hook/pythonpath.sh'
[3.475s] Level 1:colcon.colcon_core.environment:checking '/home/luca/AMR_project/task3/install/loc_and_nav/bin'
[3.475s] Level 1:colcon.colcon_core.environment:create_environment_scripts_only(loc_and_nav)
[3.478s] INFO:colcon.colcon_core.shell:Creating package script '/home/luca/AMR_project/task3/install/loc_and_nav/share/loc_and_nav/package.ps1'
[3.480s] INFO:colcon.colcon_core.shell:Creating package descriptor '/home/luca/AMR_project/task3/install/loc_and_nav/share/loc_and_nav/package.dsv'
[3.481s] INFO:colcon.colcon_core.shell:Creating package script '/home/luca/AMR_project/task3/install/loc_and_nav/share/loc_and_nav/package.sh'
[3.481s] INFO:colcon.colcon_core.shell:Creating package script '/home/luca/AMR_project/task3/install/loc_and_nav/share/loc_and_nav/package.bash'
[3.482s] INFO:colcon.colcon_core.shell:Creating package script '/home/luca/AMR_project/task3/install/loc_and_nav/share/loc_and_nav/package.zsh'
[3.482s] Level 1:colcon.colcon_core.environment:create_file_with_runtime_dependencies(/home/luca/AMR_project/task3/install/loc_and_nav/share/colcon-core/packages/loc_and_nav)
[3.484s] DEBUG:colcon.colcon_parallel_executor.executor.parallel:closing loop
[3.484s] DEBUG:colcon.colcon_parallel_executor.executor.parallel:loop closed
[3.484s] DEBUG:colcon.colcon_parallel_executor.executor.parallel:run_until_complete finished with '0'
[3.484s] DEBUG:colcon.colcon_core.event_reactor:joining thread
[3.500s] INFO:colcon.colcon_core.plugin_system:Skipping extension 'colcon_notification.desktop_notification.terminal_notifier': Not used on non-Darwin systems
[3.501s] INFO:colcon.colcon_core.plugin_system:Skipping extension 'colcon_notification.desktop_notification.win32': Not used on non-Windows systems
[3.501s] INFO:colcon.colcon_notification.desktop_notification:Sending desktop notification using 'notify2'
[3.523s] DEBUG:colcon.colcon_core.event_reactor:joined thread
[3.525s] INFO:colcon.colcon_core.shell:Creating prefix script '/home/luca/AMR_project/task3/install/local_setup.ps1'
[3.528s] INFO:colcon.colcon_core.shell:Creating prefix util module '/home/luca/AMR_project/task3/install/_local_setup_util_ps1.py'
[3.533s] INFO:colcon.colcon_core.shell:Creating prefix chain script '/home/luca/AMR_project/task3/install/setup.ps1'
[3.542s] INFO:colcon.colcon_core.shell:Creating prefix script '/home/luca/AMR_project/task3/install/local_setup.sh'
[3.543s] INFO:colcon.colcon_core.shell:Creating prefix util module '/home/luca/AMR_project/task3/install/_local_setup_util_sh.py'
[3.544s] INFO:colcon.colcon_core.shell:Creating prefix chain script '/home/luca/AMR_project/task3/install/setup.sh'
[3.547s] INFO:colcon.colcon_core.shell:Creating prefix script '/home/luca/AMR_project/task3/install/local_setup.bash'
[3.549s] INFO:colcon.colcon_core.shell:Creating prefix chain script '/home/luca/AMR_project/task3/install/setup.bash'
[3.554s] INFO:colcon.colcon_core.shell:Creating prefix script '/home/luca/AMR_project/task3/install/local_setup.zsh'
[3.556s] INFO:colcon.colcon_core.shell:Creating prefix chain script '/home/luca/AMR_project/task3/install/setup.zsh'
