/media/sf_DAS_Group12_project_updated/DAS_Group12_project_updated/task2/install/task2/lib/python3.8/site-packages/task2/goal_visualizer.py
/media/sf_DAS_Group12_project_updated/DAS_Group12_project_updated/task2/install/task2/lib/python3.8/site-packages/task2/obstacle_visualizer.py
/media/sf_DAS_Group12_project_updated/DAS_Group12_project_updated/task2/install/task2/lib/python3.8/site-packages/task2/the_agent_collision.py
/media/sf_DAS_Group12_project_updated/DAS_Group12_project_updated/task2/install/task2/lib/python3.8/site-packages/task2/the_agent_complete.py
/media/sf_DAS_Group12_project_updated/DAS_Group12_project_updated/task2/install/task2/lib/python3.8/site-packages/task2/the_agent_formation.py
/media/sf_DAS_Group12_project_updated/DAS_Group12_project_updated/task2/install/task2/lib/python3.8/site-packages/task2/the_agent_leader_follower.py
/media/sf_DAS_Group12_project_updated/DAS_Group12_project_updated/task2/install/task2/lib/python3.8/site-packages/task2/the_agent_obstacle_avoidance.py
/media/sf_DAS_Group12_project_updated/DAS_Group12_project_updated/task2/install/task2/lib/python3.8/site-packages/task2/visualizer.py
/media/sf_DAS_Group12_project_updated/DAS_Group12_project_updated/task2/install/task2/lib/python3.8/site-packages/task2/__init__.py
/media/sf_DAS_Group12_project_updated/DAS_Group12_project_updated/task2/install/task2/lib/python3.8/site-packages/task2/__pycache__/goal_visualizer.cpython-38.pyc
/media/sf_DAS_Group12_project_updated/DAS_Group12_project_updated/task2/install/task2/lib/python3.8/site-packages/task2/__pycache__/obstacle_visualizer.cpython-38.pyc
/media/sf_DAS_Group12_project_updated/DAS_Group12_project_updated/task2/install/task2/lib/python3.8/site-packages/task2/__pycache__/the_agent_collision.cpython-38.pyc
/media/sf_DAS_Group12_project_updated/DAS_Group12_project_updated/task2/install/task2/lib/python3.8/site-packages/task2/__pycache__/the_agent_complete.cpython-38.pyc
/media/sf_DAS_Group12_project_updated/DAS_Group12_project_updated/task2/install/task2/lib/python3.8/site-packages/task2/__pycache__/the_agent_formation.cpython-38.pyc
/media/sf_DAS_Group12_project_updated/DAS_Group12_project_updated/task2/install/task2/lib/python3.8/site-packages/task2/__pycache__/the_agent_leader_follower.cpython-38.pyc
/media/sf_DAS_Group12_project_updated/DAS_Group12_project_updated/task2/install/task2/lib/python3.8/site-packages/task2/__pycache__/the_agent_obstacle_avoidance.cpython-38.pyc
/media/sf_DAS_Group12_project_updated/DAS_Group12_project_updated/task2/install/task2/lib/python3.8/site-packages/task2/__pycache__/visualizer.cpython-38.pyc
/media/sf_DAS_Group12_project_updated/DAS_Group12_project_updated/task2/install/task2/lib/python3.8/site-packages/task2/__pycache__/__init__.cpython-38.pyc
/media/sf_DAS_Group12_project_updated/DAS_Group12_project_updated/task2/install/task2/share/ament_index/resource_index/packages/task2
/media/sf_DAS_Group12_project_updated/DAS_Group12_project_updated/task2/install/task2/share/task2/package.xml
/media/sf_DAS_Group12_project_updated/DAS_Group12_project_updated/task2/install/task2/share/task2/task2_formation.launch.py
/media/sf_DAS_Group12_project_updated/DAS_Group12_project_updated/task2/install/task2/share/task2/task2_leader_follower.launch.py
/media/sf_DAS_Group12_project_updated/DAS_Group12_project_updated/task2/install/task2/share/task2/task2_collision.launch.py
/media/sf_DAS_Group12_project_updated/DAS_Group12_project_updated/task2/install/task2/share/task2/task2_complete.launch.py
/media/sf_DAS_Group12_project_updated/DAS_Group12_project_updated/task2/install/task2/share/task2/task2_obstacle_avoidance.launch.py
/media/sf_DAS_Group12_project_updated/DAS_Group12_project_updated/task2/install/task2/share/task2/rviz_config.rviz
/media/sf_DAS_Group12_project_updated/DAS_Group12_project_updated/task2/install/task2/lib/python3.8/site-packages/task2-0.0.0-py3.8.egg-info/dependency_links.txt
/media/sf_DAS_Group12_project_updated/DAS_Group12_project_updated/task2/install/task2/lib/python3.8/site-packages/task2-0.0.0-py3.8.egg-info/entry_points.txt
/media/sf_DAS_Group12_project_updated/DAS_Group12_project_updated/task2/install/task2/lib/python3.8/site-packages/task2-0.0.0-py3.8.egg-info/PKG-INFO
/media/sf_DAS_Group12_project_updated/DAS_Group12_project_updated/task2/install/task2/lib/python3.8/site-packages/task2-0.0.0-py3.8.egg-info/requires.txt
/media/sf_DAS_Group12_project_updated/DAS_Group12_project_updated/task2/install/task2/lib/python3.8/site-packages/task2-0.0.0-py3.8.egg-info/SOURCES.txt
/media/sf_DAS_Group12_project_updated/DAS_Group12_project_updated/task2/install/task2/lib/python3.8/site-packages/task2-0.0.0-py3.8.egg-info/top_level.txt
/media/sf_DAS_Group12_project_updated/DAS_Group12_project_updated/task2/install/task2/lib/python3.8/site-packages/task2-0.0.0-py3.8.egg-info/zip-safe
/media/sf_DAS_Group12_project_updated/DAS_Group12_project_updated/task2/install/task2/lib/task2/goal_visualizer
/media/sf_DAS_Group12_project_updated/DAS_Group12_project_updated/task2/install/task2/lib/task2/obstacle_visualizer
/media/sf_DAS_Group12_project_updated/DAS_Group12_project_updated/task2/install/task2/lib/task2/the_agent_collision
/media/sf_DAS_Group12_project_updated/DAS_Group12_project_updated/task2/install/task2/lib/task2/the_agent_complete
/media/sf_DAS_Group12_project_updated/DAS_Group12_project_updated/task2/install/task2/lib/task2/the_agent_formation
/media/sf_DAS_Group12_project_updated/DAS_Group12_project_updated/task2/install/task2/lib/task2/the_agent_leader_follower
/media/sf_DAS_Group12_project_updated/DAS_Group12_project_updated/task2/install/task2/lib/task2/the_agent_obstacle_avoidance
/media/sf_DAS_Group12_project_updated/DAS_Group12_project_updated/task2/install/task2/lib/task2/visualizer
