[1.275s] Invoking command in '/home/luca/DAS_ros2_files/task2/build/task2': PYTHONPATH=/home/luca/DAS_ros2_files/task2/build/task2/prefix_override:/home/luca/DAS_ros2_files/task2/install/task2/lib/python3.8/site-packages:${PYTHONPATH} /usr/bin/python3 setup.py develop --editable --build-directory /home/luca/DAS_ros2_files/task2/build/task2/build --no-deps install_data
[1.689s] running develop
[1.947s] running egg_info
[1.948s] writing task2.egg-info/PKG-INFO
[1.948s] writing dependency_links to task2.egg-info/dependency_links.txt
[1.949s] writing entry points to task2.egg-info/entry_points.txt
[1.950s] writing requirements to task2.egg-info/requires.txt
[1.950s] writing top-level names to task2.egg-info/top_level.txt
[2.017s] reading manifest file 'task2.egg-info/SOURCES.txt'
[2.019s] writing manifest file 'task2.egg-info/SOURCES.txt'
[2.089s] running build_ext
[2.090s] Creating /home/luca/DAS_ros2_files/task2/install/task2/lib/python3.8/site-packages/task2.egg-link (link to .)
[2.092s] Installing goal_visualizer script to /home/luca/DAS_ros2_files/task2/install/task2/lib/task2
[2.092s] Installing line_visualizer script to /home/luca/DAS_ros2_files/task2/install/task2/lib/task2
[2.093s] Installing obstacle_visualizer script to /home/luca/DAS_ros2_files/task2/install/task2/lib/task2
[2.093s] Installing the_agent_collision script to /home/luca/DAS_ros2_files/task2/install/task2/lib/task2
[2.094s] Installing the_agent_complete script to /home/luca/DAS_ros2_files/task2/install/task2/lib/task2
[2.094s] Installing the_agent_formation script to /home/luca/DAS_ros2_files/task2/install/task2/lib/task2
[2.095s] Installing the_agent_leader_follower script to /home/luca/DAS_ros2_files/task2/install/task2/lib/task2
[2.095s] Installing the_agent_obstacle_avoidance script to /home/luca/DAS_ros2_files/task2/install/task2/lib/task2
[2.096s] Installing visualizer script to /home/luca/DAS_ros2_files/task2/install/task2/lib/task2
[2.096s] 
[2.096s] Installed /home/luca/DAS_ros2_files/task2/build/task2
[2.096s] running install_data
[2.143s] Invoked command in '/home/luca/DAS_ros2_files/task2/build/task2' returned '0': PYTHONPATH=/home/luca/DAS_ros2_files/task2/build/task2/prefix_override:/home/luca/DAS_ros2_files/task2/install/task2/lib/python3.8/site-packages:${PYTHONPATH} /usr/bin/python3 setup.py develop --editable --build-directory /home/luca/DAS_ros2_files/task2/build/task2/build --no-deps install_data
