[1.672s] Invoking command in '/home/luca/DAS_ros2_files/task2/build/task2': PYTHONPATH=/home/luca/DAS_ros2_files/task2/build/task2/prefix_override:/home/luca/DAS_ros2_files/task2/install/task2/lib/python3.8/site-packages:${PYTHONPATH} /usr/bin/python3 setup.py develop --editable --build-directory /home/luca/DAS_ros2_files/task2/build/task2/build --no-deps install_data
[2.238s] running develop
[2.606s] running egg_info
[2.607s] writing task2.egg-info/PKG-INFO
[2.611s] writing dependency_links to task2.egg-info/dependency_links.txt
[2.611s] writing entry points to task2.egg-info/entry_points.txt
[2.611s] writing requirements to task2.egg-info/requires.txt
[2.611s] writing top-level names to task2.egg-info/top_level.txt
[2.703s] reading manifest file 'task2.egg-info/SOURCES.txt'
[2.707s] writing manifest file 'task2.egg-info/SOURCES.txt'
[2.814s] running build_ext
[2.815s] Creating /home/luca/DAS_ros2_files/task2/install/task2/lib/python3.8/site-packages/task2.egg-link (link to .)
[2.818s] Installing goal_visualizer script to /home/luca/DAS_ros2_files/task2/install/task2/lib/task2
[2.824s] Installing line_visualizer script to /home/luca/DAS_ros2_files/task2/install/task2/lib/task2
[2.824s] Installing the_agent_collision script to /home/luca/DAS_ros2_files/task2/install/task2/lib/task2
[2.824s] Installing the_agent_complete script to /home/luca/DAS_ros2_files/task2/install/task2/lib/task2
[2.824s] Installing the_agent_formation script to /home/luca/DAS_ros2_files/task2/install/task2/lib/task2
[2.825s] Installing the_agent_leader_follower script to /home/luca/DAS_ros2_files/task2/install/task2/lib/task2
[2.825s] Installing visualizer script to /home/luca/DAS_ros2_files/task2/install/task2/lib/task2
[2.825s] 
[2.825s] Installed /home/luca/DAS_ros2_files/task2/build/task2
[2.826s] running install_data
[2.826s] copying launch/task2_complete.launch.py -> /home/luca/DAS_ros2_files/task2/install/task2/share/task2
[2.886s] Invoked command in '/home/luca/DAS_ros2_files/task2/build/task2' returned '0': PYTHONPATH=/home/luca/DAS_ros2_files/task2/build/task2/prefix_override:/home/luca/DAS_ros2_files/task2/install/task2/lib/python3.8/site-packages:${PYTHONPATH} /usr/bin/python3 setup.py develop --editable --build-directory /home/luca/DAS_ros2_files/task2/build/task2/build --no-deps install_data
