running develop
running egg_info
creating task2.egg-info
writing task2.egg-info/PKG-INFO
writing dependency_links to task2.egg-info/dependency_links.txt
writing entry points to task2.egg-info/entry_points.txt
writing requirements to task2.egg-info/requires.txt
writing top-level names to task2.egg-info/top_level.txt
writing manifest file 'task2.egg-info/SOURCES.txt'
reading manifest file 'task2.egg-info/SOURCES.txt'
writing manifest file 'task2.egg-info/SOURCES.txt'
running build_ext
Creating /home/luca/DAS_ros2_files/task2/install/task2/lib/python3.8/site-packages/site.py
Creating /home/luca/DAS_ros2_files/task2/install/task2/lib/python3.8/site-packages/task2.egg-link (link to .)
Installing line_visualizer script to /home/luca/DAS_ros2_files/task2/install/task2/lib/task2
Installing the_agent_collision script to /home/luca/DAS_ros2_files/task2/install/task2/lib/task2
Installing the_agent_formation script to /home/luca/DAS_ros2_files/task2/install/task2/lib/task2
Installing the_agent_leader_follower script to /home/luca/DAS_ros2_files/task2/install/task2/lib/task2
Installing visualizer script to /home/luca/DAS_ros2_files/task2/install/task2/lib/task2

Installed /home/luca/DAS_ros2_files/task2/build/task2
running install_data
creating /home/luca/DAS_ros2_files/task2/install/task2/share/ament_index
creating /home/luca/DAS_ros2_files/task2/install/task2/share/ament_index/resource_index
creating /home/luca/DAS_ros2_files/task2/install/task2/share/ament_index/resource_index/packages
copying resource/task2 -> /home/luca/DAS_ros2_files/task2/install/task2/share/ament_index/resource_index/packages
copying package.xml -> /home/luca/DAS_ros2_files/task2/install/task2/share/task2
copying launch/task2_formation.launch.py -> /home/luca/DAS_ros2_files/task2/install/task2/share/task2
copying launch/task2_leader_follower.launch.py -> /home/luca/DAS_ros2_files/task2/install/task2/share/task2
copying launch/task2_collision.launch.py -> /home/luca/DAS_ros2_files/task2/install/task2/share/task2
copying resource/rviz_config.rviz -> /home/luca/DAS_ros2_files/task2/install/task2/share/task2
