[1.089s] DEBUG:colcon:Command line arguments: ['/usr/bin/colcon', 'build', '--symlink-install']
[1.090s] DEBUG:colcon:Parsed command line arguments: Namespace(allow_overriding=[], ament_cmake_args=None, base_paths=['.'], build_base='build', catkin_cmake_args=None, catkin_skip_building_tests=False, cmake_args=None, cmake_clean_cache=False, cmake_clean_first=False, cmake_force_configure=False, cmake_target=None, cmake_target_skip_unavailable=False, continue_on_error=False, event_handlers=None, executor='parallel', ignore_user_meta=False, install_base='install', log_base=None, log_level=None, main=<bound method BuildVerb.main of <colcon_core.verb.build.BuildVerb object at 0x7fe512c37460>>, merge_install=False, metas=['./colcon.meta'], packages_above=None, packages_above_and_dependencies=None, packages_above_depth=None, packages_end=None, packages_ignore=None, packages_ignore_regex=None, packages_select=None, packages_select_build_failed=False, packages_select_by_dep=None, packages_select_regex=None, packages_select_test_failures=False, packages_skip=None, packages_skip_build_finished=False, packages_skip_by_dep=None, packages_skip_regex=None, packages_skip_test_passed=False, packages_skip_up_to=None, packages_start=None, packages_up_to=None, packages_up_to_regex=None, parallel_workers=2, paths=None, symlink_install=True, test_result_base=None, verb_extension=<colcon_core.verb.build.BuildVerb object at 0x7fe512c37460>, verb_name='build', verb_parser=<colcon_defaults.argument_parser.defaults.DefaultArgumentsDecorator object at 0x7fe512c379a0>)
[1.175s] Level 1:colcon.colcon_core.package_discovery:discover_packages(colcon_meta) check parameters
[1.175s] Level 1:colcon.colcon_core.package_discovery:discover_packages(recursive) check parameters
[1.175s] Level 1:colcon.colcon_core.package_discovery:discover_packages(ignore) check parameters
[1.175s] Level 1:colcon.colcon_core.package_discovery:discover_packages(path) check parameters
[1.175s] Level 1:colcon.colcon_core.package_discovery:discover_packages(colcon_meta) discover
[1.176s] Level 1:colcon.colcon_core.package_discovery:discover_packages(recursive) discover
[1.176s] INFO:colcon.colcon_core.package_discovery:Crawling recursively for packages in '/home/luca/DAS_ros2_files/task2'
[1.176s] Level 1:colcon.colcon_core.package_identification:_identify(.) by extensions ['ignore', 'ignore_ament_install']
[1.176s] Level 1:colcon.colcon_core.package_identification:_identify(.) by extension 'ignore'
[1.176s] Level 1:colcon.colcon_core.package_identification:_identify(.) by extension 'ignore_ament_install'
[1.177s] Level 1:colcon.colcon_core.package_identification:_identify(.) by extensions ['colcon_pkg']
[1.177s] Level 1:colcon.colcon_core.package_identification:_identify(.) by extension 'colcon_pkg'
[1.177s] Level 1:colcon.colcon_core.package_identification:_identify(.) by extensions ['colcon_meta']
[1.177s] Level 1:colcon.colcon_core.package_identification:_identify(.) by extension 'colcon_meta'
[1.177s] Level 1:colcon.colcon_core.package_identification:_identify(.) by extensions ['ros']
[1.177s] Level 1:colcon.colcon_core.package_identification:_identify(.) by extension 'ros'
[1.237s] Level 1:colcon.colcon_core.package_identification:_identify(.) by extensions ['cmake', 'python']
[1.237s] Level 1:colcon.colcon_core.package_identification:_identify(.) by extension 'cmake'
[1.238s] Level 1:colcon.colcon_core.package_identification:_identify(.) by extension 'python'
[1.238s] Level 1:colcon.colcon_core.package_identification:_identify(.) by extensions ['python_setup_py']
[1.238s] Level 1:colcon.colcon_core.package_identification:_identify(.) by extension 'python_setup_py'
[1.238s] Level 1:colcon.colcon_core.package_identification:_identify(build) by extensions ['ignore', 'ignore_ament_install']
[1.267s] Level 1:colcon.colcon_core.package_identification:_identify(build) by extension 'ignore'
[1.267s] Level 1:colcon.colcon_core.package_identification:_identify(build) ignored
[1.267s] Level 1:colcon.colcon_core.package_identification:_identify(install) by extensions ['ignore', 'ignore_ament_install']
[1.268s] Level 1:colcon.colcon_core.package_identification:_identify(install) by extension 'ignore'
[1.268s] Level 1:colcon.colcon_core.package_identification:_identify(install) ignored
[1.268s] Level 1:colcon.colcon_core.package_identification:_identify(log) by extensions ['ignore', 'ignore_ament_install']
[1.268s] Level 1:colcon.colcon_core.package_identification:_identify(log) by extension 'ignore'
[1.268s] Level 1:colcon.colcon_core.package_identification:_identify(log) ignored
[1.269s] Level 1:colcon.colcon_core.package_identification:_identify(src) by extensions ['ignore', 'ignore_ament_install']
[1.269s] Level 1:colcon.colcon_core.package_identification:_identify(src) by extension 'ignore'
[1.269s] Level 1:colcon.colcon_core.package_identification:_identify(src) by extension 'ignore_ament_install'
[1.269s] Level 1:colcon.colcon_core.package_identification:_identify(src) by extensions ['colcon_pkg']
[1.269s] Level 1:colcon.colcon_core.package_identification:_identify(src) by extension 'colcon_pkg'
[1.269s] Level 1:colcon.colcon_core.package_identification:_identify(src) by extensions ['colcon_meta']
[1.270s] Level 1:colcon.colcon_core.package_identification:_identify(src) by extension 'colcon_meta'
[1.270s] Level 1:colcon.colcon_core.package_identification:_identify(src) by extensions ['ros']
[1.270s] Level 1:colcon.colcon_core.package_identification:_identify(src) by extension 'ros'
[1.270s] Level 1:colcon.colcon_core.package_identification:_identify(src) by extensions ['cmake', 'python']
[1.270s] Level 1:colcon.colcon_core.package_identification:_identify(src) by extension 'cmake'
[1.270s] Level 1:colcon.colcon_core.package_identification:_identify(src) by extension 'python'
[1.270s] Level 1:colcon.colcon_core.package_identification:_identify(src) by extensions ['python_setup_py']
[1.271s] Level 1:colcon.colcon_core.package_identification:_identify(src) by extension 'python_setup_py'
[1.271s] Level 1:colcon.colcon_core.package_identification:_identify(src/task2) by extensions ['ignore', 'ignore_ament_install']
[1.271s] Level 1:colcon.colcon_core.package_identification:_identify(src/task2) by extension 'ignore'
[1.271s] Level 1:colcon.colcon_core.package_identification:_identify(src/task2) by extension 'ignore_ament_install'
[1.271s] Level 1:colcon.colcon_core.package_identification:_identify(src/task2) by extensions ['colcon_pkg']
[1.271s] Level 1:colcon.colcon_core.package_identification:_identify(src/task2) by extension 'colcon_pkg'
[1.272s] Level 1:colcon.colcon_core.package_identification:_identify(src/task2) by extensions ['colcon_meta']
[1.272s] Level 1:colcon.colcon_core.package_identification:_identify(src/task2) by extension 'colcon_meta'
[1.272s] Level 1:colcon.colcon_core.package_identification:_identify(src/task2) by extensions ['ros']
[1.272s] Level 1:colcon.colcon_core.package_identification:_identify(src/task2) by extension 'ros'
[1.279s] DEBUG:colcon.colcon_core.package_identification:Package 'src/task2' with type 'ros.ament_python' and name 'task2'
[1.279s] Level 1:colcon.colcon_core.package_discovery:discover_packages(recursive) using defaults
[1.280s] Level 1:colcon.colcon_core.package_discovery:discover_packages(ignore) discover
[1.280s] Level 1:colcon.colcon_core.package_discovery:discover_packages(ignore) using defaults
[1.280s] Level 1:colcon.colcon_core.package_discovery:discover_packages(path) discover
[1.280s] Level 1:colcon.colcon_core.package_discovery:discover_packages(path) using defaults
[1.353s] Level 1:colcon.colcon_core.package_discovery:discover_packages(prefix_path) check parameters
[1.353s] Level 1:colcon.colcon_core.package_discovery:discover_packages(prefix_path) discover
[1.363s] DEBUG:colcon.colcon_installed_package_information.package_discovery:Found 338 installed packages in /opt/ros/galactic
[1.372s] Level 1:colcon.colcon_core.package_discovery:discover_packages(prefix_path) using defaults
[1.653s] Level 5:colcon.colcon_core.verb:set package 'task2' build argument 'cmake_args' from command line to 'None'
[1.653s] Level 5:colcon.colcon_core.verb:set package 'task2' build argument 'cmake_target' from command line to 'None'
[1.653s] Level 5:colcon.colcon_core.verb:set package 'task2' build argument 'cmake_target_skip_unavailable' from command line to 'False'
[1.653s] Level 5:colcon.colcon_core.verb:set package 'task2' build argument 'cmake_clean_cache' from command line to 'False'
[1.653s] Level 5:colcon.colcon_core.verb:set package 'task2' build argument 'cmake_clean_first' from command line to 'False'
[1.653s] Level 5:colcon.colcon_core.verb:set package 'task2' build argument 'cmake_force_configure' from command line to 'False'
[1.653s] Level 5:colcon.colcon_core.verb:set package 'task2' build argument 'ament_cmake_args' from command line to 'None'
[1.654s] Level 5:colcon.colcon_core.verb:set package 'task2' build argument 'catkin_cmake_args' from command line to 'None'
[1.654s] Level 5:colcon.colcon_core.verb:set package 'task2' build argument 'catkin_skip_building_tests' from command line to 'False'
[1.654s] DEBUG:colcon.colcon_core.verb:Building package 'task2' with the following arguments: {'ament_cmake_args': None, 'build_base': '/home/luca/DAS_ros2_files/task2/build/task2', 'catkin_cmake_args': None, 'catkin_skip_building_tests': False, 'cmake_args': None, 'cmake_clean_cache': False, 'cmake_clean_first': False, 'cmake_force_configure': False, 'cmake_target': None, 'cmake_target_skip_unavailable': False, 'install_base': '/home/luca/DAS_ros2_files/task2/install/task2', 'merge_install': False, 'path': '/home/luca/DAS_ros2_files/task2/src/task2', 'symlink_install': True, 'test_result_base': None}
[1.656s] INFO:colcon.colcon_core.executor:Executing jobs using 'parallel' executor
[1.668s] DEBUG:colcon.colcon_parallel_executor.executor.parallel:run_until_complete
[1.669s] INFO:colcon.colcon_ros.task.ament_python.build:Building ROS package in '/home/luca/DAS_ros2_files/task2/src/task2' with build type 'ament_python'
[1.670s] Level 1:colcon.colcon_core.shell:create_environment_hook('task2', 'ament_prefix_path')
[1.686s] INFO:colcon.colcon_core.plugin_system:Skipping extension 'colcon_core.shell.bat': Not used on non-Windows systems
[1.689s] INFO:colcon.colcon_core.shell:Creating environment hook '/home/luca/DAS_ros2_files/task2/install/task2/share/task2/hook/ament_prefix_path.ps1'
[1.692s] INFO:colcon.colcon_core.shell:Creating environment descriptor '/home/luca/DAS_ros2_files/task2/install/task2/share/task2/hook/ament_prefix_path.dsv'
[1.694s] INFO:colcon.colcon_core.shell:Creating environment hook '/home/luca/DAS_ros2_files/task2/install/task2/share/task2/hook/ament_prefix_path.sh'
[1.703s] INFO:colcon.colcon_core.shell:Skip shell extension 'powershell' for command environment: Not usable outside of PowerShell
[1.704s] DEBUG:colcon.colcon_core.shell:Skip shell extension 'dsv' for command environment
[2.505s] INFO:colcon.colcon_core.task.python.build:Building Python package in '/home/luca/DAS_ros2_files/task2/src/task2'
[2.509s] INFO:colcon.colcon_core.shell:Skip shell extension 'powershell' for command environment: Not usable outside of PowerShell
[2.510s] DEBUG:colcon.colcon_core.shell:Skip shell extension 'dsv' for command environment
[3.602s] DEBUG:colcon.colcon_core.event_handler.log_command:Invoking command in '/home/luca/DAS_ros2_files/task2/build/task2': PYTHONPATH=/home/luca/DAS_ros2_files/task2/build/task2/prefix_override:/home/luca/DAS_ros2_files/task2/install/task2/lib/python3.8/site-packages:${PYTHONPATH} /usr/bin/python3 setup.py develop --editable --build-directory /home/luca/DAS_ros2_files/task2/build/task2/build --no-deps install_data
[4.959s] Level 1:colcon.colcon_core.shell:create_environment_hook('task2', 'pythonpath_develop')
[4.963s] INFO:colcon.colcon_core.shell:Creating environment hook '/home/luca/DAS_ros2_files/task2/build/task2/share/task2/hook/pythonpath_develop.ps1'
[4.964s] DEBUG:colcon.colcon_core.event_handler.log_command:Invoked command in '/home/luca/DAS_ros2_files/task2/build/task2' returned '0': PYTHONPATH=/home/luca/DAS_ros2_files/task2/build/task2/prefix_override:/home/luca/DAS_ros2_files/task2/install/task2/lib/python3.8/site-packages:${PYTHONPATH} /usr/bin/python3 setup.py develop --editable --build-directory /home/luca/DAS_ros2_files/task2/build/task2/build --no-deps install_data
[4.966s] INFO:colcon.colcon_core.shell:Creating environment descriptor '/home/luca/DAS_ros2_files/task2/build/task2/share/task2/hook/pythonpath_develop.dsv'
[4.967s] INFO:colcon.colcon_core.shell:Creating environment hook '/home/luca/DAS_ros2_files/task2/build/task2/share/task2/hook/pythonpath_develop.sh'
[4.978s] Level 1:colcon.colcon_core.environment:checking '/home/luca/DAS_ros2_files/task2/install/task2' for CMake module files
[4.979s] Level 1:colcon.colcon_core.environment:checking '/home/luca/DAS_ros2_files/task2/install/task2' for CMake config files
[4.981s] Level 1:colcon.colcon_core.environment:checking '/home/luca/DAS_ros2_files/task2/install/task2/lib'
[4.981s] Level 1:colcon.colcon_core.environment:checking '/home/luca/DAS_ros2_files/task2/install/task2/bin'
[4.982s] Level 1:colcon.colcon_core.environment:checking '/home/luca/DAS_ros2_files/task2/install/task2/lib/pkgconfig/task2.pc'
[4.983s] Level 1:colcon.colcon_core.environment:checking '/home/luca/DAS_ros2_files/task2/install/task2/lib/python3.8/site-packages'
[4.983s] Level 1:colcon.colcon_core.shell:create_environment_hook('task2', 'pythonpath')
[4.987s] INFO:colcon.colcon_core.shell:Creating environment hook '/home/luca/DAS_ros2_files/task2/install/task2/share/task2/hook/pythonpath.ps1'
[4.988s] INFO:colcon.colcon_core.shell:Creating environment descriptor '/home/luca/DAS_ros2_files/task2/install/task2/share/task2/hook/pythonpath.dsv'
[4.989s] INFO:colcon.colcon_core.shell:Creating environment hook '/home/luca/DAS_ros2_files/task2/install/task2/share/task2/hook/pythonpath.sh'
[4.990s] Level 1:colcon.colcon_core.environment:checking '/home/luca/DAS_ros2_files/task2/install/task2/bin'
[4.991s] Level 1:colcon.colcon_core.environment:create_environment_scripts_only(task2)
[4.995s] INFO:colcon.colcon_core.shell:Creating package script '/home/luca/DAS_ros2_files/task2/install/task2/share/task2/package.ps1'
[4.998s] INFO:colcon.colcon_core.shell:Creating package descriptor '/home/luca/DAS_ros2_files/task2/install/task2/share/task2/package.dsv'
[5.000s] INFO:colcon.colcon_core.shell:Creating package script '/home/luca/DAS_ros2_files/task2/install/task2/share/task2/package.sh'
[5.002s] INFO:colcon.colcon_core.shell:Creating package script '/home/luca/DAS_ros2_files/task2/install/task2/share/task2/package.bash'
[5.004s] INFO:colcon.colcon_core.shell:Creating package script '/home/luca/DAS_ros2_files/task2/install/task2/share/task2/package.zsh'
[5.006s] Level 1:colcon.colcon_core.environment:create_file_with_runtime_dependencies(/home/luca/DAS_ros2_files/task2/install/task2/share/colcon-core/packages/task2)
[5.007s] DEBUG:colcon.colcon_parallel_executor.executor.parallel:closing loop
[5.009s] DEBUG:colcon.colcon_parallel_executor.executor.parallel:loop closed
[5.009s] DEBUG:colcon.colcon_parallel_executor.executor.parallel:run_until_complete finished with '0'
[5.009s] DEBUG:colcon.colcon_core.event_reactor:joining thread
[5.021s] INFO:colcon.colcon_core.plugin_system:Skipping extension 'colcon_notification.desktop_notification.terminal_notifier': Not used on non-Darwin systems
[5.021s] INFO:colcon.colcon_core.plugin_system:Skipping extension 'colcon_notification.desktop_notification.win32': Not used on non-Windows systems
[5.021s] INFO:colcon.colcon_notification.desktop_notification:Sending desktop notification using 'notify2'
[5.038s] DEBUG:colcon.colcon_core.event_reactor:joined thread
[5.042s] INFO:colcon.colcon_core.shell:Creating prefix script '/home/luca/DAS_ros2_files/task2/install/local_setup.ps1'
[5.049s] INFO:colcon.colcon_core.shell:Creating prefix util module '/home/luca/DAS_ros2_files/task2/install/_local_setup_util_ps1.py'
[5.054s] INFO:colcon.colcon_core.shell:Creating prefix chain script '/home/luca/DAS_ros2_files/task2/install/setup.ps1'
[5.059s] INFO:colcon.colcon_core.shell:Creating prefix script '/home/luca/DAS_ros2_files/task2/install/local_setup.sh'
[5.062s] INFO:colcon.colcon_core.shell:Creating prefix util module '/home/luca/DAS_ros2_files/task2/install/_local_setup_util_sh.py'
[5.064s] INFO:colcon.colcon_core.shell:Creating prefix chain script '/home/luca/DAS_ros2_files/task2/install/setup.sh'
[5.068s] INFO:colcon.colcon_core.shell:Creating prefix script '/home/luca/DAS_ros2_files/task2/install/local_setup.bash'
[5.071s] INFO:colcon.colcon_core.shell:Creating prefix chain script '/home/luca/DAS_ros2_files/task2/install/setup.bash'
[5.077s] INFO:colcon.colcon_core.shell:Creating prefix script '/home/luca/DAS_ros2_files/task2/install/local_setup.zsh'
[5.079s] INFO:colcon.colcon_core.shell:Creating prefix chain script '/home/luca/DAS_ros2_files/task2/install/setup.zsh'
