[1.776s] Invoking command in '/home/luca/DAS_ros2_files/task2/build/task2': PYTHONPATH=/home/luca/DAS_ros2_files/task2/build/task2/prefix_override:/home/luca/DAS_ros2_files/task2/install/task2/lib/python3.8/site-packages:${PYTHONPATH} /usr/bin/python3 setup.py develop --editable --build-directory /home/luca/DAS_ros2_files/task2/build/task2/build --no-deps install_data
[2.375s] running develop
[2.732s] running egg_info
[2.735s] writing task2.egg-info/PKG-INFO
[2.735s] writing dependency_links to task2.egg-info/dependency_links.txt
[2.735s] writing entry points to task2.egg-info/entry_points.txt
[2.736s] writing requirements to task2.egg-info/requires.txt
[2.736s] writing top-level names to task2.egg-info/top_level.txt
[2.841s] reading manifest file 'task2.egg-info/SOURCES.txt'
[2.844s] writing manifest file 'task2.egg-info/SOURCES.txt'
[2.945s] running build_ext
[2.947s] Creating /home/luca/DAS_ros2_files/task2/install/task2/lib/python3.8/site-packages/task2.egg-link (link to .)
[2.949s] Installing goal_visualizer script to /home/luca/DAS_ros2_files/task2/install/task2/lib/task2
[2.950s] Installing line_visualizer script to /home/luca/DAS_ros2_files/task2/install/task2/lib/task2
[2.951s] Installing the_agent_collision script to /home/luca/DAS_ros2_files/task2/install/task2/lib/task2
[2.951s] Installing the_agent_complete script to /home/luca/DAS_ros2_files/task2/install/task2/lib/task2
[2.952s] Installing the_agent_formation script to /home/luca/DAS_ros2_files/task2/install/task2/lib/task2
[2.953s] Installing the_agent_leader_follower script to /home/luca/DAS_ros2_files/task2/install/task2/lib/task2
[2.962s] Installing visualizer script to /home/luca/DAS_ros2_files/task2/install/task2/lib/task2
[2.962s] 
[2.962s] Installed /home/luca/DAS_ros2_files/task2/build/task2
[2.962s] running install_data
[2.962s] copying launch/task2_collision.launch.py -> /home/luca/DAS_ros2_files/task2/install/task2/share/task2
[3.025s] Invoked command in '/home/luca/DAS_ros2_files/task2/build/task2' returned '0': PYTHONPATH=/home/luca/DAS_ros2_files/task2/build/task2/prefix_override:/home/luca/DAS_ros2_files/task2/install/task2/lib/python3.8/site-packages:${PYTHONPATH} /usr/bin/python3 setup.py develop --editable --build-directory /home/luca/DAS_ros2_files/task2/build/task2/build --no-deps install_data
