[0.545s] DEBUG:colcon:Command line arguments: ['/usr/bin/colcon', 'build']
[0.545s] DEBUG:colcon:Parsed command line arguments: Namespace(allow_overriding=[], ament_cmake_args=None, base_paths=['.'], build_base='build', catkin_cmake_args=None, catkin_skip_building_tests=False, cmake_args=None, cmake_clean_cache=False, cmake_clean_first=False, cmake_force_configure=False, cmake_target=None, cmake_target_skip_unavailable=False, continue_on_error=False, event_handlers=None, executor='parallel', ignore_user_meta=False, install_base='install', log_base=None, log_level=None, main=<bound method BuildVerb.main of <colcon_core.verb.build.BuildVerb object at 0x7fe1bbec9c40>>, merge_install=False, metas=['./colcon.meta'], packages_above=None, packages_above_and_dependencies=None, packages_above_depth=None, packages_end=None, packages_ignore=None, packages_ignore_regex=None, packages_select=None, packages_select_build_failed=False, packages_select_by_dep=None, packages_select_regex=None, packages_select_test_failures=False, packages_skip=None, packages_skip_build_finished=False, packages_skip_by_dep=None, packages_skip_regex=None, packages_skip_test_passed=False, packages_skip_up_to=None, packages_start=None, packages_up_to=None, packages_up_to_regex=None, parallel_workers=2, paths=None, symlink_install=False, test_result_base=None, verb_extension=<colcon_core.verb.build.BuildVerb object at 0x7fe1bbec9c40>, verb_name='build', verb_parser=<colcon_defaults.argument_parser.defaults.DefaultArgumentsDecorator object at 0x7fe1bbed31f0>)
[0.587s] Level 1:colcon.colcon_core.package_discovery:discover_packages(colcon_meta) check parameters
[0.587s] Level 1:colcon.colcon_core.package_discovery:discover_packages(recursive) check parameters
[0.587s] Level 1:colcon.colcon_core.package_discovery:discover_packages(ignore) check parameters
[0.587s] Level 1:colcon.colcon_core.package_discovery:discover_packages(path) check parameters
[0.587s] Level 1:colcon.colcon_core.package_discovery:discover_packages(colcon_meta) discover
[0.587s] Level 1:colcon.colcon_core.package_discovery:discover_packages(recursive) discover
[0.587s] INFO:colcon.colcon_core.package_discovery:Crawling recursively for packages in '/home/luca/AMR_project/task1'
[0.588s] Level 1:colcon.colcon_core.package_identification:_identify(.) by extensions ['ignore', 'ignore_ament_install']
[0.588s] Level 1:colcon.colcon_core.package_identification:_identify(.) by extension 'ignore'
[0.588s] Level 1:colcon.colcon_core.package_identification:_identify(.) by extension 'ignore_ament_install'
[0.588s] Level 1:colcon.colcon_core.package_identification:_identify(.) by extensions ['colcon_pkg']
[0.588s] Level 1:colcon.colcon_core.package_identification:_identify(.) by extension 'colcon_pkg'
[0.588s] Level 1:colcon.colcon_core.package_identification:_identify(.) by extensions ['colcon_meta']
[0.588s] Level 1:colcon.colcon_core.package_identification:_identify(.) by extension 'colcon_meta'
[0.588s] Level 1:colcon.colcon_core.package_identification:_identify(.) by extensions ['ros']
[0.588s] Level 1:colcon.colcon_core.package_identification:_identify(.) by extension 'ros'
[0.621s] Level 1:colcon.colcon_core.package_identification:_identify(.) by extensions ['cmake', 'python']
[0.621s] Level 1:colcon.colcon_core.package_identification:_identify(.) by extension 'cmake'
[0.621s] Level 1:colcon.colcon_core.package_identification:_identify(.) by extension 'python'
[0.622s] Level 1:colcon.colcon_core.package_identification:_identify(.) by extensions ['python_setup_py']
[0.622s] Level 1:colcon.colcon_core.package_identification:_identify(.) by extension 'python_setup_py'
[0.622s] Level 1:colcon.colcon_core.package_identification:_identify(build) by extensions ['ignore', 'ignore_ament_install']
[0.622s] Level 1:colcon.colcon_core.package_identification:_identify(build) by extension 'ignore'
[0.622s] Level 1:colcon.colcon_core.package_identification:_identify(build) ignored
[0.622s] Level 1:colcon.colcon_core.package_identification:_identify(install) by extensions ['ignore', 'ignore_ament_install']
[0.622s] Level 1:colcon.colcon_core.package_identification:_identify(install) by extension 'ignore'
[0.622s] Level 1:colcon.colcon_core.package_identification:_identify(install) ignored
[0.623s] Level 1:colcon.colcon_core.package_identification:_identify(log) by extensions ['ignore', 'ignore_ament_install']
[0.623s] Level 1:colcon.colcon_core.package_identification:_identify(log) by extension 'ignore'
[0.623s] Level 1:colcon.colcon_core.package_identification:_identify(log) ignored
[0.623s] Level 1:colcon.colcon_core.package_identification:_identify(src) by extensions ['ignore', 'ignore_ament_install']
[0.623s] Level 1:colcon.colcon_core.package_identification:_identify(src) by extension 'ignore'
[0.623s] Level 1:colcon.colcon_core.package_identification:_identify(src) by extension 'ignore_ament_install'
[0.623s] Level 1:colcon.colcon_core.package_identification:_identify(src) by extensions ['colcon_pkg']
[0.623s] Level 1:colcon.colcon_core.package_identification:_identify(src) by extension 'colcon_pkg'
[0.623s] Level 1:colcon.colcon_core.package_identification:_identify(src) by extensions ['colcon_meta']
[0.623s] Level 1:colcon.colcon_core.package_identification:_identify(src) by extension 'colcon_meta'
[0.624s] Level 1:colcon.colcon_core.package_identification:_identify(src) by extensions ['ros']
[0.624s] Level 1:colcon.colcon_core.package_identification:_identify(src) by extension 'ros'
[0.624s] Level 1:colcon.colcon_core.package_identification:_identify(src) by extensions ['cmake', 'python']
[0.625s] Level 1:colcon.colcon_core.package_identification:_identify(src) by extension 'cmake'
[0.625s] Level 1:colcon.colcon_core.package_identification:_identify(src) by extension 'python'
[0.626s] Level 1:colcon.colcon_core.package_identification:_identify(src) by extensions ['python_setup_py']
[0.626s] Level 1:colcon.colcon_core.package_identification:_identify(src) by extension 'python_setup_py'
[0.626s] Level 1:colcon.colcon_core.package_identification:_identify(src/turtlebot3_simulations) by extensions ['ignore', 'ignore_ament_install']
[0.626s] Level 1:colcon.colcon_core.package_identification:_identify(src/turtlebot3_simulations) by extension 'ignore'
[0.626s] Level 1:colcon.colcon_core.package_identification:_identify(src/turtlebot3_simulations) by extension 'ignore_ament_install'
[0.626s] Level 1:colcon.colcon_core.package_identification:_identify(src/turtlebot3_simulations) by extensions ['colcon_pkg']
[0.626s] Level 1:colcon.colcon_core.package_identification:_identify(src/turtlebot3_simulations) by extension 'colcon_pkg'
[0.626s] Level 1:colcon.colcon_core.package_identification:_identify(src/turtlebot3_simulations) by extensions ['colcon_meta']
[0.626s] Level 1:colcon.colcon_core.package_identification:_identify(src/turtlebot3_simulations) by extension 'colcon_meta'
[0.626s] Level 1:colcon.colcon_core.package_identification:_identify(src/turtlebot3_simulations) by extensions ['ros']
[0.626s] Level 1:colcon.colcon_core.package_identification:_identify(src/turtlebot3_simulations) by extension 'ros'
[0.627s] Level 1:colcon.colcon_core.package_identification:_identify(src/turtlebot3_simulations) by extensions ['cmake', 'python']
[0.627s] Level 1:colcon.colcon_core.package_identification:_identify(src/turtlebot3_simulations) by extension 'cmake'
[0.627s] Level 1:colcon.colcon_core.package_identification:_identify(src/turtlebot3_simulations) by extension 'python'
[0.627s] Level 1:colcon.colcon_core.package_identification:_identify(src/turtlebot3_simulations) by extensions ['python_setup_py']
[0.627s] Level 1:colcon.colcon_core.package_identification:_identify(src/turtlebot3_simulations) by extension 'python_setup_py'
[0.627s] Level 1:colcon.colcon_core.package_identification:_identify(src/turtlebot3_simulations/turtlebot3_gazebo) by extensions ['ignore', 'ignore_ament_install']
[0.627s] Level 1:colcon.colcon_core.package_identification:_identify(src/turtlebot3_simulations/turtlebot3_gazebo) by extension 'ignore'
[0.627s] Level 1:colcon.colcon_core.package_identification:_identify(src/turtlebot3_simulations/turtlebot3_gazebo) by extension 'ignore_ament_install'
[0.627s] Level 1:colcon.colcon_core.package_identification:_identify(src/turtlebot3_simulations/turtlebot3_gazebo) by extensions ['colcon_pkg']
[0.627s] Level 1:colcon.colcon_core.package_identification:_identify(src/turtlebot3_simulations/turtlebot3_gazebo) by extension 'colcon_pkg'
[0.627s] Level 1:colcon.colcon_core.package_identification:_identify(src/turtlebot3_simulations/turtlebot3_gazebo) by extensions ['colcon_meta']
[0.627s] Level 1:colcon.colcon_core.package_identification:_identify(src/turtlebot3_simulations/turtlebot3_gazebo) by extension 'colcon_meta'
[0.627s] Level 1:colcon.colcon_core.package_identification:_identify(src/turtlebot3_simulations/turtlebot3_gazebo) by extensions ['ros']
[0.628s] Level 1:colcon.colcon_core.package_identification:_identify(src/turtlebot3_simulations/turtlebot3_gazebo) by extension 'ros'
[0.633s] DEBUG:colcon.colcon_core.package_identification:Package 'src/turtlebot3_simulations/turtlebot3_gazebo' with type 'ros.ament_cmake' and name 'turtlebot3_gazebo'
[0.633s] Level 1:colcon.colcon_core.package_identification:_identify(src/turtlebot3_simulations/turtlebot3_simulations) by extensions ['ignore', 'ignore_ament_install']
[0.633s] Level 1:colcon.colcon_core.package_identification:_identify(src/turtlebot3_simulations/turtlebot3_simulations) by extension 'ignore'
[0.633s] Level 1:colcon.colcon_core.package_identification:_identify(src/turtlebot3_simulations/turtlebot3_simulations) by extension 'ignore_ament_install'
[0.633s] Level 1:colcon.colcon_core.package_identification:_identify(src/turtlebot3_simulations/turtlebot3_simulations) by extensions ['colcon_pkg']
[0.633s] Level 1:colcon.colcon_core.package_identification:_identify(src/turtlebot3_simulations/turtlebot3_simulations) by extension 'colcon_pkg'
[0.633s] Level 1:colcon.colcon_core.package_identification:_identify(src/turtlebot3_simulations/turtlebot3_simulations) by extensions ['colcon_meta']
[0.633s] Level 1:colcon.colcon_core.package_identification:_identify(src/turtlebot3_simulations/turtlebot3_simulations) by extension 'colcon_meta'
[0.633s] Level 1:colcon.colcon_core.package_identification:_identify(src/turtlebot3_simulations/turtlebot3_simulations) by extensions ['ros']
[0.633s] Level 1:colcon.colcon_core.package_identification:_identify(src/turtlebot3_simulations/turtlebot3_simulations) by extension 'ros'
[0.634s] DEBUG:colcon.colcon_core.package_identification:Package 'src/turtlebot3_simulations/turtlebot3_simulations' with type 'ros.ament_cmake' and name 'turtlebot3_simulations'
[0.635s] Level 1:colcon.colcon_core.package_discovery:discover_packages(recursive) using defaults
[0.635s] Level 1:colcon.colcon_core.package_discovery:discover_packages(ignore) discover
[0.635s] Level 1:colcon.colcon_core.package_discovery:discover_packages(ignore) using defaults
[0.635s] Level 1:colcon.colcon_core.package_discovery:discover_packages(path) discover
[0.635s] Level 1:colcon.colcon_core.package_discovery:discover_packages(path) using defaults
[0.668s] Level 1:colcon.colcon_core.package_discovery:discover_packages(prefix_path) check parameters
[0.668s] Level 1:colcon.colcon_core.package_discovery:discover_packages(prefix_path) discover
[0.671s] WARNING:colcon.colcon_ros.prefix_path.ament:The path '/home/luca/AMR_project/task1/install/turtlebot3_simulations' in the environment variable AMENT_PREFIX_PATH doesn't exist
[0.671s] WARNING:colcon.colcon_ros.prefix_path.ament:The path '/home/luca/AMR_project/task1/install/turtlebot3_gazebo' in the environment variable AMENT_PREFIX_PATH doesn't exist
[0.671s] WARNING:colcon.colcon_ros.prefix_path.catkin:The path '/home/luca/AMR_project/task1/install/turtlebot3_simulations' in the environment variable CMAKE_PREFIX_PATH doesn't exist
[0.671s] WARNING:colcon.colcon_ros.prefix_path.catkin:The path '/home/luca/AMR_project/task1/install/turtlebot3_gazebo' in the environment variable CMAKE_PREFIX_PATH doesn't exist
[0.673s] DEBUG:colcon.colcon_installed_package_information.package_discovery:Found 0 installed packages in /home/luca/AMR_project/task1/install
[0.677s] DEBUG:colcon.colcon_installed_package_information.package_discovery:Found 338 installed packages in /opt/ros/galactic
[0.681s] Level 1:colcon.colcon_core.package_discovery:discover_packages(prefix_path) using defaults
[0.836s] Level 5:colcon.colcon_core.verb:set package 'turtlebot3_gazebo' build argument 'cmake_args' from command line to 'None'
[0.836s] Level 5:colcon.colcon_core.verb:set package 'turtlebot3_gazebo' build argument 'cmake_target' from command line to 'None'
[0.836s] Level 5:colcon.colcon_core.verb:set package 'turtlebot3_gazebo' build argument 'cmake_target_skip_unavailable' from command line to 'False'
[0.836s] Level 5:colcon.colcon_core.verb:set package 'turtlebot3_gazebo' build argument 'cmake_clean_cache' from command line to 'False'
[0.836s] Level 5:colcon.colcon_core.verb:set package 'turtlebot3_gazebo' build argument 'cmake_clean_first' from command line to 'False'
[0.836s] Level 5:colcon.colcon_core.verb:set package 'turtlebot3_gazebo' build argument 'cmake_force_configure' from command line to 'False'
[0.836s] Level 5:colcon.colcon_core.verb:set package 'turtlebot3_gazebo' build argument 'ament_cmake_args' from command line to 'None'
[0.837s] Level 5:colcon.colcon_core.verb:set package 'turtlebot3_gazebo' build argument 'catkin_cmake_args' from command line to 'None'
[0.837s] Level 5:colcon.colcon_core.verb:set package 'turtlebot3_gazebo' build argument 'catkin_skip_building_tests' from command line to 'False'
[0.837s] DEBUG:colcon.colcon_core.verb:Building package 'turtlebot3_gazebo' with the following arguments: {'ament_cmake_args': None, 'build_base': '/home/luca/AMR_project/task1/build/turtlebot3_gazebo', 'catkin_cmake_args': None, 'catkin_skip_building_tests': False, 'cmake_args': None, 'cmake_clean_cache': False, 'cmake_clean_first': False, 'cmake_force_configure': False, 'cmake_target': None, 'cmake_target_skip_unavailable': False, 'install_base': '/home/luca/AMR_project/task1/install/turtlebot3_gazebo', 'merge_install': False, 'path': '/home/luca/AMR_project/task1/src/turtlebot3_simulations/turtlebot3_gazebo', 'symlink_install': False, 'test_result_base': None}
[0.839s] Level 5:colcon.colcon_core.verb:set package 'turtlebot3_simulations' build argument 'cmake_args' from command line to 'None'
[0.839s] Level 5:colcon.colcon_core.verb:set package 'turtlebot3_simulations' build argument 'cmake_target' from command line to 'None'
[0.839s] Level 5:colcon.colcon_core.verb:set package 'turtlebot3_simulations' build argument 'cmake_target_skip_unavailable' from command line to 'False'
[0.839s] Level 5:colcon.colcon_core.verb:set package 'turtlebot3_simulations' build argument 'cmake_clean_cache' from command line to 'False'
[0.839s] Level 5:colcon.colcon_core.verb:set package 'turtlebot3_simulations' build argument 'cmake_clean_first' from command line to 'False'
[0.839s] Level 5:colcon.colcon_core.verb:set package 'turtlebot3_simulations' build argument 'cmake_force_configure' from command line to 'False'
[0.839s] Level 5:colcon.colcon_core.verb:set package 'turtlebot3_simulations' build argument 'ament_cmake_args' from command line to 'None'
[0.839s] Level 5:colcon.colcon_core.verb:set package 'turtlebot3_simulations' build argument 'catkin_cmake_args' from command line to 'None'
[0.839s] Level 5:colcon.colcon_core.verb:set package 'turtlebot3_simulations' build argument 'catkin_skip_building_tests' from command line to 'False'
[0.839s] DEBUG:colcon.colcon_core.verb:Building package 'turtlebot3_simulations' with the following arguments: {'ament_cmake_args': None, 'build_base': '/home/luca/AMR_project/task1/build/turtlebot3_simulations', 'catkin_cmake_args': None, 'catkin_skip_building_tests': False, 'cmake_args': None, 'cmake_clean_cache': False, 'cmake_clean_first': False, 'cmake_force_configure': False, 'cmake_target': None, 'cmake_target_skip_unavailable': False, 'install_base': '/home/luca/AMR_project/task1/install/turtlebot3_simulations', 'merge_install': False, 'path': '/home/luca/AMR_project/task1/src/turtlebot3_simulations/turtlebot3_simulations', 'symlink_install': False, 'test_result_base': None}
[0.840s] INFO:colcon.colcon_core.executor:Executing jobs using 'parallel' executor
[0.846s] DEBUG:colcon.colcon_parallel_executor.executor.parallel:run_until_complete
[0.847s] INFO:colcon.colcon_ros.task.ament_cmake.build:Building ROS package in '/home/luca/AMR_project/task1/src/turtlebot3_simulations/turtlebot3_gazebo' with build type 'ament_cmake'
[0.847s] INFO:colcon.colcon_cmake.task.cmake.build:Building CMake package in '/home/luca/AMR_project/task1/src/turtlebot3_simulations/turtlebot3_gazebo'
[0.854s] INFO:colcon.colcon_core.plugin_system:Skipping extension 'colcon_core.shell.bat': Not used on non-Windows systems
[0.854s] INFO:colcon.colcon_core.shell:Skip shell extension 'powershell' for command environment: Not usable outside of PowerShell
[0.854s] DEBUG:colcon.colcon_core.shell:Skip shell extension 'dsv' for command environment
[0.875s] DEBUG:colcon.colcon_core.event_handler.log_command:Invoking command in '/home/luca/AMR_project/task1/build/turtlebot3_gazebo': CMAKE_PREFIX_PATH=${CMAKE_PREFIX_PATH}:/opt/ros/galactic /usr/bin/cmake /home/luca/AMR_project/task1/src/turtlebot3_simulations/turtlebot3_gazebo -DCMAKE_INSTALL_PREFIX=/home/luca/AMR_project/task1/install/turtlebot3_gazebo
[6.403s] DEBUG:colcon.colcon_core.event_handler.log_command:Invoked command in '/home/luca/AMR_project/task1/build/turtlebot3_gazebo' returned '0': CMAKE_PREFIX_PATH=${CMAKE_PREFIX_PATH}:/opt/ros/galactic /usr/bin/cmake /home/luca/AMR_project/task1/src/turtlebot3_simulations/turtlebot3_gazebo -DCMAKE_INSTALL_PREFIX=/home/luca/AMR_project/task1/install/turtlebot3_gazebo
[6.409s] DEBUG:colcon.colcon_core.event_handler.log_command:Invoking command in '/home/luca/AMR_project/task1/build/turtlebot3_gazebo': CMAKE_PREFIX_PATH=${CMAKE_PREFIX_PATH}:/opt/ros/galactic /usr/bin/cmake --build /home/luca/AMR_project/task1/build/turtlebot3_gazebo -- -j2 -l2
[45.407s] DEBUG:colcon.colcon_core.event_handler.log_command:Invoked command in '/home/luca/AMR_project/task1/build/turtlebot3_gazebo' returned '0': CMAKE_PREFIX_PATH=${CMAKE_PREFIX_PATH}:/opt/ros/galactic /usr/bin/cmake --build /home/luca/AMR_project/task1/build/turtlebot3_gazebo -- -j2 -l2
[45.473s] DEBUG:colcon.colcon_core.event_handler.log_command:Invoking command in '/home/luca/AMR_project/task1/build/turtlebot3_gazebo': CMAKE_PREFIX_PATH=${CMAKE_PREFIX_PATH}:/opt/ros/galactic /usr/bin/cmake --install /home/luca/AMR_project/task1/build/turtlebot3_gazebo
[45.616s] Level 1:colcon.colcon_core.environment:create_environment_scripts_only(turtlebot3_gazebo)
[45.620s] DEBUG:colcon.colcon_core.event_handler.log_command:Invoked command in '/home/luca/AMR_project/task1/build/turtlebot3_gazebo' returned '0': CMAKE_PREFIX_PATH=${CMAKE_PREFIX_PATH}:/opt/ros/galactic /usr/bin/cmake --install /home/luca/AMR_project/task1/build/turtlebot3_gazebo
[45.625s] Level 1:colcon.colcon_core.environment:checking '/home/luca/AMR_project/task1/install/turtlebot3_gazebo' for CMake module files
[45.626s] Level 1:colcon.colcon_core.environment:checking '/home/luca/AMR_project/task1/install/turtlebot3_gazebo' for CMake config files
[45.627s] Level 1:colcon.colcon_core.shell:create_environment_hook('turtlebot3_gazebo', 'cmake_prefix_path')
[45.630s] INFO:colcon.colcon_core.shell:Creating environment hook '/home/luca/AMR_project/task1/install/turtlebot3_gazebo/share/turtlebot3_gazebo/hook/cmake_prefix_path.ps1'
[45.631s] INFO:colcon.colcon_core.shell:Creating environment descriptor '/home/luca/AMR_project/task1/install/turtlebot3_gazebo/share/turtlebot3_gazebo/hook/cmake_prefix_path.dsv'
[45.631s] INFO:colcon.colcon_core.shell:Creating environment hook '/home/luca/AMR_project/task1/install/turtlebot3_gazebo/share/turtlebot3_gazebo/hook/cmake_prefix_path.sh'
[45.634s] Level 1:colcon.colcon_core.environment:checking '/home/luca/AMR_project/task1/install/turtlebot3_gazebo/lib'
[45.634s] Level 1:colcon.colcon_core.environment:checking '/home/luca/AMR_project/task1/install/turtlebot3_gazebo/bin'
[45.634s] Level 1:colcon.colcon_core.environment:checking '/home/luca/AMR_project/task1/install/turtlebot3_gazebo/lib/pkgconfig/turtlebot3_gazebo.pc'
[45.635s] Level 1:colcon.colcon_core.environment:checking '/home/luca/AMR_project/task1/install/turtlebot3_gazebo/lib/python3.8/site-packages'
[45.635s] Level 1:colcon.colcon_core.environment:checking '/home/luca/AMR_project/task1/install/turtlebot3_gazebo/bin'
[45.638s] INFO:colcon.colcon_core.shell:Creating package script '/home/luca/AMR_project/task1/install/turtlebot3_gazebo/share/turtlebot3_gazebo/package.ps1'
[45.642s] INFO:colcon.colcon_core.shell:Creating package descriptor '/home/luca/AMR_project/task1/install/turtlebot3_gazebo/share/turtlebot3_gazebo/package.dsv'
[45.642s] INFO:colcon.colcon_core.shell:Creating package script '/home/luca/AMR_project/task1/install/turtlebot3_gazebo/share/turtlebot3_gazebo/package.sh'
[45.644s] INFO:colcon.colcon_core.shell:Creating package script '/home/luca/AMR_project/task1/install/turtlebot3_gazebo/share/turtlebot3_gazebo/package.bash'
[45.645s] INFO:colcon.colcon_core.shell:Creating package script '/home/luca/AMR_project/task1/install/turtlebot3_gazebo/share/turtlebot3_gazebo/package.zsh'
[45.646s] Level 1:colcon.colcon_core.environment:create_file_with_runtime_dependencies(/home/luca/AMR_project/task1/install/turtlebot3_gazebo/share/colcon-core/packages/turtlebot3_gazebo)
[45.693s] Level 1:colcon.colcon_core.environment:create_environment_scripts_only(turtlebot3_gazebo)
[45.698s] Level 1:colcon.colcon_core.environment:checking '/home/luca/AMR_project/task1/install/turtlebot3_gazebo' for CMake module files
[45.699s] Level 1:colcon.colcon_core.environment:checking '/home/luca/AMR_project/task1/install/turtlebot3_gazebo' for CMake config files
[45.700s] Level 1:colcon.colcon_core.shell:create_environment_hook('turtlebot3_gazebo', 'cmake_prefix_path')
[45.702s] INFO:colcon.colcon_core.shell:Creating environment hook '/home/luca/AMR_project/task1/install/turtlebot3_gazebo/share/turtlebot3_gazebo/hook/cmake_prefix_path.ps1'
[45.703s] INFO:colcon.colcon_core.shell:Creating environment descriptor '/home/luca/AMR_project/task1/install/turtlebot3_gazebo/share/turtlebot3_gazebo/hook/cmake_prefix_path.dsv'
[45.703s] INFO:colcon.colcon_core.shell:Creating environment hook '/home/luca/AMR_project/task1/install/turtlebot3_gazebo/share/turtlebot3_gazebo/hook/cmake_prefix_path.sh'
[45.704s] Level 1:colcon.colcon_core.environment:checking '/home/luca/AMR_project/task1/install/turtlebot3_gazebo/lib'
[45.704s] Level 1:colcon.colcon_core.environment:checking '/home/luca/AMR_project/task1/install/turtlebot3_gazebo/bin'
[45.704s] Level 1:colcon.colcon_core.environment:checking '/home/luca/AMR_project/task1/install/turtlebot3_gazebo/lib/pkgconfig/turtlebot3_gazebo.pc'
[45.705s] Level 1:colcon.colcon_core.environment:checking '/home/luca/AMR_project/task1/install/turtlebot3_gazebo/lib/python3.8/site-packages'
[45.705s] Level 1:colcon.colcon_core.environment:checking '/home/luca/AMR_project/task1/install/turtlebot3_gazebo/bin'
[45.708s] INFO:colcon.colcon_core.shell:Creating package script '/home/luca/AMR_project/task1/install/turtlebot3_gazebo/share/turtlebot3_gazebo/package.ps1'
[45.709s] INFO:colcon.colcon_core.shell:Creating package descriptor '/home/luca/AMR_project/task1/install/turtlebot3_gazebo/share/turtlebot3_gazebo/package.dsv'
[45.710s] INFO:colcon.colcon_core.shell:Creating package script '/home/luca/AMR_project/task1/install/turtlebot3_gazebo/share/turtlebot3_gazebo/package.sh'
[45.712s] INFO:colcon.colcon_core.shell:Creating package script '/home/luca/AMR_project/task1/install/turtlebot3_gazebo/share/turtlebot3_gazebo/package.bash'
[45.712s] INFO:colcon.colcon_core.shell:Creating package script '/home/luca/AMR_project/task1/install/turtlebot3_gazebo/share/turtlebot3_gazebo/package.zsh'
[45.713s] Level 1:colcon.colcon_core.environment:create_file_with_runtime_dependencies(/home/luca/AMR_project/task1/install/turtlebot3_gazebo/share/colcon-core/packages/turtlebot3_gazebo)
[45.715s] INFO:colcon.colcon_ros.task.ament_cmake.build:Building ROS package in '/home/luca/AMR_project/task1/src/turtlebot3_simulations/turtlebot3_simulations' with build type 'ament_cmake'
[45.715s] INFO:colcon.colcon_cmake.task.cmake.build:Building CMake package in '/home/luca/AMR_project/task1/src/turtlebot3_simulations/turtlebot3_simulations'
[45.718s] INFO:colcon.colcon_core.shell:Skip shell extension 'powershell' for command environment: Not usable outside of PowerShell
[45.718s] DEBUG:colcon.colcon_core.shell:Skip shell extension 'dsv' for command environment
[45.738s] DEBUG:colcon.colcon_core.event_handler.log_command:Invoking command in '/home/luca/AMR_project/task1/build/turtlebot3_simulations': CMAKE_PREFIX_PATH=/home/luca/AMR_project/task1/install/turtlebot3_gazebo:/home/luca/AMR_project/task1/install/turtlebot3_simulations:/opt/ros/galactic /usr/bin/cmake /home/luca/AMR_project/task1/src/turtlebot3_simulations/turtlebot3_simulations -DCMAKE_INSTALL_PREFIX=/home/luca/AMR_project/task1/install/turtlebot3_simulations
[46.904s] DEBUG:colcon.colcon_core.event_handler.log_command:Invoked command in '/home/luca/AMR_project/task1/build/turtlebot3_simulations' returned '0': CMAKE_PREFIX_PATH=/home/luca/AMR_project/task1/install/turtlebot3_gazebo:/home/luca/AMR_project/task1/install/turtlebot3_simulations:/opt/ros/galactic /usr/bin/cmake /home/luca/AMR_project/task1/src/turtlebot3_simulations/turtlebot3_simulations -DCMAKE_INSTALL_PREFIX=/home/luca/AMR_project/task1/install/turtlebot3_simulations
[46.906s] DEBUG:colcon.colcon_core.event_handler.log_command:Invoking command in '/home/luca/AMR_project/task1/build/turtlebot3_simulations': CMAKE_PREFIX_PATH=/home/luca/AMR_project/task1/install/turtlebot3_gazebo:/home/luca/AMR_project/task1/install/turtlebot3_simulations:/opt/ros/galactic /usr/bin/cmake --build /home/luca/AMR_project/task1/build/turtlebot3_simulations -- -j2 -l2
[46.980s] DEBUG:colcon.colcon_core.event_handler.log_command:Invoked command in '/home/luca/AMR_project/task1/build/turtlebot3_simulations' returned '0': CMAKE_PREFIX_PATH=/home/luca/AMR_project/task1/install/turtlebot3_gazebo:/home/luca/AMR_project/task1/install/turtlebot3_simulations:/opt/ros/galactic /usr/bin/cmake --build /home/luca/AMR_project/task1/build/turtlebot3_simulations -- -j2 -l2
[47.025s] DEBUG:colcon.colcon_core.event_handler.log_command:Invoking command in '/home/luca/AMR_project/task1/build/turtlebot3_simulations': CMAKE_PREFIX_PATH=/home/luca/AMR_project/task1/install/turtlebot3_gazebo:/home/luca/AMR_project/task1/install/turtlebot3_simulations:/opt/ros/galactic /usr/bin/cmake --install /home/luca/AMR_project/task1/build/turtlebot3_simulations
[47.048s] Level 1:colcon.colcon_core.environment:create_environment_scripts_only(turtlebot3_simulations)
[47.053s] Level 1:colcon.colcon_core.environment:checking '/home/luca/AMR_project/task1/install/turtlebot3_simulations' for CMake module files
[47.054s] Level 1:colcon.colcon_core.environment:checking '/home/luca/AMR_project/task1/install/turtlebot3_simulations' for CMake config files
[47.055s] DEBUG:colcon.colcon_core.event_handler.log_command:Invoked command in '/home/luca/AMR_project/task1/build/turtlebot3_simulations' returned '0': CMAKE_PREFIX_PATH=/home/luca/AMR_project/task1/install/turtlebot3_gazebo:/home/luca/AMR_project/task1/install/turtlebot3_simulations:/opt/ros/galactic /usr/bin/cmake --install /home/luca/AMR_project/task1/build/turtlebot3_simulations
[47.055s] Level 1:colcon.colcon_core.shell:create_environment_hook('turtlebot3_simulations', 'cmake_prefix_path')
[47.062s] INFO:colcon.colcon_core.shell:Creating environment hook '/home/luca/AMR_project/task1/install/turtlebot3_simulations/share/turtlebot3_simulations/hook/cmake_prefix_path.ps1'
[47.064s] INFO:colcon.colcon_core.shell:Creating environment descriptor '/home/luca/AMR_project/task1/install/turtlebot3_simulations/share/turtlebot3_simulations/hook/cmake_prefix_path.dsv'
[47.064s] INFO:colcon.colcon_core.shell:Creating environment hook '/home/luca/AMR_project/task1/install/turtlebot3_simulations/share/turtlebot3_simulations/hook/cmake_prefix_path.sh'
[47.065s] Level 1:colcon.colcon_core.environment:checking '/home/luca/AMR_project/task1/install/turtlebot3_simulations/bin'
[47.065s] Level 1:colcon.colcon_core.environment:checking '/home/luca/AMR_project/task1/install/turtlebot3_simulations/lib/pkgconfig/turtlebot3_simulations.pc'
[47.066s] Level 1:colcon.colcon_core.environment:checking '/home/luca/AMR_project/task1/install/turtlebot3_simulations/lib/python3.8/site-packages'
[47.067s] Level 1:colcon.colcon_core.environment:checking '/home/luca/AMR_project/task1/install/turtlebot3_simulations/bin'
[47.070s] INFO:colcon.colcon_core.shell:Creating package script '/home/luca/AMR_project/task1/install/turtlebot3_simulations/share/turtlebot3_simulations/package.ps1'
[47.070s] INFO:colcon.colcon_core.shell:Creating package descriptor '/home/luca/AMR_project/task1/install/turtlebot3_simulations/share/turtlebot3_simulations/package.dsv'
[47.071s] INFO:colcon.colcon_core.shell:Creating package script '/home/luca/AMR_project/task1/install/turtlebot3_simulations/share/turtlebot3_simulations/package.sh'
[47.072s] INFO:colcon.colcon_core.shell:Creating package script '/home/luca/AMR_project/task1/install/turtlebot3_simulations/share/turtlebot3_simulations/package.bash'
[47.073s] INFO:colcon.colcon_core.shell:Creating package script '/home/luca/AMR_project/task1/install/turtlebot3_simulations/share/turtlebot3_simulations/package.zsh'
[47.073s] Level 1:colcon.colcon_core.environment:create_file_with_runtime_dependencies(/home/luca/AMR_project/task1/install/turtlebot3_simulations/share/colcon-core/packages/turtlebot3_simulations)
[47.114s] Level 1:colcon.colcon_core.environment:create_environment_scripts_only(turtlebot3_simulations)
[47.118s] Level 1:colcon.colcon_core.environment:checking '/home/luca/AMR_project/task1/install/turtlebot3_simulations' for CMake module files
[47.119s] Level 1:colcon.colcon_core.environment:checking '/home/luca/AMR_project/task1/install/turtlebot3_simulations' for CMake config files
[47.119s] Level 1:colcon.colcon_core.shell:create_environment_hook('turtlebot3_simulations', 'cmake_prefix_path')
[47.122s] INFO:colcon.colcon_core.shell:Creating environment hook '/home/luca/AMR_project/task1/install/turtlebot3_simulations/share/turtlebot3_simulations/hook/cmake_prefix_path.ps1'
[47.122s] INFO:colcon.colcon_core.shell:Creating environment descriptor '/home/luca/AMR_project/task1/install/turtlebot3_simulations/share/turtlebot3_simulations/hook/cmake_prefix_path.dsv'
[47.123s] INFO:colcon.colcon_core.shell:Creating environment hook '/home/luca/AMR_project/task1/install/turtlebot3_simulations/share/turtlebot3_simulations/hook/cmake_prefix_path.sh'
[47.124s] Level 1:colcon.colcon_core.environment:checking '/home/luca/AMR_project/task1/install/turtlebot3_simulations/bin'
[47.124s] Level 1:colcon.colcon_core.environment:checking '/home/luca/AMR_project/task1/install/turtlebot3_simulations/lib/pkgconfig/turtlebot3_simulations.pc'
[47.124s] Level 1:colcon.colcon_core.environment:checking '/home/luca/AMR_project/task1/install/turtlebot3_simulations/lib/python3.8/site-packages'
[47.125s] Level 1:colcon.colcon_core.environment:checking '/home/luca/AMR_project/task1/install/turtlebot3_simulations/bin'
[47.128s] INFO:colcon.colcon_core.shell:Creating package script '/home/luca/AMR_project/task1/install/turtlebot3_simulations/share/turtlebot3_simulations/package.ps1'
[47.130s] INFO:colcon.colcon_core.shell:Creating package descriptor '/home/luca/AMR_project/task1/install/turtlebot3_simulations/share/turtlebot3_simulations/package.dsv'
[47.131s] INFO:colcon.colcon_core.shell:Creating package script '/home/luca/AMR_project/task1/install/turtlebot3_simulations/share/turtlebot3_simulations/package.sh'
[47.132s] INFO:colcon.colcon_core.shell:Creating package script '/home/luca/AMR_project/task1/install/turtlebot3_simulations/share/turtlebot3_simulations/package.bash'
[47.132s] INFO:colcon.colcon_core.shell:Creating package script '/home/luca/AMR_project/task1/install/turtlebot3_simulations/share/turtlebot3_simulations/package.zsh'
[47.133s] Level 1:colcon.colcon_core.environment:create_file_with_runtime_dependencies(/home/luca/AMR_project/task1/install/turtlebot3_simulations/share/colcon-core/packages/turtlebot3_simulations)
[47.134s] DEBUG:colcon.colcon_parallel_executor.executor.parallel:closing loop
[47.135s] DEBUG:colcon.colcon_parallel_executor.executor.parallel:loop closed
[47.135s] DEBUG:colcon.colcon_parallel_executor.executor.parallel:run_until_complete finished with '0'
[47.135s] DEBUG:colcon.colcon_core.event_reactor:joining thread
[47.147s] INFO:colcon.colcon_core.plugin_system:Skipping extension 'colcon_notification.desktop_notification.terminal_notifier': Not used on non-Darwin systems
[47.147s] INFO:colcon.colcon_core.plugin_system:Skipping extension 'colcon_notification.desktop_notification.win32': Not used on non-Windows systems
[47.147s] INFO:colcon.colcon_notification.desktop_notification:Sending desktop notification using 'notify2'
[47.162s] DEBUG:colcon.colcon_core.event_reactor:joined thread
[47.166s] INFO:colcon.colcon_core.shell:Creating prefix script '/home/luca/AMR_project/task1/install/local_setup.ps1'
[47.170s] INFO:colcon.colcon_core.shell:Creating prefix util module '/home/luca/AMR_project/task1/install/_local_setup_util_ps1.py'
[47.175s] INFO:colcon.colcon_core.shell:Creating prefix chain script '/home/luca/AMR_project/task1/install/setup.ps1'
[47.178s] INFO:colcon.colcon_core.shell:Creating prefix script '/home/luca/AMR_project/task1/install/local_setup.sh'
[47.181s] INFO:colcon.colcon_core.shell:Creating prefix util module '/home/luca/AMR_project/task1/install/_local_setup_util_sh.py'
[47.182s] INFO:colcon.colcon_core.shell:Creating prefix chain script '/home/luca/AMR_project/task1/install/setup.sh'
[47.185s] INFO:colcon.colcon_core.shell:Creating prefix script '/home/luca/AMR_project/task1/install/local_setup.bash'
[47.186s] INFO:colcon.colcon_core.shell:Creating prefix chain script '/home/luca/AMR_project/task1/install/setup.bash'
[47.188s] INFO:colcon.colcon_core.shell:Creating prefix script '/home/luca/AMR_project/task1/install/local_setup.zsh'
[47.189s] INFO:colcon.colcon_core.shell:Creating prefix chain script '/home/luca/AMR_project/task1/install/setup.zsh'
